Using pre-set license
Built from '2021.2/staging' branch; Version is '2021.2.6f1 (8c4e826ba445) revision 9195138'; Using compiler version '192829333'; Build Type 'Release'
OS: 'Windows 10  (10.0.19042) 64bit Core' Language: 'en' Physical Memory: 16282 MB
BatchMode: 1, IsHumanControllingUs: 0, StartBugReporterOnCrash: 0, Is64bit: 1, IsPro: 0

COMMAND LINE ARGUMENTS:
C:\Program Files\Unity\Hub\Editor\2021.2.6f1\Editor\Unity.exe
-adb2
-batchMode
-noUpm
-name
AssetImportWorker10
-projectPath
C:/Users/grant/UnityProjects/3D Metroidvania
-logFile
Logs/AssetImportWorker10.log
-srvPort
51149
Successfully changed project path to: C:/Users/grant/UnityProjects/3D Metroidvania
C:/Users/grant/UnityProjects/3D Metroidvania
[UnityMemory] Configuration Parameters - Can be set up in boot.config
    "memorysetup-bucket-allocator-granularity=16"
    "memorysetup-bucket-allocator-bucket-count=8"
    "memorysetup-bucket-allocator-block-size=33554432"
    "memorysetup-bucket-allocator-block-count=8"
    "memorysetup-main-allocator-block-size=16777216"
    "memorysetup-thread-allocator-block-size=16777216"
    "memorysetup-gfx-main-allocator-block-size=16777216"
    "memorysetup-gfx-thread-allocator-block-size=16777216"
    "memorysetup-cache-allocator-block-size=4194304"
    "memorysetup-typetree-allocator-block-size=2097152"
    "memorysetup-profiler-bucket-allocator-granularity=16"
    "memorysetup-profiler-bucket-allocator-bucket-count=8"
    "memorysetup-profiler-bucket-allocator-block-size=33554432"
    "memorysetup-profiler-bucket-allocator-block-count=8"
    "memorysetup-profiler-allocator-block-size=16777216"
    "memorysetup-profiler-editor-allocator-block-size=1048576"
    "memorysetup-temp-allocator-size-main=16777216"
    "memorysetup-job-temp-allocator-block-size=2097152"
    "memorysetup-job-temp-allocator-block-size-background=1048576"
    "memorysetup-job-temp-allocator-reduction-small-platforms=262144"
    "memorysetup-temp-allocator-size-background-worker=32768"
    "memorysetup-temp-allocator-size-job-worker=262144"
    "memorysetup-temp-allocator-size-preload-manager=33554432"
    "memorysetup-temp-allocator-size-nav-mesh-worker=65536"
    "memorysetup-temp-allocator-size-audio-worker=65536"
    "memorysetup-temp-allocator-size-cloud-worker=32768"
    "memorysetup-temp-allocator-size-gi-baking-worker=262144"
    "memorysetup-temp-allocator-size-gfx=262144"
Refreshing native plugins compatible for Editor in 218.41 ms, found 2 plugins.
Preloading 0 native plugins for Editor in 0.00 ms.
Initialize engine version: 2021.2.6f1 (8c4e826ba445)
[Subsystems] Discovering subsystems at path C:/Program Files/Unity/Hub/Editor/2021.2.6f1/Editor/Data/Resources/UnitySubsystems
[Subsystems] Discovering subsystems at path C:/Users/grant/UnityProjects/3D Metroidvania/Assets
GfxDevice: creating device client; threaded=0; jobified=0
Direct3D:
    Version:  Direct3D 11.0 [level 11.1]
    Renderer: NVIDIA GeForce RTX 2070 with Max-Q Design (ID=0x1f10)
    Vendor:   NVIDIA
    VRAM:     8031 MB
    Driver:   30.0.14.7196
Initialize mono
Mono path[0] = 'C:/Program Files/Unity/Hub/Editor/2021.2.6f1/Editor/Data/Managed'
Mono path[1] = 'C:/Program Files/Unity/Hub/Editor/2021.2.6f1/Editor/Data/MonoBleedingEdge/lib/mono/unityjit-win32'
Mono config path = 'C:/Program Files/Unity/Hub/Editor/2021.2.6f1/Editor/Data/MonoBleedingEdge/etc'
Using monoOptions --debugger-agent=transport=dt_socket,embedding=1,server=y,suspend=n,address=127.0.0.1:56128
Begin MonoManager ReloadAssembly
Registering precompiled unity dll's ...
Register platform support module: C:/Program Files/Unity/Hub/Editor/2021.2.6f1/Editor/Data/PlaybackEngines/WindowsStandaloneSupport/UnityEditor.WindowsStandalone.Extensions.dll
Registered in 0.007134 seconds.
Native extension for WindowsStandalone target not found
Refreshing native plugins compatible for Editor in 221.09 ms, found 2 plugins.
Preloading 0 native plugins for Editor in 0.00 ms.
Mono: successfully reloaded assembly
- Completed reload, in  0.720 seconds
Domain Reload Profiling:
	ReloadAssembly (721ms)
		BeginReloadAssembly (68ms)
			ExecutionOrderSort (0ms)
			DisableScriptedObjects (0ms)
			BackupInstance (0ms)
			ReleaseScriptingObjects (0ms)
			CreateAndSetChildDomain (1ms)
		EndReloadAssembly (576ms)
			LoadAssemblies (66ms)
			RebuildTransferFunctionScriptingTraits (0ms)
			SetupTypeCache (90ms)
			ReleaseScriptCaches (0ms)
			RebuildScriptCaches (26ms)
			SetupLoadedEditorAssemblies (411ms)
				LogAssemblyErrors (0ms)
				InitializePlatformSupportModulesInManaged (15ms)
				SetLoadedEditorAssemblies (0ms)
				RefreshPlugins (221ms)
				BeforeProcessingInitializeOnLoad (1ms)
				ProcessInitializeOnLoadAttributes (132ms)
				ProcessInitializeOnLoadMethodAttributes (41ms)
				AfterProcessingInitializeOnLoad (0ms)
				EditorAssembliesLoaded (0ms)
			ExecutionOrderSort2 (0ms)
			AwakeInstancesAfterBackupRestoration (0ms)
Platform modules already initialized, skipping
Registering precompiled user dll's ...
Registered in 0.005913 seconds.
Begin MonoManager ReloadAssembly
Native extension for WindowsStandalone target not found
Refreshing native plugins compatible for Editor in 229.30 ms, found 2 plugins.
Preloading 0 native plugins for Editor in 0.00 ms.
Mono: successfully reloaded assembly
- Completed reload, in  5.938 seconds
Domain Reload Profiling:
	ReloadAssembly (5939ms)
		BeginReloadAssembly (108ms)
			ExecutionOrderSort (0ms)
			DisableScriptedObjects (5ms)
			BackupInstance (0ms)
			ReleaseScriptingObjects (0ms)
			CreateAndSetChildDomain (19ms)
		EndReloadAssembly (5678ms)
			LoadAssemblies (2926ms)
			RebuildTransferFunctionScriptingTraits (0ms)
			SetupTypeCache (221ms)
			ReleaseScriptCaches (1ms)
			RebuildScriptCaches (51ms)
			SetupLoadedEditorAssemblies (2428ms)
				LogAssemblyErrors (0ms)
				InitializePlatformSupportModulesInManaged (11ms)
				SetLoadedEditorAssemblies (0ms)
				RefreshPlugins (229ms)
				BeforeProcessingInitializeOnLoad (85ms)
				ProcessInitializeOnLoadAttributes (1304ms)
				ProcessInitializeOnLoadMethodAttributes (790ms)
				AfterProcessingInitializeOnLoad (8ms)
				EditorAssembliesLoaded (0ms)
			ExecutionOrderSort2 (0ms)
			AwakeInstancesAfterBackupRestoration (6ms)
Platform modules already initialized, skipping
========================================================================
Worker process is ready to serve import requests
Launched and connected shader compiler UnityShaderCompiler.exe after 0.08 seconds
Refreshing native plugins compatible for Editor in 2.13 ms, found 2 plugins.
Preloading 0 native plugins for Editor in 0.00 ms.
Unloading 3865 Unused Serialized files (Serialized files now loaded: 0)
Unloading 127 unused Assets / (0.8 MB). Loaded Objects now: 4334.
Memory consumption went from 277.5 MB to 276.8 MB.
Total: 5.415100 ms (FindLiveObjects: 0.311100 ms CreateObjectMapping: 0.218700 ms MarkObjects: 4.270100 ms  DeleteObjects: 0.614100 ms)

AssetImportParameters requested are different than current active one (requested -> active):
  custom:video-decoder-ogg-theora: a1e56fd34408186e4bbccfd4996cb3dc -> 
  custom:container-muxer-webm: aa71ff27fc2769a1b78a27578f13a17b -> 
  custom:container-demuxer-webm: 4f35f7cbe854078d1ac9338744f61a02 -> 
  custom:video-encoder-webm-vp8: eb34c28f22e8b96e1ab97ce403110664 -> 
  custom:audio-encoder-webm-vorbis: bf7c407c2cedff20999df2af8eb42d56 -> 
  custom:framework-win-MediaFoundation: 216162199b28c13a410421893ffa2e32 -> 
  custom:container-demuxer-ogg: 62fdf1f143b41e24485cea50d1cbac27 -> 
  custom:video-decoder-webm-vp8: 9c59270c3fd7afecdb556c50c9e8de78 -> 
  custom:audio-decoder-ogg-vorbis: bf7c407c2cedff20999df2af8eb42d56 -> 
========================================================================
Received Import Request.
  Time since last request: 1484255.937220 seconds.
  path: Assets/External/Everything Bundle/Ultimate SFX Bundle - HD Remaster/Sci FI Sounds Pro/Sci Fi Blaster/Sci Fi Blaster 2.wav
  artifactKey: Guid(e060816d7fa9e444c91240c224a47ba8) Importer(815301076,1909f56bfc062723c751e8b465ee728b)
Start importing Assets/External/Everything Bundle/Ultimate SFX Bundle - HD Remaster/Sci FI Sounds Pro/Sci Fi Blaster/Sci Fi Blaster 2.wav using Guid(e060816d7fa9e444c91240c224a47ba8) Importer(815301076,1909f56bfc062723c751e8b465ee728b)  -> (artifact id: 'e80c85846d85af4f98c02f7598072f0a') in 0.140160 seconds 
========================================================================
Received Import Request.
  Time since last request: 11.835652 seconds.
  path: Assets/External/Everything Bundle/Ultimate SFX Bundle - HD Remaster/Sci FI Sounds Pro/Armor On/Armor On 2.wav
  artifactKey: Guid(2f2e88b8a37f4f64aa1da8ba96d09c9a) Importer(815301076,1909f56bfc062723c751e8b465ee728b)
Start importing Assets/External/Everything Bundle/Ultimate SFX Bundle - HD Remaster/Sci FI Sounds Pro/Armor On/Armor On 2.wav using Guid(2f2e88b8a37f4f64aa1da8ba96d09c9a) Importer(815301076,1909f56bfc062723c751e8b465ee728b)  -> (artifact id: 'bc7ebf09105962bc8fc076402a0c133c') in 0.019129 seconds 
========================================================================
Received Import Request.
  Time since last request: 20.840288 seconds.
  path: Assets/External/Everything Bundle/Ultimate SFX Bundle - HD Remaster/Sci Fi Ambiances - HD Remake/Sci Fi Ambiences - Classic.wav
  artifactKey: Guid(0ef4c5c15fee5804abf5aa13e0dbade5) Importer(815301076,1909f56bfc062723c751e8b465ee728b)
Start importing Assets/External/Everything Bundle/Ultimate SFX Bundle - HD Remaster/Sci Fi Ambiances - HD Remake/Sci Fi Ambiences - Classic.wav using Guid(0ef4c5c15fee5804abf5aa13e0dbade5) Importer(815301076,1909f56bfc062723c751e8b465ee728b)  -> (artifact id: 'f255476a3bc16b1df5835d429972dd5d') in 0.014630 seconds 
========================================================================
Received Import Request.
  Time since last request: 0.000038 seconds.
  path: Assets/External/Everything Bundle/Ultimate SFX Bundle - HD Remaster/Sci Fi Ambiances - HD Remake/Sci Fi Ambiences - Hypnosis.wav
  artifactKey: Guid(013a96f3753e4db45b02712f79f85b03) Importer(815301076,1909f56bfc062723c751e8b465ee728b)
Start importing Assets/External/Everything Bundle/Ultimate SFX Bundle - HD Remaster/Sci Fi Ambiances - HD Remake/Sci Fi Ambiences - Hypnosis.wav using Guid(013a96f3753e4db45b02712f79f85b03) Importer(815301076,1909f56bfc062723c751e8b465ee728b)  -> (artifact id: '159fb2e256f385746e68e9060ff982e7') in 0.014981 seconds 
========================================================================
Received Import Request.
  Time since last request: 0.000037 seconds.
  path: Assets/External/Everything Bundle/Ultimate SFX Bundle - HD Remaster/Sci Fi Ambiances - HD Remake/Sci Fi Ambiences - Haunted Jungle.wav
  artifactKey: Guid(c0e4daf8ceb687c4f9dc84dff02b71ed) Importer(815301076,1909f56bfc062723c751e8b465ee728b)
Start importing Assets/External/Everything Bundle/Ultimate SFX Bundle - HD Remaster/Sci Fi Ambiances - HD Remake/Sci Fi Ambiences - Haunted Jungle.wav using Guid(c0e4daf8ceb687c4f9dc84dff02b71ed) Importer(815301076,1909f56bfc062723c751e8b465ee728b)  -> (artifact id: '484c3667696dffe30cb0556c881d111a') in 0.018572 seconds 
========================================================================
Received Import Request.
  Time since last request: 36.461156 seconds.
  path: Assets/External/Everything Bundle/Ultimate SFX Bundle - HD Remaster/Sci Fi Ambiances Vol2/Mysterious atmosphere/Mysterious atmosphere 2.wav
  artifactKey: Guid(b5e4b42c1c3cc7540a1507a787482650) Importer(815301076,1909f56bfc062723c751e8b465ee728b)
Start importing Assets/External/Everything Bundle/Ultimate SFX Bundle - HD Remaster/Sci Fi Ambiances Vol2/Mysterious atmosphere/Mysterious atmosphere 2.wav using Guid(b5e4b42c1c3cc7540a1507a787482650) Importer(815301076,1909f56bfc062723c751e8b465ee728b)  -> (artifact id: 'b449d2d587244b5a55883cd4df64db0f') in 0.020230 seconds 
Editor requested this worker to shutdown with reason: Scaling down because of idle timeout
AssetImportWorker is now disconnected from the server
Process exiting
Exiting without the bug reporter. Application will terminate with return code 0