Using pre-set license
Built from '2021.2/staging' branch; Version is '2021.2.6f1 (8c4e826ba445) revision 9195138'; Using compiler version '192829333'; Build Type 'Release'
OS: 'Windows 10  (10.0.19042) 64bit Core' Language: 'en' Physical Memory: 16282 MB
BatchMode: 1, IsHumanControllingUs: 0, StartBugReporterOnCrash: 0, Is64bit: 1, IsPro: 0

COMMAND LINE ARGUMENTS:
C:\Program Files\Unity\Hub\Editor\2021.2.6f1\Editor\Unity.exe
-adb2
-batchMode
-noUpm
-name
AssetImportWorker5
-projectPath
C:/Users/grant/UnityProjects/3D Metroidvania
-logFile
Logs/AssetImportWorker5.log
-srvPort
53031
Successfully changed project path to: C:/Users/grant/UnityProjects/3D Metroidvania
C:/Users/grant/UnityProjects/3D Metroidvania
[UnityMemory] Configuration Parameters - Can be set up in boot.config
    "memorysetup-bucket-allocator-granularity=16"
    "memorysetup-bucket-allocator-bucket-count=8"
    "memorysetup-bucket-allocator-block-size=33554432"
    "memorysetup-bucket-allocator-block-count=8"
    "memorysetup-main-allocator-block-size=16777216"
    "memorysetup-thread-allocator-block-size=16777216"
    "memorysetup-gfx-main-allocator-block-size=16777216"
    "memorysetup-gfx-thread-allocator-block-size=16777216"
    "memorysetup-cache-allocator-block-size=4194304"
    "memorysetup-typetree-allocator-block-size=2097152"
    "memorysetup-profiler-bucket-allocator-granularity=16"
    "memorysetup-profiler-bucket-allocator-bucket-count=8"
    "memorysetup-profiler-bucket-allocator-block-size=33554432"
    "memorysetup-profiler-bucket-allocator-block-count=8"
    "memorysetup-profiler-allocator-block-size=16777216"
    "memorysetup-profiler-editor-allocator-block-size=1048576"
    "memorysetup-temp-allocator-size-main=16777216"
    "memorysetup-job-temp-allocator-block-size=2097152"
    "memorysetup-job-temp-allocator-block-size-background=1048576"
    "memorysetup-job-temp-allocator-reduction-small-platforms=262144"
    "memorysetup-temp-allocator-size-background-worker=32768"
    "memorysetup-temp-allocator-size-job-worker=262144"
    "memorysetup-temp-allocator-size-preload-manager=33554432"
    "memorysetup-temp-allocator-size-nav-mesh-worker=65536"
    "memorysetup-temp-allocator-size-audio-worker=65536"
    "memorysetup-temp-allocator-size-cloud-worker=32768"
    "memorysetup-temp-allocator-size-gi-baking-worker=262144"
    "memorysetup-temp-allocator-size-gfx=262144"
Refreshing native plugins compatible for Editor in 80.82 ms, found 2 plugins.
Preloading 0 native plugins for Editor in 0.00 ms.
Initialize engine version: 2021.2.6f1 (8c4e826ba445)
[Subsystems] Discovering subsystems at path C:/Program Files/Unity/Hub/Editor/2021.2.6f1/Editor/Data/Resources/UnitySubsystems
[Subsystems] Discovering subsystems at path C:/Users/grant/UnityProjects/3D Metroidvania/Assets
GfxDevice: creating device client; threaded=0; jobified=0
Direct3D:
    Version:  Direct3D 11.0 [level 11.1]
    Renderer: NVIDIA GeForce RTX 2070 with Max-Q Design (ID=0x1f10)
    Vendor:   NVIDIA
    VRAM:     8031 MB
    Driver:   30.0.14.7196
Initialize mono
Mono path[0] = 'C:/Program Files/Unity/Hub/Editor/2021.2.6f1/Editor/Data/Managed'
Mono path[1] = 'C:/Program Files/Unity/Hub/Editor/2021.2.6f1/Editor/Data/MonoBleedingEdge/lib/mono/unityjit-win32'
Mono config path = 'C:/Program Files/Unity/Hub/Editor/2021.2.6f1/Editor/Data/MonoBleedingEdge/etc'
Using monoOptions --debugger-agent=transport=dt_socket,embedding=1,server=y,suspend=n,address=127.0.0.1:56768
Begin MonoManager ReloadAssembly
Registering precompiled unity dll's ...
Register platform support module: C:/Program Files/Unity/Hub/Editor/2021.2.6f1/Editor/Data/PlaybackEngines/WindowsStandaloneSupport/UnityEditor.WindowsStandalone.Extensions.dll
Registered in 0.007126 seconds.
Native extension for WindowsStandalone target not found
Refreshing native plugins compatible for Editor in 73.81 ms, found 2 plugins.
Preloading 0 native plugins for Editor in 0.00 ms.
Mono: successfully reloaded assembly
- Completed reload, in  0.583 seconds
Domain Reload Profiling:
	ReloadAssembly (583ms)
		BeginReloadAssembly (74ms)
			ExecutionOrderSort (0ms)
			DisableScriptedObjects (0ms)
			BackupInstance (0ms)
			ReleaseScriptingObjects (0ms)
			CreateAndSetChildDomain (1ms)
		EndReloadAssembly (431ms)
			LoadAssemblies (71ms)
			RebuildTransferFunctionScriptingTraits (0ms)
			SetupTypeCache (93ms)
			ReleaseScriptCaches (0ms)
			RebuildScriptCaches (27ms)
			SetupLoadedEditorAssemblies (261ms)
				LogAssemblyErrors (0ms)
				InitializePlatformSupportModulesInManaged (14ms)
				SetLoadedEditorAssemblies (0ms)
				RefreshPlugins (74ms)
				BeforeProcessingInitializeOnLoad (1ms)
				ProcessInitializeOnLoadAttributes (130ms)
				ProcessInitializeOnLoadMethodAttributes (41ms)
				AfterProcessingInitializeOnLoad (0ms)
				EditorAssembliesLoaded (0ms)
			ExecutionOrderSort2 (0ms)
			AwakeInstancesAfterBackupRestoration (0ms)
Platform modules already initialized, skipping
Registering precompiled user dll's ...
Registered in 0.006901 seconds.
Begin MonoManager ReloadAssembly
Native extension for WindowsStandalone target not found
Refreshing native plugins compatible for Editor in 76.54 ms, found 2 plugins.
Preloading 0 native plugins for Editor in 0.00 ms.
Mono: successfully reloaded assembly
- Completed reload, in  1.823 seconds
Domain Reload Profiling:
	ReloadAssembly (1824ms)
		BeginReloadAssembly (101ms)
			ExecutionOrderSort (0ms)
			DisableScriptedObjects (5ms)
			BackupInstance (0ms)
			ReleaseScriptingObjects (0ms)
			CreateAndSetChildDomain (18ms)
		EndReloadAssembly (1631ms)
			LoadAssemblies (72ms)
			RebuildTransferFunctionScriptingTraits (0ms)
			SetupTypeCache (207ms)
			ReleaseScriptCaches (1ms)
			RebuildScriptCaches (52ms)
			SetupLoadedEditorAssemblies (1257ms)
				LogAssemblyErrors (0ms)
				InitializePlatformSupportModulesInManaged (10ms)
				SetLoadedEditorAssemblies (0ms)
				RefreshPlugins (77ms)
				BeforeProcessingInitializeOnLoad (82ms)
				ProcessInitializeOnLoadAttributes (983ms)
				ProcessInitializeOnLoadMethodAttributes (95ms)
				AfterProcessingInitializeOnLoad (10ms)
				EditorAssembliesLoaded (0ms)
			ExecutionOrderSort2 (0ms)
			AwakeInstancesAfterBackupRestoration (8ms)
Platform modules already initialized, skipping
========================================================================
Worker process is ready to serve import requests
Launched and connected shader compiler UnityShaderCompiler.exe after 0.08 seconds
Refreshing native plugins compatible for Editor in 1.46 ms, found 2 plugins.
Preloading 0 native plugins for Editor in 0.00 ms.
Unloading 3852 Unused Serialized files (Serialized files now loaded: 0)
Unloading 127 unused Assets / (0.8 MB). Loaded Objects now: 4316.
Memory consumption went from 262.8 MB to 262.0 MB.
Total: 5.519500 ms (FindLiveObjects: 0.448900 ms CreateObjectMapping: 0.266400 ms MarkObjects: 4.148500 ms  DeleteObjects: 0.654700 ms)

AssetImportParameters requested are different than current active one (requested -> active):
  custom:video-decoder-ogg-theora: a1e56fd34408186e4bbccfd4996cb3dc -> 
  custom:container-muxer-webm: aa71ff27fc2769a1b78a27578f13a17b -> 
  custom:container-demuxer-webm: 4f35f7cbe854078d1ac9338744f61a02 -> 
  custom:video-encoder-webm-vp8: eb34c28f22e8b96e1ab97ce403110664 -> 
  custom:audio-encoder-webm-vorbis: bf7c407c2cedff20999df2af8eb42d56 -> 
  custom:framework-win-MediaFoundation: 216162199b28c13a410421893ffa2e32 -> 
  custom:container-demuxer-ogg: 62fdf1f143b41e24485cea50d1cbac27 -> 
  custom:video-decoder-webm-vp8: 9c59270c3fd7afecdb556c50c9e8de78 -> 
  custom:audio-decoder-ogg-vorbis: bf7c407c2cedff20999df2af8eb42d56 -> 
========================================================================
Received Prepare
Refreshing native plugins compatible for Editor in 3.68 ms, found 2 plugins.
Preloading 0 native plugins for Editor in 0.00 ms.
Unloading 23 Unused Serialized files (Serialized files now loaded: 0)
Unloading 23 unused Assets / (0.8 MB). Loaded Objects now: 4316.
Memory consumption went from 176.3 MB to 175.5 MB.
Total: 4.009500 ms (FindLiveObjects: 0.303200 ms CreateObjectMapping: 0.190200 ms MarkObjects: 3.188300 ms  DeleteObjects: 0.327200 ms)

AssetImportParameters requested are different than current active one (requested -> active):
  custom:video-decoder-ogg-theora: a1e56fd34408186e4bbccfd4996cb3dc -> 
  custom:container-muxer-webm: aa71ff27fc2769a1b78a27578f13a17b -> 
  custom:container-demuxer-webm: 4f35f7cbe854078d1ac9338744f61a02 -> 
  custom:video-encoder-webm-vp8: eb34c28f22e8b96e1ab97ce403110664 -> 
  custom:audio-encoder-webm-vorbis: bf7c407c2cedff20999df2af8eb42d56 -> 
  custom:framework-win-MediaFoundation: 216162199b28c13a410421893ffa2e32 -> 
  custom:container-demuxer-ogg: 62fdf1f143b41e24485cea50d1cbac27 -> 
  custom:video-decoder-webm-vp8: 9c59270c3fd7afecdb556c50c9e8de78 -> 
  custom:audio-decoder-ogg-vorbis: bf7c407c2cedff20999df2af8eb42d56 -> 
========================================================================
Received Import Request.
  Time since last request: 1114230.909815 seconds.
  path: Assets/Materials/Props/Floor_02_Decal.mat
  artifactKey: Guid(44933a59c8639a346b5fba4bd4a4c49b) Importer(815301076,1909f56bfc062723c751e8b465ee728b)
Start importing Assets/Materials/Props/Floor_02_Decal.mat using Guid(44933a59c8639a346b5fba4bd4a4c49b) Importer(815301076,1909f56bfc062723c751e8b465ee728b)  -> (artifact id: 'a281508f5d03c01903e2faaba5ee64c8') in 0.382425 seconds 
========================================================================
Received Import Request.
  Time since last request: 51.578994 seconds.
  path: Assets/Textures/Props/Controls_normal.png
  artifactKey: Guid(b73fa26149d2ac641af1015ba48b68ee) Importer(815301076,1909f56bfc062723c751e8b465ee728b)
Start importing Assets/Textures/Props/Controls_normal.png using Guid(b73fa26149d2ac641af1015ba48b68ee) Importer(815301076,1909f56bfc062723c751e8b465ee728b)  -> (artifact id: '4a7f58abb8300aae17efb2984e017529') in 0.070530 seconds 
========================================================================
Received Import Request.
  Time since last request: 0.000027 seconds.
  path: Assets/Textures/Props/Decals_mask_ao.png
  artifactKey: Guid(0aa448eec5788394fa982f95945e8a87) Importer(815301076,1909f56bfc062723c751e8b465ee728b)
Start importing Assets/Textures/Props/Decals_mask_ao.png using Guid(0aa448eec5788394fa982f95945e8a87) Importer(815301076,1909f56bfc062723c751e8b465ee728b)  -> (artifact id: 'cac50833937fc3c52d65c91c97174395') in 0.048695 seconds 
========================================================================
Received Import Request.
  Time since last request: 0.000023 seconds.
  path: Assets/Textures/Props/Decals_normal_decal.png
  artifactKey: Guid(5b5765aac11f3b9488a4b15313f54e5f) Importer(815301076,1909f56bfc062723c751e8b465ee728b)
Start importing Assets/Textures/Props/Decals_normal_decal.png using Guid(5b5765aac11f3b9488a4b15313f54e5f) Importer(815301076,1909f56bfc062723c751e8b465ee728b)  -> (artifact id: '936ff24a0fafca766275ecde533ee268') in 0.037285 seconds 
========================================================================
Received Import Request.
  Time since last request: 1.300859 seconds.
  path: Assets/Textures/UI/CornerBar.png
  artifactKey: Guid(84e391e135142f6449e4e53a22bb372a) Importer(815301076,1909f56bfc062723c751e8b465ee728b)
Start importing Assets/Textures/UI/CornerBar.png using Guid(84e391e135142f6449e4e53a22bb372a) Importer(815301076,1909f56bfc062723c751e8b465ee728b)  -> (artifact id: '4e938aa1041107651af00df0bf9316a9') in 0.029592 seconds 
========================================================================
Received Import Request.
  Time since last request: 0.000020 seconds.
  path: Assets/Textures/UI/ScanVisorHexagon.png
  artifactKey: Guid(1176d5cd37ef6154393de2de331bc8b5) Importer(815301076,1909f56bfc062723c751e8b465ee728b)
Start importing Assets/Textures/UI/ScanVisorHexagon.png using Guid(1176d5cd37ef6154393de2de331bc8b5) Importer(815301076,1909f56bfc062723c751e8b465ee728b)  -> (artifact id: '2007043600f3e7c1f4a1354a962b317d') in 0.051541 seconds 
========================================================================
Received Import Request.
  Time since last request: 0.000021 seconds.
  path: Assets/Textures/UI/VisorSelectCircle.png.png
  artifactKey: Guid(877614782ac18b547825ba6b2c40a7df) Importer(815301076,1909f56bfc062723c751e8b465ee728b)
Start importing Assets/Textures/UI/VisorSelectCircle.png.png using Guid(877614782ac18b547825ba6b2c40a7df) Importer(815301076,1909f56bfc062723c751e8b465ee728b)  -> (artifact id: 'c9e07352f8efaf2fbbd25519e45d1626') in 0.059667 seconds 
========================================================================
Received Import Request.
  Time since last request: 0.000029 seconds.
  path: Assets/Textures/UI/ProgressBar.png
  artifactKey: Guid(1fbda8d5506977546b912cef237521d0) Importer(815301076,1909f56bfc062723c751e8b465ee728b)
Start importing Assets/Textures/UI/ProgressBar.png using Guid(1fbda8d5506977546b912cef237521d0) Importer(815301076,1909f56bfc062723c751e8b465ee728b)  -> (artifact id: 'ff4e640ecad719b57185504e346e874b') in 0.027425 seconds 
========================================================================
Received Import Request.
  Time since last request: 6.031877 seconds.
  path: Assets/Textures/Metals/Foil_metallic.png
  artifactKey: Guid(55d0d5eaad25e8d42be35b05a0bbf307) Importer(815301076,1909f56bfc062723c751e8b465ee728b)
Start importing Assets/Textures/Metals/Foil_metallic.png using Guid(55d0d5eaad25e8d42be35b05a0bbf307) Importer(815301076,1909f56bfc062723c751e8b465ee728b)  -> (artifact id: 'ec87e66bcc1646888c87ac2055f480a2') in 0.026487 seconds 
========================================================================
Received Import Request.
  Time since last request: 0.000021 seconds.
  path: Assets/Textures/Metals/T_21_Specular.tga
  artifactKey: Guid(c979550daad02764d983ba90e592ad9d) Importer(815301076,1909f56bfc062723c751e8b465ee728b)
Start importing Assets/Textures/Metals/T_21_Specular.tga using Guid(c979550daad02764d983ba90e592ad9d) Importer(815301076,1909f56bfc062723c751e8b465ee728b)  -> (artifact id: 'c91b730e7114727547ee0a395089924d') in 0.023008 seconds 
========================================================================
Received Import Request.
  Time since last request: 0.000022 seconds.
  path: Assets/Textures/Metals/Mesh_Plane_mask_opacity_ao.png
  artifactKey: Guid(924555e2ef609bd4993c79d1ac3ade66) Importer(815301076,1909f56bfc062723c751e8b465ee728b)
Start importing Assets/Textures/Metals/Mesh_Plane_mask_opacity_ao.png using Guid(924555e2ef609bd4993c79d1ac3ade66) Importer(815301076,1909f56bfc062723c751e8b465ee728b)  -> (artifact id: '783752d807d1da6dd8256205e15fda48') in 0.018598 seconds 
========================================================================
Received Import Request.
  Time since last request: 0.000022 seconds.
  path: Assets/Textures/Metals/T_06_Specular.tga
  artifactKey: Guid(be9e7e8e339ba1e4799d2618611d7661) Importer(815301076,1909f56bfc062723c751e8b465ee728b)
Start importing Assets/Textures/Metals/T_06_Specular.tga using Guid(be9e7e8e339ba1e4799d2618611d7661) Importer(815301076,1909f56bfc062723c751e8b465ee728b)  -> (artifact id: '6b0c29e8f2335649e6b8d4147de12df0') in 0.020821 seconds 
========================================================================
Received Import Request.
  Time since last request: 0.000032 seconds.
  path: Assets/Textures/Metals/T_06_Diffuse.tga
  artifactKey: Guid(d94fc41018e782d4baf1afad1b9e60d7) Importer(815301076,1909f56bfc062723c751e8b465ee728b)
Start importing Assets/Textures/Metals/T_06_Diffuse.tga using Guid(d94fc41018e782d4baf1afad1b9e60d7) Importer(815301076,1909f56bfc062723c751e8b465ee728b)  -> (artifact id: '6fd3e21993c22d28e7e549601d9fe5be') in 0.021465 seconds 
========================================================================
Received Import Request.
  Time since last request: 0.000024 seconds.
  path: Assets/Textures/Metals/T_21_Normal.tga
  artifactKey: Guid(e467b527fd3204a4292b9afadb018f4a) Importer(815301076,1909f56bfc062723c751e8b465ee728b)
Start importing Assets/Textures/Metals/T_21_Normal.tga using Guid(e467b527fd3204a4292b9afadb018f4a) Importer(815301076,1909f56bfc062723c751e8b465ee728b)  -> (artifact id: 'ec2049d9131c9ef9671f9d041377691e') in 0.030618 seconds 
========================================================================
Received Import Request.
  Time since last request: 0.000026 seconds.
  path: Assets/Textures/Metals/T_25_Specular.tga
  artifactKey: Guid(bd234f8d2756b7848b2423a3f99231cd) Importer(815301076,1909f56bfc062723c751e8b465ee728b)
Start importing Assets/Textures/Metals/T_25_Specular.tga using Guid(bd234f8d2756b7848b2423a3f99231cd) Importer(815301076,1909f56bfc062723c751e8b465ee728b)  -> (artifact id: '283e14e1e0572f22e96b7fc20b01a7b1') in 0.022475 seconds 
========================================================================
Received Import Request.
  Time since last request: 0.000045 seconds.
  path: Assets/Textures/Metals/T_13_Diffuse.tga
  artifactKey: Guid(33dc51d475a7a4146b3b5d4c45273177) Importer(815301076,1909f56bfc062723c751e8b465ee728b)
Start importing Assets/Textures/Metals/T_13_Diffuse.tga using Guid(33dc51d475a7a4146b3b5d4c45273177) Importer(815301076,1909f56bfc062723c751e8b465ee728b)  -> (artifact id: 'a046f2310f26b48771adb8899b862f78') in 0.022801 seconds 
========================================================================
Received Import Request.
  Time since last request: 0.000033 seconds.
  path: Assets/Textures/Metals/T_21_Diffuse.tga
  artifactKey: Guid(65c44c9418dce2e4e966f8fb196d64db) Importer(815301076,1909f56bfc062723c751e8b465ee728b)
Start importing Assets/Textures/Metals/T_21_Diffuse.tga using Guid(65c44c9418dce2e4e966f8fb196d64db) Importer(815301076,1909f56bfc062723c751e8b465ee728b)  -> (artifact id: '74ffa144b1abc062ea97bbc74253782c') in 0.019446 seconds 
========================================================================
Received Import Request.
  Time since last request: 0.000039 seconds.
  path: Assets/Textures/Metals/T_13_Normal.tga
  artifactKey: Guid(85f9003fe1dd73a42a65527724405180) Importer(815301076,1909f56bfc062723c751e8b465ee728b)
Start importing Assets/Textures/Metals/T_13_Normal.tga using Guid(85f9003fe1dd73a42a65527724405180) Importer(815301076,1909f56bfc062723c751e8b465ee728b)  -> (artifact id: '56eed8d8fd4a1b0175a0c26971461dc1') in 0.020895 seconds 
========================================================================
Received Import Request.
  Time since last request: 14.190219 seconds.
  path: Assets/Textures/Effects/forcefield01.png
  artifactKey: Guid(69c387aac20fa344abf0e82f41520884) Importer(815301076,1909f56bfc062723c751e8b465ee728b)
Start importing Assets/Textures/Effects/forcefield01.png using Guid(69c387aac20fa344abf0e82f41520884) Importer(815301076,1909f56bfc062723c751e8b465ee728b)  -> (artifact id: 'f977d1d93dcbf4a88468a232a31e7002') in 0.027465 seconds 
========================================================================
Received Import Request.
  Time since last request: 0.000022 seconds.
  path: Assets/Textures/Effects/powerup_gradient2.png
  artifactKey: Guid(f23b4bb26715ad34d89ac3fd350f473c) Importer(815301076,1909f56bfc062723c751e8b465ee728b)
Start importing Assets/Textures/Effects/powerup_gradient2.png using Guid(f23b4bb26715ad34d89ac3fd350f473c) Importer(815301076,1909f56bfc062723c751e8b465ee728b)  -> (artifact id: 'd95ee51539d47f5e84a85880fbde7f81') in 0.017573 seconds 
========================================================================
Received Import Request.
  Time since last request: 0.000025 seconds.
  path: Assets/Textures/Effects/hexagon_gradient2.png
  artifactKey: Guid(a6544ece6ed0fb64e95e11e7b8d0f85e) Importer(815301076,1909f56bfc062723c751e8b465ee728b)
Start importing Assets/Textures/Effects/hexagon_gradient2.png using Guid(a6544ece6ed0fb64e95e11e7b8d0f85e) Importer(815301076,1909f56bfc062723c751e8b465ee728b)  -> (artifact id: 'f24749ec75f1ac9857d77a1200f05f34') in 0.018310 seconds 
========================================================================
Received Import Request.
  Time since last request: 1.531939 seconds.
  path: Assets/Textures/metaltiled.png
  artifactKey: Guid(c9e0f05c6902f1a498a837d75f631086) Importer(815301076,1909f56bfc062723c751e8b465ee728b)
Start importing Assets/Textures/metaltiled.png using Guid(c9e0f05c6902f1a498a837d75f631086) Importer(815301076,1909f56bfc062723c751e8b465ee728b)  -> (artifact id: '45ef8e6ed0383fce524e66e7c13d3f7e') in 0.017229 seconds 
========================================================================
Received Prepare
Refreshing native plugins compatible for Editor in 5.78 ms, found 2 plugins.
Preloading 0 native plugins for Editor in 0.00 ms.
Unloading 22 Unused Serialized files (Serialized files now loaded: 0)
Unloading 23 unused Assets / (0.7 MB). Loaded Objects now: 4473.
Memory consumption went from 182.7 MB to 181.9 MB.
Total: 6.783800 ms (FindLiveObjects: 0.426300 ms CreateObjectMapping: 0.319700 ms MarkObjects: 5.393500 ms  DeleteObjects: 0.643000 ms)

AssetImportParameters requested are different than current active one (requested -> active):
  custom:video-decoder-ogg-theora: a1e56fd34408186e4bbccfd4996cb3dc -> 
  custom:container-muxer-webm: aa71ff27fc2769a1b78a27578f13a17b -> 
  custom:container-demuxer-webm: 4f35f7cbe854078d1ac9338744f61a02 -> 
  custom:video-encoder-webm-vp8: eb34c28f22e8b96e1ab97ce403110664 -> 
  custom:audio-encoder-webm-vorbis: bf7c407c2cedff20999df2af8eb42d56 -> 
  custom:framework-win-MediaFoundation: 216162199b28c13a410421893ffa2e32 -> 
  custom:container-demuxer-ogg: 62fdf1f143b41e24485cea50d1cbac27 -> 
  custom:video-decoder-webm-vp8: 9c59270c3fd7afecdb556c50c9e8de78 -> 
  custom:audio-decoder-ogg-vorbis: bf7c407c2cedff20999df2af8eb42d56 -> 
Editor requested this worker to shutdown with reason: Scaling down because of idle timeout
AssetImportWorker is now disconnected from the server
Process exiting
Exiting without the bug reporter. Application will terminate with return code 0