Using pre-set license
Built from '2021.2/staging' branch; Version is '2021.2.6f1 (8c4e826ba445) revision 9195138'; Using compiler version '192829333'; Build Type 'Release'
OS: 'Windows 10  (10.0.19042) 64bit Core' Language: 'en' Physical Memory: 16282 MB
BatchMode: 1, IsHumanControllingUs: 0, StartBugReporterOnCrash: 0, Is64bit: 1, IsPro: 0

COMMAND LINE ARGUMENTS:
C:\Program Files\Unity\Hub\Editor\2021.2.6f1\Editor\Unity.exe
-adb2
-batchMode
-noUpm
-name
AssetImportWorker4
-projectPath
C:/Users/grant/UnityProjects/3D Metroidvania
-logFile
Logs/AssetImportWorker4.log
-srvPort
53031
Successfully changed project path to: C:/Users/grant/UnityProjects/3D Metroidvania
C:/Users/grant/UnityProjects/3D Metroidvania
[UnityMemory] Configuration Parameters - Can be set up in boot.config
    "memorysetup-bucket-allocator-granularity=16"
    "memorysetup-bucket-allocator-bucket-count=8"
    "memorysetup-bucket-allocator-block-size=33554432"
    "memorysetup-bucket-allocator-block-count=8"
    "memorysetup-main-allocator-block-size=16777216"
    "memorysetup-thread-allocator-block-size=16777216"
    "memorysetup-gfx-main-allocator-block-size=16777216"
    "memorysetup-gfx-thread-allocator-block-size=16777216"
    "memorysetup-cache-allocator-block-size=4194304"
    "memorysetup-typetree-allocator-block-size=2097152"
    "memorysetup-profiler-bucket-allocator-granularity=16"
    "memorysetup-profiler-bucket-allocator-bucket-count=8"
    "memorysetup-profiler-bucket-allocator-block-size=33554432"
    "memorysetup-profiler-bucket-allocator-block-count=8"
    "memorysetup-profiler-allocator-block-size=16777216"
    "memorysetup-profiler-editor-allocator-block-size=1048576"
    "memorysetup-temp-allocator-size-main=16777216"
    "memorysetup-job-temp-allocator-block-size=2097152"
    "memorysetup-job-temp-allocator-block-size-background=1048576"
    "memorysetup-job-temp-allocator-reduction-small-platforms=262144"
    "memorysetup-temp-allocator-size-background-worker=32768"
    "memorysetup-temp-allocator-size-job-worker=262144"
    "memorysetup-temp-allocator-size-preload-manager=33554432"
    "memorysetup-temp-allocator-size-nav-mesh-worker=65536"
    "memorysetup-temp-allocator-size-audio-worker=65536"
    "memorysetup-temp-allocator-size-cloud-worker=32768"
    "memorysetup-temp-allocator-size-gi-baking-worker=262144"
    "memorysetup-temp-allocator-size-gfx=262144"
Refreshing native plugins compatible for Editor in 92.00 ms, found 2 plugins.
Preloading 0 native plugins for Editor in 0.00 ms.
Initialize engine version: 2021.2.6f1 (8c4e826ba445)
[Subsystems] Discovering subsystems at path C:/Program Files/Unity/Hub/Editor/2021.2.6f1/Editor/Data/Resources/UnitySubsystems
[Subsystems] Discovering subsystems at path C:/Users/grant/UnityProjects/3D Metroidvania/Assets
GfxDevice: creating device client; threaded=0; jobified=0
Direct3D:
    Version:  Direct3D 11.0 [level 11.1]
    Renderer: NVIDIA GeForce RTX 2070 with Max-Q Design (ID=0x1f10)
    Vendor:   NVIDIA
    VRAM:     8031 MB
    Driver:   30.0.14.7196
Initialize mono
Mono path[0] = 'C:/Program Files/Unity/Hub/Editor/2021.2.6f1/Editor/Data/Managed'
Mono path[1] = 'C:/Program Files/Unity/Hub/Editor/2021.2.6f1/Editor/Data/MonoBleedingEdge/lib/mono/unityjit-win32'
Mono config path = 'C:/Program Files/Unity/Hub/Editor/2021.2.6f1/Editor/Data/MonoBleedingEdge/etc'
Using monoOptions --debugger-agent=transport=dt_socket,embedding=1,server=y,suspend=n,address=127.0.0.1:56656
Begin MonoManager ReloadAssembly
Registering precompiled unity dll's ...
Register platform support module: C:/Program Files/Unity/Hub/Editor/2021.2.6f1/Editor/Data/PlaybackEngines/WindowsStandaloneSupport/UnityEditor.WindowsStandalone.Extensions.dll
Registered in 0.007578 seconds.
Native extension for WindowsStandalone target not found
Refreshing native plugins compatible for Editor in 88.01 ms, found 2 plugins.
Preloading 0 native plugins for Editor in 0.00 ms.
Mono: successfully reloaded assembly
- Completed reload, in  0.666 seconds
Domain Reload Profiling:
	ReloadAssembly (667ms)
		BeginReloadAssembly (76ms)
			ExecutionOrderSort (0ms)
			DisableScriptedObjects (0ms)
			BackupInstance (0ms)
			ReleaseScriptingObjects (0ms)
			CreateAndSetChildDomain (1ms)
		EndReloadAssembly (508ms)
			LoadAssemblies (73ms)
			RebuildTransferFunctionScriptingTraits (0ms)
			SetupTypeCache (109ms)
			ReleaseScriptCaches (0ms)
			RebuildScriptCaches (30ms)
			SetupLoadedEditorAssemblies (314ms)
				LogAssemblyErrors (0ms)
				InitializePlatformSupportModulesInManaged (15ms)
				SetLoadedEditorAssemblies (0ms)
				RefreshPlugins (88ms)
				BeforeProcessingInitializeOnLoad (1ms)
				ProcessInitializeOnLoadAttributes (161ms)
				ProcessInitializeOnLoadMethodAttributes (48ms)
				AfterProcessingInitializeOnLoad (0ms)
				EditorAssembliesLoaded (0ms)
			ExecutionOrderSort2 (0ms)
			AwakeInstancesAfterBackupRestoration (0ms)
Platform modules already initialized, skipping
Registering precompiled user dll's ...
Registered in 0.006817 seconds.
Begin MonoManager ReloadAssembly
Native extension for WindowsStandalone target not found
Refreshing native plugins compatible for Editor in 120.83 ms, found 2 plugins.
Preloading 0 native plugins for Editor in 0.00 ms.
Mono: successfully reloaded assembly
- Completed reload, in  1.962 seconds
Domain Reload Profiling:
	ReloadAssembly (1963ms)
		BeginReloadAssembly (116ms)
			ExecutionOrderSort (0ms)
			DisableScriptedObjects (6ms)
			BackupInstance (0ms)
			ReleaseScriptingObjects (0ms)
			CreateAndSetChildDomain (22ms)
		EndReloadAssembly (1739ms)
			LoadAssemblies (84ms)
			RebuildTransferFunctionScriptingTraits (0ms)
			SetupTypeCache (281ms)
			ReleaseScriptCaches (1ms)
			RebuildScriptCaches (87ms)
			SetupLoadedEditorAssemblies (1213ms)
				LogAssemblyErrors (0ms)
				InitializePlatformSupportModulesInManaged (14ms)
				SetLoadedEditorAssemblies (0ms)
				RefreshPlugins (121ms)
				BeforeProcessingInitializeOnLoad (109ms)
				ProcessInitializeOnLoadAttributes (894ms)
				ProcessInitializeOnLoadMethodAttributes (68ms)
				AfterProcessingInitializeOnLoad (8ms)
				EditorAssembliesLoaded (0ms)
			ExecutionOrderSort2 (0ms)
			AwakeInstancesAfterBackupRestoration (7ms)
Platform modules already initialized, skipping
========================================================================
Worker process is ready to serve import requests
Launched and connected shader compiler UnityShaderCompiler.exe after 0.07 seconds
Refreshing native plugins compatible for Editor in 1.03 ms, found 2 plugins.
Preloading 0 native plugins for Editor in 0.00 ms.
Unloading 3852 Unused Serialized files (Serialized files now loaded: 0)
Unloading 127 unused Assets / (0.8 MB). Loaded Objects now: 4316.
Memory consumption went from 262.8 MB to 262.0 MB.
Total: 4.448400 ms (FindLiveObjects: 0.273900 ms CreateObjectMapping: 0.186100 ms MarkObjects: 3.542000 ms  DeleteObjects: 0.445600 ms)

AssetImportParameters requested are different than current active one (requested -> active):
  custom:video-decoder-ogg-theora: a1e56fd34408186e4bbccfd4996cb3dc -> 
  custom:container-muxer-webm: aa71ff27fc2769a1b78a27578f13a17b -> 
  custom:container-demuxer-webm: 4f35f7cbe854078d1ac9338744f61a02 -> 
  custom:video-encoder-webm-vp8: eb34c28f22e8b96e1ab97ce403110664 -> 
  custom:audio-encoder-webm-vorbis: bf7c407c2cedff20999df2af8eb42d56 -> 
  custom:framework-win-MediaFoundation: 216162199b28c13a410421893ffa2e32 -> 
  custom:container-demuxer-ogg: 62fdf1f143b41e24485cea50d1cbac27 -> 
  custom:video-decoder-webm-vp8: 9c59270c3fd7afecdb556c50c9e8de78 -> 
  custom:audio-decoder-ogg-vorbis: bf7c407c2cedff20999df2af8eb42d56 -> 
========================================================================
Received Import Request.
  Time since last request: 1113998.375219 seconds.
  path: Assets/Materials/Props/MainColor_1_WhiteBlue_OS.mat
  artifactKey: Guid(a569d5f8627755f4b9913d8fbbf80c7f) Importer(815301076,1909f56bfc062723c751e8b465ee728b)
Start importing Assets/Materials/Props/MainColor_1_WhiteBlue_OS.mat using Guid(a569d5f8627755f4b9913d8fbbf80c7f) Importer(815301076,1909f56bfc062723c751e8b465ee728b)  -> (artifact id: '1876286f9e5ca3d9c37f27888ea864f7') in 0.458951 seconds 
========================================================================
Received Import Request.
  Time since last request: 0.000034 seconds.
  path: Assets/Materials/Props/MainColor_3_Blue_WS.mat
  artifactKey: Guid(9c50faa68c11b594592a70f57071b554) Importer(815301076,1909f56bfc062723c751e8b465ee728b)
Start importing Assets/Materials/Props/MainColor_3_Blue_WS.mat using Guid(9c50faa68c11b594592a70f57071b554) Importer(815301076,1909f56bfc062723c751e8b465ee728b)  -> (artifact id: '24cef378fa13c0d07e83a5bf742ca738') in 0.062984 seconds 
========================================================================
Received Prepare
Refreshing native plugins compatible for Editor in 4.42 ms, found 2 plugins.
Preloading 0 native plugins for Editor in 0.00 ms.
Unloading 22 Unused Serialized files (Serialized files now loaded: 0)
Unloading 23 unused Assets / (0.7 MB). Loaded Objects now: 4438.
Memory consumption went from 182.4 MB to 181.7 MB.
Total: 4.849600 ms (FindLiveObjects: 0.342300 ms CreateObjectMapping: 0.239700 ms MarkObjects: 3.858800 ms  DeleteObjects: 0.407900 ms)

AssetImportParameters requested are different than current active one (requested -> active):
  custom:video-decoder-ogg-theora: a1e56fd34408186e4bbccfd4996cb3dc -> 
  custom:container-muxer-webm: aa71ff27fc2769a1b78a27578f13a17b -> 
  custom:container-demuxer-webm: 4f35f7cbe854078d1ac9338744f61a02 -> 
  custom:video-encoder-webm-vp8: eb34c28f22e8b96e1ab97ce403110664 -> 
  custom:audio-encoder-webm-vorbis: bf7c407c2cedff20999df2af8eb42d56 -> 
  custom:framework-win-MediaFoundation: 216162199b28c13a410421893ffa2e32 -> 
  custom:container-demuxer-ogg: 62fdf1f143b41e24485cea50d1cbac27 -> 
  custom:video-decoder-webm-vp8: 9c59270c3fd7afecdb556c50c9e8de78 -> 
  custom:audio-decoder-ogg-vorbis: bf7c407c2cedff20999df2af8eb42d56 -> 
========================================================================
Received Import Request.
  Time since last request: 231.985983 seconds.
  path: Assets/Materials/Props/Floor_01_Decal.mat
  artifactKey: Guid(d2cf46e4b0e03034cbcf89b1fc77c247) Importer(815301076,1909f56bfc062723c751e8b465ee728b)
Start importing Assets/Materials/Props/Floor_01_Decal.mat using Guid(d2cf46e4b0e03034cbcf89b1fc77c247) Importer(815301076,1909f56bfc062723c751e8b465ee728b)  -> (artifact id: 'a98c3a0705b0482fb78ee05d3d7c5472') in 0.075613 seconds 
========================================================================
Received Import Request.
  Time since last request: 51.887016 seconds.
  path: Assets/Textures/Props/Controls_metallic.png
  artifactKey: Guid(191943065f892e8418f431555256a5c3) Importer(815301076,1909f56bfc062723c751e8b465ee728b)
Start importing Assets/Textures/Props/Controls_metallic.png using Guid(191943065f892e8418f431555256a5c3) Importer(815301076,1909f56bfc062723c751e8b465ee728b)  -> (artifact id: 'ae2bb9b84dba7d86be430b4fd95da6e3') in 0.053932 seconds 
========================================================================
Received Import Request.
  Time since last request: 0.000023 seconds.
  path: Assets/Textures/Props/Props_Small_normal.png
  artifactKey: Guid(43695ed7dbe1e8e4bb421df6213e0851) Importer(815301076,1909f56bfc062723c751e8b465ee728b)
Start importing Assets/Textures/Props/Props_Small_normal.png using Guid(43695ed7dbe1e8e4bb421df6213e0851) Importer(815301076,1909f56bfc062723c751e8b465ee728b)  -> (artifact id: 'edfb0feebb225138de1131801e8855e0') in 0.029327 seconds 
========================================================================
Received Import Request.
  Time since last request: 0.000032 seconds.
  path: Assets/Textures/Props/Props_Small_mask_ao.png
  artifactKey: Guid(e0a537c4958acd04581aa35731b49d73) Importer(815301076,1909f56bfc062723c751e8b465ee728b)
Start importing Assets/Textures/Props/Props_Small_mask_ao.png using Guid(e0a537c4958acd04581aa35731b49d73) Importer(815301076,1909f56bfc062723c751e8b465ee728b)  -> (artifact id: '676cc0f07ecd8cba8d558f51cf6eb609') in 0.028548 seconds 
========================================================================
Received Import Request.
  Time since last request: 1.346682 seconds.
  path: Assets/Textures/UI/CircleButtonHighlight.png
  artifactKey: Guid(25d6318bf3326fb4898287b3d0993959) Importer(815301076,1909f56bfc062723c751e8b465ee728b)
Start importing Assets/Textures/UI/CircleButtonHighlight.png using Guid(25d6318bf3326fb4898287b3d0993959) Importer(815301076,1909f56bfc062723c751e8b465ee728b)  -> (artifact id: '818ef6f0310487fee818bf3ad765b1c8') in 0.053121 seconds 
========================================================================
Received Import Request.
  Time since last request: 0.000024 seconds.
  path: Assets/Textures/UI/InvertedTrapezoid.png
  artifactKey: Guid(9ab1a654a6b261043a3111966644b85b) Importer(815301076,1909f56bfc062723c751e8b465ee728b)
Start importing Assets/Textures/UI/InvertedTrapezoid.png using Guid(9ab1a654a6b261043a3111966644b85b) Importer(815301076,1909f56bfc062723c751e8b465ee728b)  -> (artifact id: '3dd1c8be3f279233a1fd817beb04d930') in 0.039386 seconds 
========================================================================
Received Import Request.
  Time since last request: 0.000043 seconds.
  path: Assets/Textures/UI/ScanDialog.png
  artifactKey: Guid(89629c02649da184cb286ef661e1932a) Importer(815301076,1909f56bfc062723c751e8b465ee728b)
Start importing Assets/Textures/UI/ScanDialog.png using Guid(89629c02649da184cb286ef661e1932a) Importer(815301076,1909f56bfc062723c751e8b465ee728b)  -> (artifact id: 'a97bf2c3a736d8b40bb56a979e466be6') in 0.041201 seconds 
========================================================================
Received Import Request.
  Time since last request: 0.000024 seconds.
  path: Assets/Textures/UI/VisorSelectBar.png
  artifactKey: Guid(f803ab142a3a131418088318f3f8c15e) Importer(815301076,1909f56bfc062723c751e8b465ee728b)
Start importing Assets/Textures/UI/VisorSelectBar.png using Guid(f803ab142a3a131418088318f3f8c15e) Importer(815301076,1909f56bfc062723c751e8b465ee728b)  -> (artifact id: 'efc5f8b5244adbb5a414eca8ce0bbbc4') in 0.022954 seconds 
========================================================================
Received Import Request.
  Time since last request: 0.000037 seconds.
  path: Assets/Textures/UI/Pointer.png
  artifactKey: Guid(bb6f4b7097d4502458adb015b6dea18b) Importer(815301076,1909f56bfc062723c751e8b465ee728b)
Start importing Assets/Textures/UI/Pointer.png using Guid(bb6f4b7097d4502458adb015b6dea18b) Importer(815301076,1909f56bfc062723c751e8b465ee728b)  -> (artifact id: '6c71059a511a158208a558c9e5f486f9') in 0.016272 seconds 
========================================================================
Received Import Request.
  Time since last request: 6.012445 seconds.
  path: Assets/Textures/Metals/Foil_ambient_occlusion.png
  artifactKey: Guid(008d588bafbde0f41a65f70888651a10) Importer(815301076,1909f56bfc062723c751e8b465ee728b)
Start importing Assets/Textures/Metals/Foil_ambient_occlusion.png using Guid(008d588bafbde0f41a65f70888651a10) Importer(815301076,1909f56bfc062723c751e8b465ee728b)  -> (artifact id: 'f70f965f6d6adb9aff51c3d3c4fe3d66') in 0.027528 seconds 
========================================================================
Received Import Request.
  Time since last request: 0.000023 seconds.
  path: Assets/Textures/Metals/T_10_Specular.tga
  artifactKey: Guid(03dd414d6373d4e458121278ae3a91e5) Importer(815301076,1909f56bfc062723c751e8b465ee728b)
Start importing Assets/Textures/Metals/T_10_Specular.tga using Guid(03dd414d6373d4e458121278ae3a91e5) Importer(815301076,1909f56bfc062723c751e8b465ee728b)  -> (artifact id: '9bc03030e5814e11ee78008c2974b125') in 0.022079 seconds 
========================================================================
Received Import Request.
  Time since last request: 0.000028 seconds.
  path: Assets/Textures/Metals/T_08_Specular.tga
  artifactKey: Guid(9e54b7e0308fe894fac37951533a179e) Importer(815301076,1909f56bfc062723c751e8b465ee728b)
Start importing Assets/Textures/Metals/T_08_Specular.tga using Guid(9e54b7e0308fe894fac37951533a179e) Importer(815301076,1909f56bfc062723c751e8b465ee728b)  -> (artifact id: 'e98c34692592b339dffea6d58e681a05') in 0.018712 seconds 
========================================================================
Received Import Request.
  Time since last request: 0.000026 seconds.
  path: Assets/Textures/Metals/T_08_Diffuse.tga
  artifactKey: Guid(640ee290d9cbc4b4685c85ef0d50ea60) Importer(815301076,1909f56bfc062723c751e8b465ee728b)
Start importing Assets/Textures/Metals/T_08_Diffuse.tga using Guid(640ee290d9cbc4b4685c85ef0d50ea60) Importer(815301076,1909f56bfc062723c751e8b465ee728b)  -> (artifact id: 'bdcc9f7ff5fb1b95232c2290e1c3462e') in 0.021238 seconds 
========================================================================
Received Import Request.
  Time since last request: 0.000037 seconds.
  path: Assets/Textures/Metals/T_10_Glow.tga
  artifactKey: Guid(0145160747ee37d48b70a86ba8103d7a) Importer(815301076,1909f56bfc062723c751e8b465ee728b)
Start importing Assets/Textures/Metals/T_10_Glow.tga using Guid(0145160747ee37d48b70a86ba8103d7a) Importer(815301076,1909f56bfc062723c751e8b465ee728b)  -> (artifact id: '2da46c270c146aead6e8d9ecbba01087') in 0.028092 seconds 
========================================================================
Received Import Request.
  Time since last request: 0.000027 seconds.
  path: Assets/Textures/Metals/Mesh_Plane_normal.png
  artifactKey: Guid(0dbf4de1fdf902d428a58b6faf41727f) Importer(815301076,1909f56bfc062723c751e8b465ee728b)
Start importing Assets/Textures/Metals/Mesh_Plane_normal.png using Guid(0dbf4de1fdf902d428a58b6faf41727f) Importer(815301076,1909f56bfc062723c751e8b465ee728b)  -> (artifact id: '0b0b4603859eb17b2b6f3cf218d8fedc') in 0.021960 seconds 
========================================================================
Received Import Request.
  Time since last request: 0.000029 seconds.
  path: Assets/Textures/Metals/Foil_normal.png
  artifactKey: Guid(ecec1f1ab80746542bc56f80122dd493) Importer(815301076,1909f56bfc062723c751e8b465ee728b)
Start importing Assets/Textures/Metals/Foil_normal.png using Guid(ecec1f1ab80746542bc56f80122dd493) Importer(815301076,1909f56bfc062723c751e8b465ee728b)  -> (artifact id: '01ffce3f98813e03611d32f654893e8d') in 0.040849 seconds 
========================================================================
Received Import Request.
  Time since last request: 0.000025 seconds.
  path: Assets/Textures/Metals/T_10_Diffuse.tga
  artifactKey: Guid(9235f02dfc48e41448cbd353c0a00a8d) Importer(815301076,1909f56bfc062723c751e8b465ee728b)
Start importing Assets/Textures/Metals/T_10_Diffuse.tga using Guid(9235f02dfc48e41448cbd353c0a00a8d) Importer(815301076,1909f56bfc062723c751e8b465ee728b)  -> (artifact id: 'a4234df530215c81de59542ff8d1ae99') in 0.022182 seconds 
========================================================================
Received Import Request.
  Time since last request: 0.000046 seconds.
  path: Assets/Textures/Metals/T_08_Normal.tga
  artifactKey: Guid(2ee180c070da9554385c5a088aae062e) Importer(815301076,1909f56bfc062723c751e8b465ee728b)
Start importing Assets/Textures/Metals/T_08_Normal.tga using Guid(2ee180c070da9554385c5a088aae062e) Importer(815301076,1909f56bfc062723c751e8b465ee728b)  -> (artifact id: 'a4d1603a4a0d5e3943cc0b85a55158b9') in 0.020837 seconds 
========================================================================
Received Import Request.
  Time since last request: 14.207769 seconds.
  path: Assets/Textures/Effects/bigglow_blue.png
  artifactKey: Guid(e768d759ee0021943a8d96e2aab49a5f) Importer(815301076,1909f56bfc062723c751e8b465ee728b)
Start importing Assets/Textures/Effects/bigglow_blue.png using Guid(e768d759ee0021943a8d96e2aab49a5f) Importer(815301076,1909f56bfc062723c751e8b465ee728b)  -> (artifact id: 'c1e06e6825914cfc7eda5990b6f1dd59') in 0.027609 seconds 
========================================================================
Received Import Request.
  Time since last request: 0.000023 seconds.
  path: Assets/Textures/Effects/glow_noisy.png
  artifactKey: Guid(90b400f629453c74fb10d29b9f7fccd4) Importer(815301076,1909f56bfc062723c751e8b465ee728b)
Start importing Assets/Textures/Effects/glow_noisy.png using Guid(90b400f629453c74fb10d29b9f7fccd4) Importer(815301076,1909f56bfc062723c751e8b465ee728b)  -> (artifact id: 'aaf0ecab9da17df3eeb99a3074c05fe3') in 0.019687 seconds 
========================================================================
Received Import Request.
  Time since last request: 0.000036 seconds.
  path: Assets/Textures/Effects/muzzle_smallfire_yellow.png
  artifactKey: Guid(d5a5462ee2391134c9696fd7fc6d8135) Importer(815301076,1909f56bfc062723c751e8b465ee728b)
Start importing Assets/Textures/Effects/muzzle_smallfire_yellow.png using Guid(d5a5462ee2391134c9696fd7fc6d8135) Importer(815301076,1909f56bfc062723c751e8b465ee728b)  -> (artifact id: '2d61026b9371b9293b70a1f70ee4b171') in 0.019852 seconds 
========================================================================
Received Import Request.
  Time since last request: 1.531523 seconds.
  path: Assets/Textures/computerscreen.png
  artifactKey: Guid(f3751d6bb9310c246995128b5a5d4759) Importer(815301076,1909f56bfc062723c751e8b465ee728b)
Start importing Assets/Textures/computerscreen.png using Guid(f3751d6bb9310c246995128b5a5d4759) Importer(815301076,1909f56bfc062723c751e8b465ee728b)  -> (artifact id: 'dc36f98d62b099cd41e06baf8409451d') in 0.022096 seconds 
========================================================================
Received Prepare
Refreshing native plugins compatible for Editor in 5.51 ms, found 2 plugins.
Preloading 0 native plugins for Editor in 0.00 ms.
Unloading 23 Unused Serialized files (Serialized files now loaded: 0)
Unloading 23 unused Assets / (0.7 MB). Loaded Objects now: 4473.
Memory consumption went from 182.8 MB to 182.0 MB.
Total: 5.304400 ms (FindLiveObjects: 0.415000 ms CreateObjectMapping: 0.290400 ms MarkObjects: 4.175300 ms  DeleteObjects: 0.422600 ms)

AssetImportParameters requested are different than current active one (requested -> active):
  custom:video-decoder-ogg-theora: a1e56fd34408186e4bbccfd4996cb3dc -> 
  custom:container-muxer-webm: aa71ff27fc2769a1b78a27578f13a17b -> 
  custom:container-demuxer-webm: 4f35f7cbe854078d1ac9338744f61a02 -> 
  custom:video-encoder-webm-vp8: eb34c28f22e8b96e1ab97ce403110664 -> 
  custom:audio-encoder-webm-vorbis: bf7c407c2cedff20999df2af8eb42d56 -> 
  custom:framework-win-MediaFoundation: 216162199b28c13a410421893ffa2e32 -> 
  custom:container-demuxer-ogg: 62fdf1f143b41e24485cea50d1cbac27 -> 
  custom:video-decoder-webm-vp8: 9c59270c3fd7afecdb556c50c9e8de78 -> 
  custom:audio-decoder-ogg-vorbis: bf7c407c2cedff20999df2af8eb42d56 -> 
========================================================================
Received Import Request.
  Time since last request: 322.353129 seconds.
  path: Assets/External/Sci-Fi Arsenal/Sci-Fi Effects/Models/donut.FBX
  artifactKey: Guid(d96d08ebc6bdd864da04ed00610ada80) Importer(815301076,1909f56bfc062723c751e8b465ee728b)
Start importing Assets/External/Sci-Fi Arsenal/Sci-Fi Effects/Models/donut.FBX using Guid(d96d08ebc6bdd864da04ed00610ada80) Importer(815301076,1909f56bfc062723c751e8b465ee728b)  -> (artifact id: 'f168d4363b5bee577db73392f577e429') in 0.069660 seconds 
========================================================================
Received Import Request.
  Time since last request: 0.000029 seconds.
  path: Assets/External/Sci-Fi Arsenal/Sci-Fi Effects/Models/scifi_forcefield_02.FBX
  artifactKey: Guid(0337316f3b75bae40a3b1d71005a7597) Importer(815301076,1909f56bfc062723c751e8b465ee728b)
Start importing Assets/External/Sci-Fi Arsenal/Sci-Fi Effects/Models/scifi_forcefield_02.FBX using Guid(0337316f3b75bae40a3b1d71005a7597) Importer(815301076,1909f56bfc062723c751e8b465ee728b)  -> (artifact id: 'afc08e572e230133554fd237dbe06340') in 0.034092 seconds 
========================================================================
Received Import Request.
  Time since last request: 0.000023 seconds.
  path: Assets/External/Sci-Fi Arsenal/Sci-Fi Effects/Models/funnel_noisy.FBX
  artifactKey: Guid(26a177b2e187b2040ab4152e254210ed) Importer(815301076,1909f56bfc062723c751e8b465ee728b)
Start importing Assets/External/Sci-Fi Arsenal/Sci-Fi Effects/Models/funnel_noisy.FBX using Guid(26a177b2e187b2040ab4152e254210ed) Importer(815301076,1909f56bfc062723c751e8b465ee728b)  -> (artifact id: 'fcc43206f83b99bddc785955dda110e4') in 0.035938 seconds 
========================================================================
Received Import Request.
  Time since last request: 0.000024 seconds.
  path: Assets/External/Sci-Fi Arsenal/Sci-Fi Effects/Models/scifi_power_lightning.FBX
  artifactKey: Guid(a8500baccd2294a4a8b2f9b9f6a2c231) Importer(815301076,1909f56bfc062723c751e8b465ee728b)
Start importing Assets/External/Sci-Fi Arsenal/Sci-Fi Effects/Models/scifi_power_lightning.FBX using Guid(a8500baccd2294a4a8b2f9b9f6a2c231) Importer(815301076,1909f56bfc062723c751e8b465ee728b)  -> (artifact id: '6fe484dd44799e22d9f529b5407455f0') in 0.029123 seconds 
========================================================================
Received Import Request.
  Time since last request: 0.000024 seconds.
  path: Assets/External/Sci-Fi Arsenal/Sci-Fi Effects/Models/scifi_jet_cylinder.FBX
  artifactKey: Guid(51ceafd361cbc164f9dfaba1cab81d9e) Importer(815301076,1909f56bfc062723c751e8b465ee728b)
Start importing Assets/External/Sci-Fi Arsenal/Sci-Fi Effects/Models/scifi_jet_cylinder.FBX using Guid(51ceafd361cbc164f9dfaba1cab81d9e) Importer(815301076,1909f56bfc062723c751e8b465ee728b)  -> (artifact id: '18f902d35e72271e9bf2380697710a1e') in 0.034409 seconds 
========================================================================
Received Import Request.
  Time since last request: 0.000019 seconds.
  path: Assets/External/Sci-Fi Arsenal/Sci-Fi Effects/Models/scifi_bolt_3x.FBX
  artifactKey: Guid(39518da506d6b594c8da6350a71a0e45) Importer(815301076,1909f56bfc062723c751e8b465ee728b)
Start importing Assets/External/Sci-Fi Arsenal/Sci-Fi Effects/Models/scifi_bolt_3x.FBX using Guid(39518da506d6b594c8da6350a71a0e45) Importer(815301076,1909f56bfc062723c751e8b465ee728b)  -> (artifact id: '66e91fede704b5f181d23cbc8643438c') in 0.035734 seconds 
========================================================================
Received Import Request.
  Time since last request: 0.000021 seconds.
  path: Assets/External/Sci-Fi Arsenal/Sci-Fi Effects/Models/scifi_halfcapsule2.FBX
  artifactKey: Guid(7070427751be35d4cb52212929aeb7af) Importer(815301076,1909f56bfc062723c751e8b465ee728b)
Start importing Assets/External/Sci-Fi Arsenal/Sci-Fi Effects/Models/scifi_halfcapsule2.FBX using Guid(7070427751be35d4cb52212929aeb7af) Importer(815301076,1909f56bfc062723c751e8b465ee728b)  -> (artifact id: 'acd4f6b149c931ed0d20d9261493159a') in 0.030613 seconds 
========================================================================
Received Import Request.
  Time since last request: 0.000024 seconds.
  path: Assets/External/Sci-Fi Arsenal/Sci-Fi Effects/Models/scifi_laser_hp.FBX
  artifactKey: Guid(0122fdeb04c78be4ab1a55793cb46cdf) Importer(815301076,1909f56bfc062723c751e8b465ee728b)
Start importing Assets/External/Sci-Fi Arsenal/Sci-Fi Effects/Models/scifi_laser_hp.FBX using Guid(0122fdeb04c78be4ab1a55793cb46cdf) Importer(815301076,1909f56bfc062723c751e8b465ee728b)  -> (artifact id: '043f61a3417eea5ce4ffbc05ab9bcccb') in 0.047182 seconds 
========================================================================
Received Import Request.
  Time since last request: 0.000023 seconds.
  path: Assets/External/Sci-Fi Arsenal/Sci-Fi Effects/Models/funnel.FBX
  artifactKey: Guid(6435d10ed49481a4b830b8f6c73f4d9e) Importer(815301076,1909f56bfc062723c751e8b465ee728b)
Start importing Assets/External/Sci-Fi Arsenal/Sci-Fi Effects/Models/funnel.FBX using Guid(6435d10ed49481a4b830b8f6c73f4d9e) Importer(815301076,1909f56bfc062723c751e8b465ee728b)  -> (artifact id: '218258234bad0222f7f900386fc01ae8') in 0.031850 seconds 
========================================================================
Received Import Request.
  Time since last request: 0.000027 seconds.
  path: Assets/External/Sci-Fi Arsenal/Sci-Fi Effects/Models/funnel_curved.FBX
  artifactKey: Guid(592f3a780aa1cb241932e94246b2a44d) Importer(815301076,1909f56bfc062723c751e8b465ee728b)
Start importing Assets/External/Sci-Fi Arsenal/Sci-Fi Effects/Models/funnel_curved.FBX using Guid(592f3a780aa1cb241932e94246b2a44d) Importer(815301076,1909f56bfc062723c751e8b465ee728b)  -> (artifact id: '7abd92f3b9e17028334ff0f364810772') in 0.037033 seconds 
========================================================================
Received Import Request.
  Time since last request: 0.000037 seconds.
  path: Assets/External/Sci-Fi Arsenal/Sci-Fi Effects/Models/scifi_bolt_centered.FBX
  artifactKey: Guid(659ccb073edb817419d09760964fc45f) Importer(815301076,1909f56bfc062723c751e8b465ee728b)
Start importing Assets/External/Sci-Fi Arsenal/Sci-Fi Effects/Models/scifi_bolt_centered.FBX using Guid(659ccb073edb817419d09760964fc45f) Importer(815301076,1909f56bfc062723c751e8b465ee728b)  -> (artifact id: '70c4bb2c5e6a7d0f4c3111603f02de59') in 0.028752 seconds 
========================================================================
Received Import Request.
  Time since last request: 0.000024 seconds.
  path: Assets/External/Sci-Fi Arsenal/Sci-Fi Effects/Models/scifi_hexagon_tube.FBX
  artifactKey: Guid(6b745b80aad135d4cb2caf2f972a5400) Importer(815301076,1909f56bfc062723c751e8b465ee728b)
Start importing Assets/External/Sci-Fi Arsenal/Sci-Fi Effects/Models/scifi_hexagon_tube.FBX using Guid(6b745b80aad135d4cb2caf2f972a5400) Importer(815301076,1909f56bfc062723c751e8b465ee728b)  -> (artifact id: 'f03744f88572b081e650da5e80dd532e') in 0.028576 seconds 
========================================================================
Received Import Request.
  Time since last request: 0.000022 seconds.
  path: Assets/External/Sci-Fi Arsenal/Sci-Fi Effects/Models/scifi_shield2.FBX
  artifactKey: Guid(926bc4249fd66b14b9580bb5625c3514) Importer(815301076,1909f56bfc062723c751e8b465ee728b)
Start importing Assets/External/Sci-Fi Arsenal/Sci-Fi Effects/Models/scifi_shield2.FBX using Guid(926bc4249fd66b14b9580bb5625c3514) Importer(815301076,1909f56bfc062723c751e8b465ee728b)  -> (artifact id: '483ab2b756326a53b5c5b78db8060b9b') in 0.030301 seconds 
========================================================================
Received Import Request.
  Time since last request: 0.000023 seconds.
  path: Assets/External/Sci-Fi Arsenal/Sci-Fi Effects/Models/scifi_bolt_centered_3x.FBX
  artifactKey: Guid(4ee1806d5079d3245adc659a8e73214c) Importer(815301076,1909f56bfc062723c751e8b465ee728b)
Start importing Assets/External/Sci-Fi Arsenal/Sci-Fi Effects/Models/scifi_bolt_centered_3x.FBX using Guid(4ee1806d5079d3245adc659a8e73214c) Importer(815301076,1909f56bfc062723c751e8b465ee728b)  -> (artifact id: 'be31a8843151a1aa9d8fa236404ddd92') in 0.040296 seconds 
========================================================================
Received Import Request.
  Time since last request: 0.000027 seconds.
  path: Assets/External/Sci-Fi Arsenal/Sci-Fi Effects/Models/scifi_forcefield_03.FBX
  artifactKey: Guid(5cf271d400e7098448ad1c79147a7176) Importer(815301076,1909f56bfc062723c751e8b465ee728b)
Start importing Assets/External/Sci-Fi Arsenal/Sci-Fi Effects/Models/scifi_forcefield_03.FBX using Guid(5cf271d400e7098448ad1c79147a7176) Importer(815301076,1909f56bfc062723c751e8b465ee728b)  -> (artifact id: 'c89a9c15ac7bb2259feb52375015d24b') in 0.029947 seconds 
========================================================================
Received Import Request.
  Time since last request: 0.000029 seconds.
  path: Assets/External/Sci-Fi Arsenal/Sci-Fi Effects/Models/scifi_power_shield.FBX
  artifactKey: Guid(8bd9082fd8a168846bc443838d8d179a) Importer(815301076,1909f56bfc062723c751e8b465ee728b)
Start importing Assets/External/Sci-Fi Arsenal/Sci-Fi Effects/Models/scifi_power_shield.FBX using Guid(8bd9082fd8a168846bc443838d8d179a) Importer(815301076,1909f56bfc062723c751e8b465ee728b)  -> (artifact id: '4aafa1abdaa47fa1afa02383461b1509') in 0.034954 seconds 
========================================================================
Received Import Request.
  Time since last request: 0.000033 seconds.
  path: Assets/External/Sci-Fi Arsenal/Sci-Fi Effects/Models/scifi_power_question.FBX
  artifactKey: Guid(313ee9887678ecd468d7ab76ca771e7d) Importer(815301076,1909f56bfc062723c751e8b465ee728b)
Start importing Assets/External/Sci-Fi Arsenal/Sci-Fi Effects/Models/scifi_power_question.FBX using Guid(313ee9887678ecd468d7ab76ca771e7d) Importer(815301076,1909f56bfc062723c751e8b465ee728b)  -> (artifact id: '98ba2b84c3a26ef798a39bd6273605f9') in 0.038303 seconds 
========================================================================
Received Import Request.
  Time since last request: 0.000033 seconds.
  path: Assets/External/Sci-Fi Arsenal/Sci-Fi Effects/Models/scifi_power_heart.FBX
  artifactKey: Guid(caef8ce672a35344dad500e9f0ab40a9) Importer(815301076,1909f56bfc062723c751e8b465ee728b)
Start importing Assets/External/Sci-Fi Arsenal/Sci-Fi Effects/Models/scifi_power_heart.FBX using Guid(caef8ce672a35344dad500e9f0ab40a9) Importer(815301076,1909f56bfc062723c751e8b465ee728b)  -> (artifact id: '60b75ff9bee4faaf1d6d5856a60856db') in 0.039308 seconds 
========================================================================
Received Import Request.
  Time since last request: 0.000028 seconds.
  path: Assets/External/Sci-Fi Arsenal/Sci-Fi Effects/Models/scifi_laser.FBX
  artifactKey: Guid(eaa2ca4894b4f164da153d412c4cafb9) Importer(815301076,1909f56bfc062723c751e8b465ee728b)
Start importing Assets/External/Sci-Fi Arsenal/Sci-Fi Effects/Models/scifi_laser.FBX using Guid(eaa2ca4894b4f164da153d412c4cafb9) Importer(815301076,1909f56bfc062723c751e8b465ee728b)  -> (artifact id: 'f6eae66bda9ff2122feeb1dd488a9218') in 0.030670 seconds 
========================================================================
Received Import Request.
  Time since last request: 0.000034 seconds.
  path: Assets/External/Sci-Fi Arsenal/Sci-Fi Effects/Models/scifi_bolt_centered_2x.FBX
  artifactKey: Guid(1473f146e3e1d854082ae489a47ef7ed) Importer(815301076,1909f56bfc062723c751e8b465ee728b)
Start importing Assets/External/Sci-Fi Arsenal/Sci-Fi Effects/Models/scifi_bolt_centered_2x.FBX using Guid(1473f146e3e1d854082ae489a47ef7ed) Importer(815301076,1909f56bfc062723c751e8b465ee728b)  -> (artifact id: '1e31d5f8e4aec0a66ae2d542e04e003c') in 0.031450 seconds 
========================================================================
Received Import Request.
  Time since last request: 0.000034 seconds.
  path: Assets/External/Sci-Fi Arsenal/Sci-Fi Effects/Models/HelixSpinner_Centered.FBX
  artifactKey: Guid(4b13cb0c074beb24099e05b3ee334f5b) Importer(815301076,1909f56bfc062723c751e8b465ee728b)
Start importing Assets/External/Sci-Fi Arsenal/Sci-Fi Effects/Models/HelixSpinner_Centered.FBX using Guid(4b13cb0c074beb24099e05b3ee334f5b) Importer(815301076,1909f56bfc062723c751e8b465ee728b)  -> (artifact id: '471b6b3129d3b983d95cb65eee835a61') in 0.034468 seconds 
========================================================================
Received Import Request.
  Time since last request: 0.000029 seconds.
  path: Assets/External/Sci-Fi Arsenal/Sci-Fi Effects/Models/scifi_forcefield_01.FBX
  artifactKey: Guid(8d552425ca8775046917d2f70b9f9711) Importer(815301076,1909f56bfc062723c751e8b465ee728b)
Start importing Assets/External/Sci-Fi Arsenal/Sci-Fi Effects/Models/scifi_forcefield_01.FBX using Guid(8d552425ca8775046917d2f70b9f9711) Importer(815301076,1909f56bfc062723c751e8b465ee728b)  -> (artifact id: '135ccf525b0a2c19664cff8b5eef03ca') in 0.032322 seconds 
========================================================================
Received Import Request.
  Time since last request: 0.000032 seconds.
  path: Assets/External/Sci-Fi Arsenal/Sci-Fi Effects/Models/helix_spinner.FBX
  artifactKey: Guid(e27d68612bac8074ea19cb2a114ff5f9) Importer(815301076,1909f56bfc062723c751e8b465ee728b)
Start importing Assets/External/Sci-Fi Arsenal/Sci-Fi Effects/Models/helix_spinner.FBX using Guid(e27d68612bac8074ea19cb2a114ff5f9) Importer(815301076,1909f56bfc062723c751e8b465ee728b)  -> (artifact id: 'cbb763e0d0011e47be17e458f20ddcd0') in 0.029207 seconds 
========================================================================
Received Import Request.
  Time since last request: 0.000023 seconds.
  path: Assets/External/Sci-Fi Arsenal/Sci-Fi Effects/Models/scifi_jet_cylinder2.FBX
  artifactKey: Guid(1e08b4997f4b6424e81b859c9c73c261) Importer(815301076,1909f56bfc062723c751e8b465ee728b)
Start importing Assets/External/Sci-Fi Arsenal/Sci-Fi Effects/Models/scifi_jet_cylinder2.FBX using Guid(1e08b4997f4b6424e81b859c9c73c261) Importer(815301076,1909f56bfc062723c751e8b465ee728b)  -> (artifact id: 'b37fcca4832067775b30d7d4d2ad978c') in 0.036773 seconds 
========================================================================
Received Import Request.
  Time since last request: 0.000024 seconds.
  path: Assets/External/Sci-Fi Arsenal/Sci-Fi Effects/Models/scifi_bolt_2x.FBX
  artifactKey: Guid(4983faa67cfd8024dbb7c1b009463503) Importer(815301076,1909f56bfc062723c751e8b465ee728b)
Start importing Assets/External/Sci-Fi Arsenal/Sci-Fi Effects/Models/scifi_bolt_2x.FBX using Guid(4983faa67cfd8024dbb7c1b009463503) Importer(815301076,1909f56bfc062723c751e8b465ee728b)  -> (artifact id: '80a5b90b186bff75c8eb05d7e4c451f5') in 0.023389 seconds 
========================================================================
Received Import Request.
  Time since last request: 27.270898 seconds.
  path: Assets/Models
  artifactKey: Guid(fb4eee42eecbec140895a4766a817a06) Importer(815301076,1909f56bfc062723c751e8b465ee728b)
Start importing Assets/Models using Guid(fb4eee42eecbec140895a4766a817a06) Importer(815301076,1909f56bfc062723c751e8b465ee728b)  -> (artifact id: '57d4d1334aa416aeafe87df5fb8cd847') in 0.010110 seconds 
========================================================================
Received Import Request.
  Time since last request: 7.606614 seconds.
  path: Assets/Models/Effects
  artifactKey: Guid(fe17d601db6ab6247bdf5b511266c159) Importer(815301076,1909f56bfc062723c751e8b465ee728b)
Start importing Assets/Models/Effects using Guid(fe17d601db6ab6247bdf5b511266c159) Importer(815301076,1909f56bfc062723c751e8b465ee728b)  -> (artifact id: '2386d833dd2fd2ec12d78747bf6c0904') in 0.006860 seconds 
========================================================================
Received Import Request.
  Time since last request: 35.251533 seconds.
  path: Assets/Effects/ForcefieldRed.prefab
  artifactKey: Guid(a00ebc22e8e3c3a48a29d11fdcdb7086) Importer(815301076,1909f56bfc062723c751e8b465ee728b)
Start importing Assets/Effects/ForcefieldRed.prefab using Guid(a00ebc22e8e3c3a48a29d11fdcdb7086) Importer(815301076,1909f56bfc062723c751e8b465ee728b)  -> (artifact id: '0523affc2228cca94b1b82201cc92ed0') in 0.039854 seconds 
========================================================================
Received Import Request.
  Time since last request: 0.000027 seconds.
  path: Assets/Effects/SparksYellow.prefab
  artifactKey: Guid(8b7aa2cd902dfec4ea020093ddcc941f) Importer(815301076,1909f56bfc062723c751e8b465ee728b)
Start importing Assets/Effects/SparksYellow.prefab using Guid(8b7aa2cd902dfec4ea020093ddcc941f) Importer(815301076,1909f56bfc062723c751e8b465ee728b)  -> (artifact id: 'c8ca2e5eb8f58cd6f1b5e9e4e951b5ad') in 0.025791 seconds 
========================================================================
Received Import Request.
  Time since last request: 0.000022 seconds.
  path: Assets/Effects/Smoke.png
  artifactKey: Guid(06fc0d7a12fe7604cb65b862699af9dd) Importer(815301076,1909f56bfc062723c751e8b465ee728b)
Start importing Assets/Effects/Smoke.png using Guid(06fc0d7a12fe7604cb65b862699af9dd) Importer(815301076,1909f56bfc062723c751e8b465ee728b)  -> (artifact id: 'd11e9912c380ffd8ebbfc468f8958677') in 0.029411 seconds 
========================================================================
Received Import Request.
  Time since last request: 0.000027 seconds.
  path: Assets/Effects/RoundZoneBlue.prefab
  artifactKey: Guid(1ad294577b8fe184bbe40c7853fe1603) Importer(815301076,1909f56bfc062723c751e8b465ee728b)
Start importing Assets/Effects/RoundZoneBlue.prefab using Guid(1ad294577b8fe184bbe40c7853fe1603) Importer(815301076,1909f56bfc062723c751e8b465ee728b)  -> (artifact id: '68c58cd238097042b76414e820fa38bb') in 0.030692 seconds 
========================================================================
Received Import Request.
  Time since last request: 0.000023 seconds.
  path: Assets/Effects/SmokeFX.mat
  artifactKey: Guid(a00ff1efcc570184094e26b3d3630c07) Importer(815301076,1909f56bfc062723c751e8b465ee728b)
Start importing Assets/Effects/SmokeFX.mat using Guid(a00ff1efcc570184094e26b3d3630c07) Importer(815301076,1909f56bfc062723c751e8b465ee728b)  -> (artifact id: 'ed71f9da5c1500c1b1336fa891482e4b') in 0.025266 seconds 
Editor requested this worker to shutdown with reason: Scaling down because of idle timeout
AssetImportWorker is now disconnected from the server
Process exiting
Exiting without the bug reporter. Application will terminate with return code 0