Using pre-set license
Built from '2021.2/staging' branch; Version is '2021.2.6f1 (8c4e826ba445) revision 9195138'; Using compiler version '192829333'; Build Type 'Release'
OS: 'Windows 10  (10.0.19042) 64bit Core' Language: 'en' Physical Memory: 16282 MB
BatchMode: 1, IsHumanControllingUs: 0, StartBugReporterOnCrash: 0, Is64bit: 1, IsPro: 0

COMMAND LINE ARGUMENTS:
C:\Program Files\Unity\Hub\Editor\2021.2.6f1\Editor\Unity.exe
-adb2
-batchMode
-noUpm
-name
AssetImportWorker7
-projectPath
C:/Users/grant/UnityProjects/3D Metroidvania
-logFile
Logs/AssetImportWorker7.log
-srvPort
53125
Successfully changed project path to: C:/Users/grant/UnityProjects/3D Metroidvania
C:/Users/grant/UnityProjects/3D Metroidvania
[UnityMemory] Configuration Parameters - Can be set up in boot.config
    "memorysetup-bucket-allocator-granularity=16"
    "memorysetup-bucket-allocator-bucket-count=8"
    "memorysetup-bucket-allocator-block-size=33554432"
    "memorysetup-bucket-allocator-block-count=8"
    "memorysetup-main-allocator-block-size=16777216"
    "memorysetup-thread-allocator-block-size=16777216"
    "memorysetup-gfx-main-allocator-block-size=16777216"
    "memorysetup-gfx-thread-allocator-block-size=16777216"
    "memorysetup-cache-allocator-block-size=4194304"
    "memorysetup-typetree-allocator-block-size=2097152"
    "memorysetup-profiler-bucket-allocator-granularity=16"
    "memorysetup-profiler-bucket-allocator-bucket-count=8"
    "memorysetup-profiler-bucket-allocator-block-size=33554432"
    "memorysetup-profiler-bucket-allocator-block-count=8"
    "memorysetup-profiler-allocator-block-size=16777216"
    "memorysetup-profiler-editor-allocator-block-size=1048576"
    "memorysetup-temp-allocator-size-main=16777216"
    "memorysetup-job-temp-allocator-block-size=2097152"
    "memorysetup-job-temp-allocator-block-size-background=1048576"
    "memorysetup-job-temp-allocator-reduction-small-platforms=262144"
    "memorysetup-temp-allocator-size-background-worker=32768"
    "memorysetup-temp-allocator-size-job-worker=262144"
    "memorysetup-temp-allocator-size-preload-manager=33554432"
    "memorysetup-temp-allocator-size-nav-mesh-worker=65536"
    "memorysetup-temp-allocator-size-audio-worker=65536"
    "memorysetup-temp-allocator-size-cloud-worker=32768"
    "memorysetup-temp-allocator-size-gi-baking-worker=262144"
    "memorysetup-temp-allocator-size-gfx=262144"
Refreshing native plugins compatible for Editor in 80.98 ms, found 2 plugins.
Preloading 0 native plugins for Editor in 0.00 ms.
Initialize engine version: 2021.2.6f1 (8c4e826ba445)
[Subsystems] Discovering subsystems at path C:/Program Files/Unity/Hub/Editor/2021.2.6f1/Editor/Data/Resources/UnitySubsystems
[Subsystems] Discovering subsystems at path C:/Users/grant/UnityProjects/3D Metroidvania/Assets
GfxDevice: creating device client; threaded=0; jobified=0
Direct3D:
    Version:  Direct3D 11.0 [level 11.1]
    Renderer: NVIDIA GeForce RTX 2070 with Max-Q Design (ID=0x1f10)
    Vendor:   NVIDIA
    VRAM:     8031 MB
    Driver:   30.0.14.7196
Initialize mono
Mono path[0] = 'C:/Program Files/Unity/Hub/Editor/2021.2.6f1/Editor/Data/Managed'
Mono path[1] = 'C:/Program Files/Unity/Hub/Editor/2021.2.6f1/Editor/Data/MonoBleedingEdge/lib/mono/unityjit-win32'
Mono config path = 'C:/Program Files/Unity/Hub/Editor/2021.2.6f1/Editor/Data/MonoBleedingEdge/etc'
Using monoOptions --debugger-agent=transport=dt_socket,embedding=1,server=y,suspend=n,address=127.0.0.1:56696
Begin MonoManager ReloadAssembly
Registering precompiled unity dll's ...
Register platform support module: C:/Program Files/Unity/Hub/Editor/2021.2.6f1/Editor/Data/PlaybackEngines/WindowsStandaloneSupport/UnityEditor.WindowsStandalone.Extensions.dll
Registered in 0.008401 seconds.
Native extension for WindowsStandalone target not found
Refreshing native plugins compatible for Editor in 77.66 ms, found 2 plugins.
Preloading 0 native plugins for Editor in 0.00 ms.
Mono: successfully reloaded assembly
- Completed reload, in  0.618 seconds
Domain Reload Profiling:
	ReloadAssembly (618ms)
		BeginReloadAssembly (70ms)
			ExecutionOrderSort (0ms)
			DisableScriptedObjects (0ms)
			BackupInstance (0ms)
			ReleaseScriptingObjects (0ms)
			CreateAndSetChildDomain (1ms)
		EndReloadAssembly (467ms)
			LoadAssemblies (68ms)
			RebuildTransferFunctionScriptingTraits (0ms)
			SetupTypeCache (109ms)
			ReleaseScriptCaches (0ms)
			RebuildScriptCaches (30ms)
			SetupLoadedEditorAssemblies (275ms)
				LogAssemblyErrors (0ms)
				InitializePlatformSupportModulesInManaged (15ms)
				SetLoadedEditorAssemblies (0ms)
				RefreshPlugins (78ms)
				BeforeProcessingInitializeOnLoad (1ms)
				ProcessInitializeOnLoadAttributes (138ms)
				ProcessInitializeOnLoadMethodAttributes (43ms)
				AfterProcessingInitializeOnLoad (0ms)
				EditorAssembliesLoaded (0ms)
			ExecutionOrderSort2 (0ms)
			AwakeInstancesAfterBackupRestoration (0ms)
Platform modules already initialized, skipping
Registering precompiled user dll's ...
Registered in 0.006077 seconds.
Begin MonoManager ReloadAssembly
Native extension for WindowsStandalone target not found
Refreshing native plugins compatible for Editor in 89.42 ms, found 2 plugins.
Preloading 0 native plugins for Editor in 0.00 ms.
Mono: successfully reloaded assembly
- Completed reload, in  1.830 seconds
Domain Reload Profiling:
	ReloadAssembly (1831ms)
		BeginReloadAssembly (98ms)
			ExecutionOrderSort (0ms)
			DisableScriptedObjects (5ms)
			BackupInstance (0ms)
			ReleaseScriptingObjects (0ms)
			CreateAndSetChildDomain (17ms)
		EndReloadAssembly (1631ms)
			LoadAssemblies (73ms)
			RebuildTransferFunctionScriptingTraits (0ms)
			SetupTypeCache (208ms)
			ReleaseScriptCaches (1ms)
			RebuildScriptCaches (49ms)
			SetupLoadedEditorAssemblies (1260ms)
				LogAssemblyErrors (0ms)
				InitializePlatformSupportModulesInManaged (10ms)
				SetLoadedEditorAssemblies (0ms)
				RefreshPlugins (90ms)
				BeforeProcessingInitializeOnLoad (86ms)
				ProcessInitializeOnLoadAttributes (972ms)
				ProcessInitializeOnLoadMethodAttributes (93ms)
				AfterProcessingInitializeOnLoad (10ms)
				EditorAssembliesLoaded (0ms)
			ExecutionOrderSort2 (0ms)
			AwakeInstancesAfterBackupRestoration (7ms)
Platform modules already initialized, skipping
========================================================================
Worker process is ready to serve import requests
Launched and connected shader compiler UnityShaderCompiler.exe after 0.07 seconds
Refreshing native plugins compatible for Editor in 1.19 ms, found 2 plugins.
Preloading 0 native plugins for Editor in 0.00 ms.
Unloading 3865 Unused Serialized files (Serialized files now loaded: 0)
Unloading 127 unused Assets / (0.8 MB). Loaded Objects now: 4334.
Memory consumption went from 263.4 MB to 262.6 MB.
Total: 5.019100 ms (FindLiveObjects: 0.319900 ms CreateObjectMapping: 0.216400 ms MarkObjects: 3.829400 ms  DeleteObjects: 0.652300 ms)

AssetImportParameters requested are different than current active one (requested -> active):
  custom:video-decoder-ogg-theora: a1e56fd34408186e4bbccfd4996cb3dc -> 
  custom:container-muxer-webm: aa71ff27fc2769a1b78a27578f13a17b -> 
  custom:container-demuxer-webm: 4f35f7cbe854078d1ac9338744f61a02 -> 
  custom:video-encoder-webm-vp8: eb34c28f22e8b96e1ab97ce403110664 -> 
  custom:audio-encoder-webm-vorbis: bf7c407c2cedff20999df2af8eb42d56 -> 
  custom:framework-win-MediaFoundation: 216162199b28c13a410421893ffa2e32 -> 
  custom:container-demuxer-ogg: 62fdf1f143b41e24485cea50d1cbac27 -> 
  custom:video-decoder-webm-vp8: 9c59270c3fd7afecdb556c50c9e8de78 -> 
  custom:audio-decoder-ogg-vorbis: bf7c407c2cedff20999df2af8eb42d56 -> 
========================================================================
Received Prepare
Registering precompiled user dll's ...
Registered in 0.006101 seconds.
Begin MonoManager ReloadAssembly
Native extension for WindowsStandalone target not found
Refreshing native plugins compatible for Editor in 1.05 ms, found 2 plugins.
Preloading 0 native plugins for Editor in 0.00 ms.
Warning: Annotation not found!
UnityEngine.StackTraceUtility:ExtractStackTrace ()
UnityEditor.ProBuilder.EditorUtility:SetGizmoIconEnabled (System.Type,bool) (at Library/PackageCache/com.unity.probuilder@5.0.3/Editor/EditorCore/EditorUtility.cs:575)
UnityEditor.ProBuilder.HierarchyListener:.cctor () (at Library/PackageCache/com.unity.probuilder@5.0.3/Editor/EditorCore/HierarchyListener.cs:21)
System.Runtime.CompilerServices.RuntimeHelpers:RunClassConstructor (System.RuntimeTypeHandle)
UnityEditor.EditorAssemblies:ProcessInitializeOnLoadAttributes (System.Type[])

[Library/PackageCache/com.unity.probuilder@5.0.3/Editor/EditorCore/EditorUtility.cs line 575]

Mono: successfully reloaded assembly
- Completed reload, in  1.161 seconds
Domain Reload Profiling:
	ReloadAssembly (1161ms)
		BeginReloadAssembly (135ms)
			ExecutionOrderSort (0ms)
			DisableScriptedObjects (5ms)
			BackupInstance (0ms)
			ReleaseScriptingObjects (0ms)
			CreateAndSetChildDomain (34ms)
		EndReloadAssembly (933ms)
			LoadAssemblies (78ms)
			RebuildTransferFunctionScriptingTraits (0ms)
			SetupTypeCache (213ms)
			ReleaseScriptCaches (1ms)
			RebuildScriptCaches (42ms)
			SetupLoadedEditorAssemblies (555ms)
				LogAssemblyErrors (0ms)
				InitializePlatformSupportModulesInManaged (13ms)
				SetLoadedEditorAssemblies (0ms)
				RefreshPlugins (1ms)
				BeforeProcessingInitializeOnLoad (75ms)
				ProcessInitializeOnLoadAttributes (394ms)
				ProcessInitializeOnLoadMethodAttributes (64ms)
				AfterProcessingInitializeOnLoad (8ms)
				EditorAssembliesLoaded (0ms)
			ExecutionOrderSort2 (0ms)
			AwakeInstancesAfterBackupRestoration (12ms)
Platform modules already initialized, skipping
Refreshing native plugins compatible for Editor in 1.07 ms, found 2 plugins.
Preloading 0 native plugins for Editor in 0.00 ms.
Unloading 3686 Unused Serialized files (Serialized files now loaded: 0)
Unloading 29 unused Assets / (0.7 MB). Loaded Objects now: 4336.
Memory consumption went from 252.1 MB to 251.4 MB.
Total: 4.057500 ms (FindLiveObjects: 0.308500 ms CreateObjectMapping: 0.228000 ms MarkObjects: 3.132700 ms  DeleteObjects: 0.387100 ms)

AssetImportParameters requested are different than current active one (requested -> active):
  custom:video-decoder-ogg-theora: a1e56fd34408186e4bbccfd4996cb3dc -> 
  custom:container-muxer-webm: aa71ff27fc2769a1b78a27578f13a17b -> 
  custom:container-demuxer-webm: 4f35f7cbe854078d1ac9338744f61a02 -> 
  custom:video-encoder-webm-vp8: eb34c28f22e8b96e1ab97ce403110664 -> 
  custom:audio-encoder-webm-vorbis: bf7c407c2cedff20999df2af8eb42d56 -> 
  custom:framework-win-MediaFoundation: 216162199b28c13a410421893ffa2e32 -> 
  custom:container-demuxer-ogg: 62fdf1f143b41e24485cea50d1cbac27 -> 
  custom:video-decoder-webm-vp8: 9c59270c3fd7afecdb556c50c9e8de78 -> 
  custom:audio-decoder-ogg-vorbis: bf7c407c2cedff20999df2af8eb42d56 -> 
========================================================================
Received Prepare
Registering precompiled user dll's ...
Registered in 0.006887 seconds.
Begin MonoManager ReloadAssembly
Native extension for WindowsStandalone target not found
Refreshing native plugins compatible for Editor in 1.11 ms, found 2 plugins.
Preloading 0 native plugins for Editor in 0.00 ms.
Warning: Annotation not found!
UnityEngine.StackTraceUtility:ExtractStackTrace ()
UnityEditor.ProBuilder.EditorUtility:SetGizmoIconEnabled (System.Type,bool) (at Library/PackageCache/com.unity.probuilder@5.0.3/Editor/EditorCore/EditorUtility.cs:575)
UnityEditor.ProBuilder.HierarchyListener:.cctor () (at Library/PackageCache/com.unity.probuilder@5.0.3/Editor/EditorCore/HierarchyListener.cs:21)
System.Runtime.CompilerServices.RuntimeHelpers:RunClassConstructor (System.RuntimeTypeHandle)
UnityEditor.EditorAssemblies:ProcessInitializeOnLoadAttributes (System.Type[])

[Library/PackageCache/com.unity.probuilder@5.0.3/Editor/EditorCore/EditorUtility.cs line 575]

Mono: successfully reloaded assembly
- Completed reload, in  1.178 seconds
Domain Reload Profiling:
	ReloadAssembly (1178ms)
		BeginReloadAssembly (149ms)
			ExecutionOrderSort (0ms)
			DisableScriptedObjects (5ms)
			BackupInstance (0ms)
			ReleaseScriptingObjects (0ms)
			CreateAndSetChildDomain (33ms)
		EndReloadAssembly (933ms)
			LoadAssemblies (84ms)
			RebuildTransferFunctionScriptingTraits (0ms)
			SetupTypeCache (203ms)
			ReleaseScriptCaches (2ms)
			RebuildScriptCaches (42ms)
			SetupLoadedEditorAssemblies (563ms)
				LogAssemblyErrors (0ms)
				InitializePlatformSupportModulesInManaged (12ms)
				SetLoadedEditorAssemblies (1ms)
				RefreshPlugins (1ms)
				BeforeProcessingInitializeOnLoad (81ms)
				ProcessInitializeOnLoadAttributes (382ms)
				ProcessInitializeOnLoadMethodAttributes (78ms)
				AfterProcessingInitializeOnLoad (8ms)
				EditorAssembliesLoaded (0ms)
			ExecutionOrderSort2 (0ms)
			AwakeInstancesAfterBackupRestoration (14ms)
Platform modules already initialized, skipping
Refreshing native plugins compatible for Editor in 1.31 ms, found 2 plugins.
Preloading 0 native plugins for Editor in 0.00 ms.
Unloading 3686 Unused Serialized files (Serialized files now loaded: 0)
Unloading 29 unused Assets / (0.7 MB). Loaded Objects now: 4338.
Memory consumption went from 252.1 MB to 251.4 MB.
Total: 6.638700 ms (FindLiveObjects: 0.385000 ms CreateObjectMapping: 0.305500 ms MarkObjects: 5.531200 ms  DeleteObjects: 0.415600 ms)

AssetImportParameters requested are different than current active one (requested -> active):
  custom:video-decoder-ogg-theora: a1e56fd34408186e4bbccfd4996cb3dc -> 
  custom:container-muxer-webm: aa71ff27fc2769a1b78a27578f13a17b -> 
  custom:container-demuxer-webm: 4f35f7cbe854078d1ac9338744f61a02 -> 
  custom:video-encoder-webm-vp8: eb34c28f22e8b96e1ab97ce403110664 -> 
  custom:audio-encoder-webm-vorbis: bf7c407c2cedff20999df2af8eb42d56 -> 
  custom:framework-win-MediaFoundation: 216162199b28c13a410421893ffa2e32 -> 
  custom:container-demuxer-ogg: 62fdf1f143b41e24485cea50d1cbac27 -> 
  custom:video-decoder-webm-vp8: 9c59270c3fd7afecdb556c50c9e8de78 -> 
  custom:audio-decoder-ogg-vorbis: bf7c407c2cedff20999df2af8eb42d56 -> 
========================================================================
Received Prepare
Registering precompiled user dll's ...
Registered in 0.005525 seconds.
Begin MonoManager ReloadAssembly
Native extension for WindowsStandalone target not found
Refreshing native plugins compatible for Editor in 0.98 ms, found 2 plugins.
Preloading 0 native plugins for Editor in 0.00 ms.
Warning: Annotation not found!
UnityEngine.StackTraceUtility:ExtractStackTrace ()
UnityEditor.ProBuilder.EditorUtility:SetGizmoIconEnabled (System.Type,bool) (at Library/PackageCache/com.unity.probuilder@5.0.3/Editor/EditorCore/EditorUtility.cs:575)
UnityEditor.ProBuilder.HierarchyListener:.cctor () (at Library/PackageCache/com.unity.probuilder@5.0.3/Editor/EditorCore/HierarchyListener.cs:21)
System.Runtime.CompilerServices.RuntimeHelpers:RunClassConstructor (System.RuntimeTypeHandle)
UnityEditor.EditorAssemblies:ProcessInitializeOnLoadAttributes (System.Type[])

[Library/PackageCache/com.unity.probuilder@5.0.3/Editor/EditorCore/EditorUtility.cs line 575]

Mono: successfully reloaded assembly
- Completed reload, in  1.162 seconds
Domain Reload Profiling:
	ReloadAssembly (1163ms)
		BeginReloadAssembly (141ms)
			ExecutionOrderSort (0ms)
			DisableScriptedObjects (5ms)
			BackupInstance (0ms)
			ReleaseScriptingObjects (0ms)
			CreateAndSetChildDomain (33ms)
		EndReloadAssembly (928ms)
			LoadAssemblies (81ms)
			RebuildTransferFunctionScriptingTraits (0ms)
			SetupTypeCache (211ms)
			ReleaseScriptCaches (1ms)
			RebuildScriptCaches (41ms)
			SetupLoadedEditorAssemblies (548ms)
				LogAssemblyErrors (0ms)
				InitializePlatformSupportModulesInManaged (15ms)
				SetLoadedEditorAssemblies (0ms)
				RefreshPlugins (1ms)
				BeforeProcessingInitializeOnLoad (76ms)
				ProcessInitializeOnLoadAttributes (378ms)
				ProcessInitializeOnLoadMethodAttributes (68ms)
				AfterProcessingInitializeOnLoad (10ms)
				EditorAssembliesLoaded (0ms)
			ExecutionOrderSort2 (0ms)
			AwakeInstancesAfterBackupRestoration (16ms)
Platform modules already initialized, skipping
Refreshing native plugins compatible for Editor in 1.07 ms, found 2 plugins.
Preloading 0 native plugins for Editor in 0.00 ms.
Unloading 3686 Unused Serialized files (Serialized files now loaded: 0)
Unloading 29 unused Assets / (0.7 MB). Loaded Objects now: 4340.
Memory consumption went from 252.0 MB to 251.2 MB.
Total: 4.567100 ms (FindLiveObjects: 0.302100 ms CreateObjectMapping: 0.242000 ms MarkObjects: 3.595100 ms  DeleteObjects: 0.426700 ms)

AssetImportParameters requested are different than current active one (requested -> active):
  custom:video-decoder-ogg-theora: a1e56fd34408186e4bbccfd4996cb3dc -> 
  custom:container-muxer-webm: aa71ff27fc2769a1b78a27578f13a17b -> 
  custom:container-demuxer-webm: 4f35f7cbe854078d1ac9338744f61a02 -> 
  custom:video-encoder-webm-vp8: eb34c28f22e8b96e1ab97ce403110664 -> 
  custom:audio-encoder-webm-vorbis: bf7c407c2cedff20999df2af8eb42d56 -> 
  custom:framework-win-MediaFoundation: 216162199b28c13a410421893ffa2e32 -> 
  custom:container-demuxer-ogg: 62fdf1f143b41e24485cea50d1cbac27 -> 
  custom:video-decoder-webm-vp8: 9c59270c3fd7afecdb556c50c9e8de78 -> 
  custom:audio-decoder-ogg-vorbis: bf7c407c2cedff20999df2af8eb42d56 -> 
========================================================================
Received Import Request.
  Time since last request: 1364268.096842 seconds.
  path: Assets/Prefabs/Player/Weapons/Pistol.prefab
  artifactKey: Guid(bceefb2a39f6db74d9bc9d006687b7f1) Importer(815301076,1909f56bfc062723c751e8b465ee728b)
Start importing Assets/Prefabs/Player/Weapons/Pistol.prefab using Guid(bceefb2a39f6db74d9bc9d006687b7f1) Importer(815301076,1909f56bfc062723c751e8b465ee728b)  -> (artifact id: 'ac742937168212db52b7ab5bc68e9480') in 0.316300 seconds 
========================================================================
Received Prepare
Registering precompiled user dll's ...
Registered in 0.005570 seconds.
Begin MonoManager ReloadAssembly
Native extension for WindowsStandalone target not found
Refreshing native plugins compatible for Editor in 1.00 ms, found 2 plugins.
Preloading 0 native plugins for Editor in 0.00 ms.
Warning: Annotation not found!
UnityEngine.StackTraceUtility:ExtractStackTrace ()
UnityEditor.ProBuilder.EditorUtility:SetGizmoIconEnabled (System.Type,bool) (at Library/PackageCache/com.unity.probuilder@5.0.3/Editor/EditorCore/EditorUtility.cs:575)
UnityEditor.ProBuilder.HierarchyListener:.cctor () (at Library/PackageCache/com.unity.probuilder@5.0.3/Editor/EditorCore/HierarchyListener.cs:21)
System.Runtime.CompilerServices.RuntimeHelpers:RunClassConstructor (System.RuntimeTypeHandle)
UnityEditor.EditorAssemblies:ProcessInitializeOnLoadAttributes (System.Type[])

[Library/PackageCache/com.unity.probuilder@5.0.3/Editor/EditorCore/EditorUtility.cs line 575]

Mono: successfully reloaded assembly
- Completed reload, in  1.203 seconds
Domain Reload Profiling:
	ReloadAssembly (1204ms)
		BeginReloadAssembly (158ms)
			ExecutionOrderSort (0ms)
			DisableScriptedObjects (7ms)
			BackupInstance (0ms)
			ReleaseScriptingObjects (0ms)
			CreateAndSetChildDomain (37ms)
		EndReloadAssembly (946ms)
			LoadAssemblies (89ms)
			RebuildTransferFunctionScriptingTraits (0ms)
			SetupTypeCache (207ms)
			ReleaseScriptCaches (1ms)
			RebuildScriptCaches (40ms)
			SetupLoadedEditorAssemblies (544ms)
				LogAssemblyErrors (0ms)
				InitializePlatformSupportModulesInManaged (11ms)
				SetLoadedEditorAssemblies (0ms)
				RefreshPlugins (1ms)
				BeforeProcessingInitializeOnLoad (73ms)
				ProcessInitializeOnLoadAttributes (381ms)
				ProcessInitializeOnLoadMethodAttributes (68ms)
				AfterProcessingInitializeOnLoad (9ms)
				EditorAssembliesLoaded (0ms)
			ExecutionOrderSort2 (0ms)
			AwakeInstancesAfterBackupRestoration (18ms)
Platform modules already initialized, skipping
Refreshing native plugins compatible for Editor in 1.25 ms, found 2 plugins.
Preloading 0 native plugins for Editor in 0.00 ms.
Unloading 3693 Unused Serialized files (Serialized files now loaded: 0)
Unloading 26 unused Assets / (364.0 KB). Loaded Objects now: 4415.
Memory consumption went from 260.3 MB to 260.0 MB.
Total: 4.246000 ms (FindLiveObjects: 0.360400 ms CreateObjectMapping: 0.250200 ms MarkObjects: 3.394100 ms  DeleteObjects: 0.240300 ms)

AssetImportParameters requested are different than current active one (requested -> active):
  custom:video-decoder-ogg-theora: a1e56fd34408186e4bbccfd4996cb3dc -> 
  custom:container-muxer-webm: aa71ff27fc2769a1b78a27578f13a17b -> 
  custom:container-demuxer-webm: 4f35f7cbe854078d1ac9338744f61a02 -> 
  custom:video-encoder-webm-vp8: eb34c28f22e8b96e1ab97ce403110664 -> 
  custom:audio-encoder-webm-vorbis: bf7c407c2cedff20999df2af8eb42d56 -> 
  custom:framework-win-MediaFoundation: 216162199b28c13a410421893ffa2e32 -> 
  custom:container-demuxer-ogg: 62fdf1f143b41e24485cea50d1cbac27 -> 
  custom:video-decoder-webm-vp8: 9c59270c3fd7afecdb556c50c9e8de78 -> 
  custom:audio-decoder-ogg-vorbis: bf7c407c2cedff20999df2af8eb42d56 -> 
========================================================================
Received Prepare
Registering precompiled user dll's ...
Registered in 0.005820 seconds.
Begin MonoManager ReloadAssembly
Native extension for WindowsStandalone target not found
Refreshing native plugins compatible for Editor in 1.03 ms, found 2 plugins.
Preloading 0 native plugins for Editor in 0.00 ms.
Warning: Annotation not found!
UnityEngine.StackTraceUtility:ExtractStackTrace ()
UnityEditor.ProBuilder.EditorUtility:SetGizmoIconEnabled (System.Type,bool) (at Library/PackageCache/com.unity.probuilder@5.0.3/Editor/EditorCore/EditorUtility.cs:575)
UnityEditor.ProBuilder.HierarchyListener:.cctor () (at Library/PackageCache/com.unity.probuilder@5.0.3/Editor/EditorCore/HierarchyListener.cs:21)
System.Runtime.CompilerServices.RuntimeHelpers:RunClassConstructor (System.RuntimeTypeHandle)
UnityEditor.EditorAssemblies:ProcessInitializeOnLoadAttributes (System.Type[])

[Library/PackageCache/com.unity.probuilder@5.0.3/Editor/EditorCore/EditorUtility.cs line 575]

Mono: successfully reloaded assembly
- Completed reload, in  1.171 seconds
Domain Reload Profiling:
	ReloadAssembly (1172ms)
		BeginReloadAssembly (133ms)
			ExecutionOrderSort (0ms)
			DisableScriptedObjects (5ms)
			BackupInstance (0ms)
			ReleaseScriptingObjects (0ms)
			CreateAndSetChildDomain (33ms)
		EndReloadAssembly (947ms)
			LoadAssemblies (80ms)
			RebuildTransferFunctionScriptingTraits (0ms)
			SetupTypeCache (202ms)
			ReleaseScriptCaches (1ms)
			RebuildScriptCaches (40ms)
			SetupLoadedEditorAssemblies (558ms)
				LogAssemblyErrors (0ms)
				InitializePlatformSupportModulesInManaged (12ms)
				SetLoadedEditorAssemblies (0ms)
				RefreshPlugins (1ms)
				BeforeProcessingInitializeOnLoad (72ms)
				ProcessInitializeOnLoadAttributes (396ms)
				ProcessInitializeOnLoadMethodAttributes (68ms)
				AfterProcessingInitializeOnLoad (8ms)
				EditorAssembliesLoaded (0ms)
			ExecutionOrderSort2 (0ms)
			AwakeInstancesAfterBackupRestoration (16ms)
Platform modules already initialized, skipping
Refreshing native plugins compatible for Editor in 1.14 ms, found 2 plugins.
Preloading 0 native plugins for Editor in 0.00 ms.
Unloading 3683 Unused Serialized files (Serialized files now loaded: 0)
Unloading 26 unused Assets / (371.9 KB). Loaded Objects now: 4417.
Memory consumption went from 259.5 MB to 259.2 MB.
Total: 4.092200 ms (FindLiveObjects: 0.309800 ms CreateObjectMapping: 0.232000 ms MarkObjects: 3.332500 ms  DeleteObjects: 0.217100 ms)

AssetImportParameters requested are different than current active one (requested -> active):
  custom:video-decoder-ogg-theora: a1e56fd34408186e4bbccfd4996cb3dc -> 
  custom:container-muxer-webm: aa71ff27fc2769a1b78a27578f13a17b -> 
  custom:container-demuxer-webm: 4f35f7cbe854078d1ac9338744f61a02 -> 
  custom:video-encoder-webm-vp8: eb34c28f22e8b96e1ab97ce403110664 -> 
  custom:audio-encoder-webm-vorbis: bf7c407c2cedff20999df2af8eb42d56 -> 
  custom:framework-win-MediaFoundation: 216162199b28c13a410421893ffa2e32 -> 
  custom:container-demuxer-ogg: 62fdf1f143b41e24485cea50d1cbac27 -> 
  custom:video-decoder-webm-vp8: 9c59270c3fd7afecdb556c50c9e8de78 -> 
  custom:audio-decoder-ogg-vorbis: bf7c407c2cedff20999df2af8eb42d56 -> 
========================================================================
Received Prepare
Registering precompiled user dll's ...
Registered in 0.005826 seconds.
Begin MonoManager ReloadAssembly
Native extension for WindowsStandalone target not found
Refreshing native plugins compatible for Editor in 1.87 ms, found 2 plugins.
Preloading 0 native plugins for Editor in 0.00 ms.
Warning: Annotation not found!
UnityEngine.StackTraceUtility:ExtractStackTrace ()
UnityEditor.ProBuilder.EditorUtility:SetGizmoIconEnabled (System.Type,bool) (at Library/PackageCache/com.unity.probuilder@5.0.3/Editor/EditorCore/EditorUtility.cs:575)
UnityEditor.ProBuilder.HierarchyListener:.cctor () (at Library/PackageCache/com.unity.probuilder@5.0.3/Editor/EditorCore/HierarchyListener.cs:21)
System.Runtime.CompilerServices.RuntimeHelpers:RunClassConstructor (System.RuntimeTypeHandle)
UnityEditor.EditorAssemblies:ProcessInitializeOnLoadAttributes (System.Type[])

[Library/PackageCache/com.unity.probuilder@5.0.3/Editor/EditorCore/EditorUtility.cs line 575]

Mono: successfully reloaded assembly
- Completed reload, in  1.302 seconds
Domain Reload Profiling:
	ReloadAssembly (1303ms)
		BeginReloadAssembly (162ms)
			ExecutionOrderSort (0ms)
			DisableScriptedObjects (5ms)
			BackupInstance (0ms)
			ReleaseScriptingObjects (0ms)
			CreateAndSetChildDomain (35ms)
		EndReloadAssembly (1032ms)
			LoadAssemblies (91ms)
			RebuildTransferFunctionScriptingTraits (0ms)
			SetupTypeCache (239ms)
			ReleaseScriptCaches (1ms)
			RebuildScriptCaches (53ms)
			SetupLoadedEditorAssemblies (584ms)
				LogAssemblyErrors (0ms)
				InitializePlatformSupportModulesInManaged (16ms)
				SetLoadedEditorAssemblies (1ms)
				RefreshPlugins (2ms)
				BeforeProcessingInitializeOnLoad (93ms)
				ProcessInitializeOnLoadAttributes (392ms)
				ProcessInitializeOnLoadMethodAttributes (72ms)
				AfterProcessingInitializeOnLoad (9ms)
				EditorAssembliesLoaded (0ms)
			ExecutionOrderSort2 (0ms)
			AwakeInstancesAfterBackupRestoration (17ms)
Platform modules already initialized, skipping
Refreshing native plugins compatible for Editor in 1.18 ms, found 2 plugins.
Preloading 0 native plugins for Editor in 0.00 ms.
Unloading 3683 Unused Serialized files (Serialized files now loaded: 0)
Unloading 26 unused Assets / (371.9 KB). Loaded Objects now: 4419.
Memory consumption went from 259.5 MB to 259.2 MB.
Total: 5.410800 ms (FindLiveObjects: 0.392700 ms CreateObjectMapping: 0.278300 ms MarkObjects: 4.259300 ms  DeleteObjects: 0.479300 ms)

AssetImportParameters requested are different than current active one (requested -> active):
  custom:video-decoder-ogg-theora: a1e56fd34408186e4bbccfd4996cb3dc -> 
  custom:container-muxer-webm: aa71ff27fc2769a1b78a27578f13a17b -> 
  custom:container-demuxer-webm: 4f35f7cbe854078d1ac9338744f61a02 -> 
  custom:video-encoder-webm-vp8: eb34c28f22e8b96e1ab97ce403110664 -> 
  custom:audio-encoder-webm-vorbis: bf7c407c2cedff20999df2af8eb42d56 -> 
  custom:framework-win-MediaFoundation: 216162199b28c13a410421893ffa2e32 -> 
  custom:container-demuxer-ogg: 62fdf1f143b41e24485cea50d1cbac27 -> 
  custom:video-decoder-webm-vp8: 9c59270c3fd7afecdb556c50c9e8de78 -> 
  custom:audio-decoder-ogg-vorbis: bf7c407c2cedff20999df2af8eb42d56 -> 
========================================================================
Received Prepare
Registering precompiled user dll's ...
Registered in 0.005539 seconds.
Begin MonoManager ReloadAssembly
Native extension for WindowsStandalone target not found
Refreshing native plugins compatible for Editor in 1.00 ms, found 2 plugins.
Preloading 0 native plugins for Editor in 0.00 ms.
Warning: Annotation not found!
UnityEngine.StackTraceUtility:ExtractStackTrace ()
UnityEditor.ProBuilder.EditorUtility:SetGizmoIconEnabled (System.Type,bool) (at Library/PackageCache/com.unity.probuilder@5.0.3/Editor/EditorCore/EditorUtility.cs:575)
UnityEditor.ProBuilder.HierarchyListener:.cctor () (at Library/PackageCache/com.unity.probuilder@5.0.3/Editor/EditorCore/HierarchyListener.cs:21)
System.Runtime.CompilerServices.RuntimeHelpers:RunClassConstructor (System.RuntimeTypeHandle)
UnityEditor.EditorAssemblies:ProcessInitializeOnLoadAttributes (System.Type[])

[Library/PackageCache/com.unity.probuilder@5.0.3/Editor/EditorCore/EditorUtility.cs line 575]

Mono: successfully reloaded assembly
- Completed reload, in  1.178 seconds
Domain Reload Profiling:
	ReloadAssembly (1178ms)
		BeginReloadAssembly (145ms)
			ExecutionOrderSort (0ms)
			DisableScriptedObjects (5ms)
			BackupInstance (0ms)
			ReleaseScriptingObjects (0ms)
			CreateAndSetChildDomain (38ms)
		EndReloadAssembly (937ms)
			LoadAssemblies (78ms)
			RebuildTransferFunctionScriptingTraits (0ms)
			SetupTypeCache (207ms)
			ReleaseScriptCaches (1ms)
			RebuildScriptCaches (45ms)
			SetupLoadedEditorAssemblies (541ms)
				LogAssemblyErrors (0ms)
				InitializePlatformSupportModulesInManaged (11ms)
				SetLoadedEditorAssemblies (0ms)
				RefreshPlugins (1ms)
				BeforeProcessingInitializeOnLoad (72ms)
				ProcessInitializeOnLoadAttributes (375ms)
				ProcessInitializeOnLoadMethodAttributes (70ms)
				AfterProcessingInitializeOnLoad (10ms)
				EditorAssembliesLoaded (0ms)
			ExecutionOrderSort2 (0ms)
			AwakeInstancesAfterBackupRestoration (18ms)
Platform modules already initialized, skipping
Refreshing native plugins compatible for Editor in 1.24 ms, found 2 plugins.
Preloading 0 native plugins for Editor in 0.00 ms.
Unloading 3683 Unused Serialized files (Serialized files now loaded: 0)
Unloading 26 unused Assets / (364.0 KB). Loaded Objects now: 4421.
Memory consumption went from 259.5 MB to 259.2 MB.
Total: 4.753800 ms (FindLiveObjects: 0.327600 ms CreateObjectMapping: 0.265400 ms MarkObjects: 3.824400 ms  DeleteObjects: 0.335300 ms)

AssetImportParameters requested are different than current active one (requested -> active):
  custom:video-decoder-ogg-theora: a1e56fd34408186e4bbccfd4996cb3dc -> 
  custom:container-muxer-webm: aa71ff27fc2769a1b78a27578f13a17b -> 
  custom:container-demuxer-webm: 4f35f7cbe854078d1ac9338744f61a02 -> 
  custom:video-encoder-webm-vp8: eb34c28f22e8b96e1ab97ce403110664 -> 
  custom:audio-encoder-webm-vorbis: bf7c407c2cedff20999df2af8eb42d56 -> 
  custom:framework-win-MediaFoundation: 216162199b28c13a410421893ffa2e32 -> 
  custom:container-demuxer-ogg: 62fdf1f143b41e24485cea50d1cbac27 -> 
  custom:video-decoder-webm-vp8: 9c59270c3fd7afecdb556c50c9e8de78 -> 
  custom:audio-decoder-ogg-vorbis: bf7c407c2cedff20999df2af8eb42d56 -> 
========================================================================
Received Prepare
Registering precompiled user dll's ...
Registered in 0.007373 seconds.
Begin MonoManager ReloadAssembly
Native extension for WindowsStandalone target not found
Refreshing native plugins compatible for Editor in 1.37 ms, found 2 plugins.
Preloading 0 native plugins for Editor in 0.00 ms.
Warning: Annotation not found!
UnityEngine.StackTraceUtility:ExtractStackTrace ()
UnityEditor.ProBuilder.EditorUtility:SetGizmoIconEnabled (System.Type,bool) (at Library/PackageCache/com.unity.probuilder@5.0.3/Editor/EditorCore/EditorUtility.cs:575)
UnityEditor.ProBuilder.HierarchyListener:.cctor () (at Library/PackageCache/com.unity.probuilder@5.0.3/Editor/EditorCore/HierarchyListener.cs:21)
System.Runtime.CompilerServices.RuntimeHelpers:RunClassConstructor (System.RuntimeTypeHandle)
UnityEditor.EditorAssemblies:ProcessInitializeOnLoadAttributes (System.Type[])

[Library/PackageCache/com.unity.probuilder@5.0.3/Editor/EditorCore/EditorUtility.cs line 575]

Mono: successfully reloaded assembly
- Completed reload, in  1.162 seconds
Domain Reload Profiling:
	ReloadAssembly (1162ms)
		BeginReloadAssembly (131ms)
			ExecutionOrderSort (0ms)
			DisableScriptedObjects (6ms)
			BackupInstance (0ms)
			ReleaseScriptingObjects (0ms)
			CreateAndSetChildDomain (32ms)
		EndReloadAssembly (938ms)
			LoadAssemblies (78ms)
			RebuildTransferFunctionScriptingTraits (0ms)
			SetupTypeCache (205ms)
			ReleaseScriptCaches (1ms)
			RebuildScriptCaches (41ms)
			SetupLoadedEditorAssemblies (549ms)
				LogAssemblyErrors (0ms)
				InitializePlatformSupportModulesInManaged (12ms)
				SetLoadedEditorAssemblies (1ms)
				RefreshPlugins (1ms)
				BeforeProcessingInitializeOnLoad (79ms)
				ProcessInitializeOnLoadAttributes (380ms)
				ProcessInitializeOnLoadMethodAttributes (65ms)
				AfterProcessingInitializeOnLoad (12ms)
				EditorAssembliesLoaded (0ms)
			ExecutionOrderSort2 (0ms)
			AwakeInstancesAfterBackupRestoration (16ms)
Platform modules already initialized, skipping
Refreshing native plugins compatible for Editor in 1.08 ms, found 2 plugins.
Preloading 0 native plugins for Editor in 0.00 ms.
Unloading 3683 Unused Serialized files (Serialized files now loaded: 0)
Unloading 26 unused Assets / (387.8 KB). Loaded Objects now: 4423.
Memory consumption went from 259.6 MB to 259.2 MB.
Total: 6.178100 ms (FindLiveObjects: 0.354800 ms CreateObjectMapping: 0.265000 ms MarkObjects: 5.067600 ms  DeleteObjects: 0.489400 ms)

AssetImportParameters requested are different than current active one (requested -> active):
  custom:video-decoder-ogg-theora: a1e56fd34408186e4bbccfd4996cb3dc -> 
  custom:container-muxer-webm: aa71ff27fc2769a1b78a27578f13a17b -> 
  custom:container-demuxer-webm: 4f35f7cbe854078d1ac9338744f61a02 -> 
  custom:video-encoder-webm-vp8: eb34c28f22e8b96e1ab97ce403110664 -> 
  custom:audio-encoder-webm-vorbis: bf7c407c2cedff20999df2af8eb42d56 -> 
  custom:framework-win-MediaFoundation: 216162199b28c13a410421893ffa2e32 -> 
  custom:container-demuxer-ogg: 62fdf1f143b41e24485cea50d1cbac27 -> 
  custom:video-decoder-webm-vp8: 9c59270c3fd7afecdb556c50c9e8de78 -> 
  custom:audio-decoder-ogg-vorbis: bf7c407c2cedff20999df2af8eb42d56 -> 
========================================================================
Received Prepare
Registering precompiled user dll's ...
Registered in 0.005712 seconds.
Begin MonoManager ReloadAssembly
Native extension for WindowsStandalone target not found
Refreshing native plugins compatible for Editor in 1.00 ms, found 2 plugins.
Preloading 0 native plugins for Editor in 0.00 ms.
Warning: Annotation not found!
UnityEngine.StackTraceUtility:ExtractStackTrace ()
UnityEditor.ProBuilder.EditorUtility:SetGizmoIconEnabled (System.Type,bool) (at Library/PackageCache/com.unity.probuilder@5.0.3/Editor/EditorCore/EditorUtility.cs:575)
UnityEditor.ProBuilder.HierarchyListener:.cctor () (at Library/PackageCache/com.unity.probuilder@5.0.3/Editor/EditorCore/HierarchyListener.cs:21)
System.Runtime.CompilerServices.RuntimeHelpers:RunClassConstructor (System.RuntimeTypeHandle)
UnityEditor.EditorAssemblies:ProcessInitializeOnLoadAttributes (System.Type[])

[Library/PackageCache/com.unity.probuilder@5.0.3/Editor/EditorCore/EditorUtility.cs line 575]

Mono: successfully reloaded assembly
- Completed reload, in  1.160 seconds
Domain Reload Profiling:
	ReloadAssembly (1161ms)
		BeginReloadAssembly (135ms)
			ExecutionOrderSort (0ms)
			DisableScriptedObjects (8ms)
			BackupInstance (0ms)
			ReleaseScriptingObjects (0ms)
			CreateAndSetChildDomain (34ms)
		EndReloadAssembly (933ms)
			LoadAssemblies (75ms)
			RebuildTransferFunctionScriptingTraits (0ms)
			SetupTypeCache (216ms)
			ReleaseScriptCaches (1ms)
			RebuildScriptCaches (42ms)
			SetupLoadedEditorAssemblies (533ms)
				LogAssemblyErrors (0ms)
				InitializePlatformSupportModulesInManaged (11ms)
				SetLoadedEditorAssemblies (0ms)
				RefreshPlugins (1ms)
				BeforeProcessingInitializeOnLoad (70ms)
				ProcessInitializeOnLoadAttributes (371ms)
				ProcessInitializeOnLoadMethodAttributes (70ms)
				AfterProcessingInitializeOnLoad (9ms)
				EditorAssembliesLoaded (0ms)
			ExecutionOrderSort2 (0ms)
			AwakeInstancesAfterBackupRestoration (17ms)
Platform modules already initialized, skipping
Refreshing native plugins compatible for Editor in 1.11 ms, found 2 plugins.
Preloading 0 native plugins for Editor in 0.00 ms.
Unloading 3683 Unused Serialized files (Serialized files now loaded: 0)
Unloading 26 unused Assets / (379.9 KB). Loaded Objects now: 4425.
Memory consumption went from 259.6 MB to 259.2 MB.
Total: 4.112200 ms (FindLiveObjects: 0.307600 ms CreateObjectMapping: 0.236900 ms MarkObjects: 3.251400 ms  DeleteObjects: 0.315300 ms)

AssetImportParameters requested are different than current active one (requested -> active):
  custom:video-decoder-ogg-theora: a1e56fd34408186e4bbccfd4996cb3dc -> 
  custom:container-muxer-webm: aa71ff27fc2769a1b78a27578f13a17b -> 
  custom:container-demuxer-webm: 4f35f7cbe854078d1ac9338744f61a02 -> 
  custom:video-encoder-webm-vp8: eb34c28f22e8b96e1ab97ce403110664 -> 
  custom:audio-encoder-webm-vorbis: bf7c407c2cedff20999df2af8eb42d56 -> 
  custom:framework-win-MediaFoundation: 216162199b28c13a410421893ffa2e32 -> 
  custom:container-demuxer-ogg: 62fdf1f143b41e24485cea50d1cbac27 -> 
  custom:video-decoder-webm-vp8: 9c59270c3fd7afecdb556c50c9e8de78 -> 
  custom:audio-decoder-ogg-vorbis: bf7c407c2cedff20999df2af8eb42d56 -> 
========================================================================
Received Prepare
Registering precompiled user dll's ...
Registered in 0.006135 seconds.
Begin MonoManager ReloadAssembly
Native extension for WindowsStandalone target not found
Refreshing native plugins compatible for Editor in 1.05 ms, found 2 plugins.
Preloading 0 native plugins for Editor in 0.00 ms.
Warning: Annotation not found!
UnityEngine.StackTraceUtility:ExtractStackTrace ()
UnityEditor.ProBuilder.EditorUtility:SetGizmoIconEnabled (System.Type,bool) (at Library/PackageCache/com.unity.probuilder@5.0.3/Editor/EditorCore/EditorUtility.cs:575)
UnityEditor.ProBuilder.HierarchyListener:.cctor () (at Library/PackageCache/com.unity.probuilder@5.0.3/Editor/EditorCore/HierarchyListener.cs:21)
System.Runtime.CompilerServices.RuntimeHelpers:RunClassConstructor (System.RuntimeTypeHandle)
UnityEditor.EditorAssemblies:ProcessInitializeOnLoadAttributes (System.Type[])

[Library/PackageCache/com.unity.probuilder@5.0.3/Editor/EditorCore/EditorUtility.cs line 575]

Mono: successfully reloaded assembly
- Completed reload, in  1.158 seconds
Domain Reload Profiling:
	ReloadAssembly (1159ms)
		BeginReloadAssembly (142ms)
			ExecutionOrderSort (0ms)
			DisableScriptedObjects (5ms)
			BackupInstance (0ms)
			ReleaseScriptingObjects (0ms)
			CreateAndSetChildDomain (34ms)
		EndReloadAssembly (923ms)
			LoadAssemblies (86ms)
			RebuildTransferFunctionScriptingTraits (0ms)
			SetupTypeCache (208ms)
			ReleaseScriptCaches (1ms)
			RebuildScriptCaches (41ms)
			SetupLoadedEditorAssemblies (533ms)
				LogAssemblyErrors (0ms)
				InitializePlatformSupportModulesInManaged (11ms)
				SetLoadedEditorAssemblies (0ms)
				RefreshPlugins (1ms)
				BeforeProcessingInitializeOnLoad (70ms)
				ProcessInitializeOnLoadAttributes (373ms)
				ProcessInitializeOnLoadMethodAttributes (68ms)
				AfterProcessingInitializeOnLoad (9ms)
				EditorAssembliesLoaded (0ms)
			ExecutionOrderSort2 (0ms)
			AwakeInstancesAfterBackupRestoration (17ms)
Platform modules already initialized, skipping
Refreshing native plugins compatible for Editor in 1.15 ms, found 2 plugins.
Preloading 0 native plugins for Editor in 0.00 ms.
Unloading 3683 Unused Serialized files (Serialized files now loaded: 0)
Unloading 26 unused Assets / (364.0 KB). Loaded Objects now: 4427.
Memory consumption went from 259.6 MB to 259.2 MB.
Total: 5.320100 ms (FindLiveObjects: 0.386200 ms CreateObjectMapping: 0.319200 ms MarkObjects: 4.329500 ms  DeleteObjects: 0.283700 ms)

AssetImportParameters requested are different than current active one (requested -> active):
  custom:video-decoder-ogg-theora: a1e56fd34408186e4bbccfd4996cb3dc -> 
  custom:container-muxer-webm: aa71ff27fc2769a1b78a27578f13a17b -> 
  custom:container-demuxer-webm: 4f35f7cbe854078d1ac9338744f61a02 -> 
  custom:video-encoder-webm-vp8: eb34c28f22e8b96e1ab97ce403110664 -> 
  custom:audio-encoder-webm-vorbis: bf7c407c2cedff20999df2af8eb42d56 -> 
  custom:framework-win-MediaFoundation: 216162199b28c13a410421893ffa2e32 -> 
  custom:container-demuxer-ogg: 62fdf1f143b41e24485cea50d1cbac27 -> 
  custom:video-decoder-webm-vp8: 9c59270c3fd7afecdb556c50c9e8de78 -> 
  custom:audio-decoder-ogg-vorbis: bf7c407c2cedff20999df2af8eb42d56 -> 
========================================================================
Received Prepare
Registering precompiled user dll's ...
Registered in 0.007252 seconds.
Begin MonoManager ReloadAssembly
Native extension for WindowsStandalone target not found
Refreshing native plugins compatible for Editor in 2.53 ms, found 2 plugins.
Preloading 0 native plugins for Editor in 0.00 ms.
Warning: Annotation not found!
UnityEngine.StackTraceUtility:ExtractStackTrace ()
UnityEditor.ProBuilder.EditorUtility:SetGizmoIconEnabled (System.Type,bool) (at Library/PackageCache/com.unity.probuilder@5.0.3/Editor/EditorCore/EditorUtility.cs:575)
UnityEditor.ProBuilder.HierarchyListener:.cctor () (at Library/PackageCache/com.unity.probuilder@5.0.3/Editor/EditorCore/HierarchyListener.cs:21)
System.Runtime.CompilerServices.RuntimeHelpers:RunClassConstructor (System.RuntimeTypeHandle)
UnityEditor.EditorAssemblies:ProcessInitializeOnLoadAttributes (System.Type[])

[Library/PackageCache/com.unity.probuilder@5.0.3/Editor/EditorCore/EditorUtility.cs line 575]

Mono: successfully reloaded assembly
- Completed reload, in  1.156 seconds
Domain Reload Profiling:
	ReloadAssembly (1156ms)
		BeginReloadAssembly (129ms)
			ExecutionOrderSort (0ms)
			DisableScriptedObjects (6ms)
			BackupInstance (0ms)
			ReleaseScriptingObjects (0ms)
			CreateAndSetChildDomain (31ms)
		EndReloadAssembly (935ms)
			LoadAssemblies (77ms)
			RebuildTransferFunctionScriptingTraits (0ms)
			SetupTypeCache (210ms)
			ReleaseScriptCaches (1ms)
			RebuildScriptCaches (40ms)
			SetupLoadedEditorAssemblies (549ms)
				LogAssemblyErrors (0ms)
				InitializePlatformSupportModulesInManaged (14ms)
				SetLoadedEditorAssemblies (1ms)
				RefreshPlugins (3ms)
				BeforeProcessingInitializeOnLoad (85ms)
				ProcessInitializeOnLoadAttributes (374ms)
				ProcessInitializeOnLoadMethodAttributes (64ms)
				AfterProcessingInitializeOnLoad (9ms)
				EditorAssembliesLoaded (0ms)
			ExecutionOrderSort2 (0ms)
			AwakeInstancesAfterBackupRestoration (16ms)
Platform modules already initialized, skipping
Refreshing native plugins compatible for Editor in 2.03 ms, found 2 plugins.
Preloading 0 native plugins for Editor in 0.00 ms.
Unloading 3683 Unused Serialized files (Serialized files now loaded: 0)
Unloading 26 unused Assets / (387.7 KB). Loaded Objects now: 4429.
Memory consumption went from 259.6 MB to 259.2 MB.
Total: 7.630600 ms (FindLiveObjects: 0.415200 ms CreateObjectMapping: 0.353700 ms MarkObjects: 6.390500 ms  DeleteObjects: 0.469500 ms)

AssetImportParameters requested are different than current active one (requested -> active):
  custom:video-decoder-ogg-theora: a1e56fd34408186e4bbccfd4996cb3dc -> 
  custom:container-muxer-webm: aa71ff27fc2769a1b78a27578f13a17b -> 
  custom:container-demuxer-webm: 4f35f7cbe854078d1ac9338744f61a02 -> 
  custom:video-encoder-webm-vp8: eb34c28f22e8b96e1ab97ce403110664 -> 
  custom:audio-encoder-webm-vorbis: bf7c407c2cedff20999df2af8eb42d56 -> 
  custom:framework-win-MediaFoundation: 216162199b28c13a410421893ffa2e32 -> 
  custom:container-demuxer-ogg: 62fdf1f143b41e24485cea50d1cbac27 -> 
  custom:video-decoder-webm-vp8: 9c59270c3fd7afecdb556c50c9e8de78 -> 
  custom:audio-decoder-ogg-vorbis: bf7c407c2cedff20999df2af8eb42d56 -> 
========================================================================
Received Prepare
Registering precompiled user dll's ...
Registered in 0.005685 seconds.
Begin MonoManager ReloadAssembly
Native extension for WindowsStandalone target not found
Refreshing native plugins compatible for Editor in 1.13 ms, found 2 plugins.
Preloading 0 native plugins for Editor in 0.00 ms.
Warning: Annotation not found!
UnityEngine.StackTraceUtility:ExtractStackTrace ()
UnityEditor.ProBuilder.EditorUtility:SetGizmoIconEnabled (System.Type,bool) (at Library/PackageCache/com.unity.probuilder@5.0.3/Editor/EditorCore/EditorUtility.cs:575)
UnityEditor.ProBuilder.HierarchyListener:.cctor () (at Library/PackageCache/com.unity.probuilder@5.0.3/Editor/EditorCore/HierarchyListener.cs:21)
System.Runtime.CompilerServices.RuntimeHelpers:RunClassConstructor (System.RuntimeTypeHandle)
UnityEditor.EditorAssemblies:ProcessInitializeOnLoadAttributes (System.Type[])

[Library/PackageCache/com.unity.probuilder@5.0.3/Editor/EditorCore/EditorUtility.cs line 575]

Mono: successfully reloaded assembly
- Completed reload, in  1.176 seconds
Domain Reload Profiling:
	ReloadAssembly (1177ms)
		BeginReloadAssembly (132ms)
			ExecutionOrderSort (0ms)
			DisableScriptedObjects (5ms)
			BackupInstance (0ms)
			ReleaseScriptingObjects (0ms)
			CreateAndSetChildDomain (34ms)
		EndReloadAssembly (950ms)
			LoadAssemblies (79ms)
			RebuildTransferFunctionScriptingTraits (0ms)
			SetupTypeCache (214ms)
			ReleaseScriptCaches (1ms)
			RebuildScriptCaches (47ms)
			SetupLoadedEditorAssemblies (545ms)
				LogAssemblyErrors (0ms)
				InitializePlatformSupportModulesInManaged (11ms)
				SetLoadedEditorAssemblies (1ms)
				RefreshPlugins (1ms)
				BeforeProcessingInitializeOnLoad (75ms)
				ProcessInitializeOnLoadAttributes (381ms)
				ProcessInitializeOnLoadMethodAttributes (67ms)
				AfterProcessingInitializeOnLoad (9ms)
				EditorAssembliesLoaded (0ms)
			ExecutionOrderSort2 (0ms)
			AwakeInstancesAfterBackupRestoration (18ms)
Platform modules already initialized, skipping
Refreshing native plugins compatible for Editor in 1.48 ms, found 2 plugins.
Preloading 0 native plugins for Editor in 0.00 ms.
Unloading 3683 Unused Serialized files (Serialized files now loaded: 0)
Unloading 26 unused Assets / (387.8 KB). Loaded Objects now: 4431.
Memory consumption went from 259.6 MB to 259.2 MB.
Total: 6.886700 ms (FindLiveObjects: 0.371400 ms CreateObjectMapping: 0.300000 ms MarkObjects: 5.940100 ms  DeleteObjects: 0.273800 ms)

AssetImportParameters requested are different than current active one (requested -> active):
  custom:video-decoder-ogg-theora: a1e56fd34408186e4bbccfd4996cb3dc -> 
  custom:container-muxer-webm: aa71ff27fc2769a1b78a27578f13a17b -> 
  custom:container-demuxer-webm: 4f35f7cbe854078d1ac9338744f61a02 -> 
  custom:video-encoder-webm-vp8: eb34c28f22e8b96e1ab97ce403110664 -> 
  custom:audio-encoder-webm-vorbis: bf7c407c2cedff20999df2af8eb42d56 -> 
  custom:framework-win-MediaFoundation: 216162199b28c13a410421893ffa2e32 -> 
  custom:container-demuxer-ogg: 62fdf1f143b41e24485cea50d1cbac27 -> 
  custom:video-decoder-webm-vp8: 9c59270c3fd7afecdb556c50c9e8de78 -> 
  custom:audio-decoder-ogg-vorbis: bf7c407c2cedff20999df2af8eb42d56 -> 
========================================================================
Received Import Request.
  Time since last request: 914.104985 seconds.
  path: Assets/External/Sci-Fi Sounds/Weapons/Additional Weapon Sounds 1_2.wav
  artifactKey: Guid(575767b0c96127c4bb5e566e72a80b20) Importer(815301076,1909f56bfc062723c751e8b465ee728b)
Start importing Assets/External/Sci-Fi Sounds/Weapons/Additional Weapon Sounds 1_2.wav using Guid(575767b0c96127c4bb5e566e72a80b20) Importer(815301076,1909f56bfc062723c751e8b465ee728b)  -> (artifact id: '8c20bdd7b4ffdef92c23b6e966d011fc') in 0.080677 seconds 
========================================================================
Received Import Request.
  Time since last request: 0.000026 seconds.
  path: Assets/External/Sci-Fi Sounds/Weapons/Additional Weapon Sounds 4_3.wav
  artifactKey: Guid(6e9189488b773374dae35e7de4f8efc2) Importer(815301076,1909f56bfc062723c751e8b465ee728b)
Start importing Assets/External/Sci-Fi Sounds/Weapons/Additional Weapon Sounds 4_3.wav using Guid(6e9189488b773374dae35e7de4f8efc2) Importer(815301076,1909f56bfc062723c751e8b465ee728b)  -> (artifact id: 'd65e068d6afe235a9f7bf88225d86a7b') in 0.023587 seconds 
========================================================================
Received Import Request.
  Time since last request: 0.000030 seconds.
  path: Assets/External/Sci-Fi Sounds/Weapons/Light Saber 3_2.wav
  artifactKey: Guid(5503e37807024c14db79856ce624665f) Importer(815301076,1909f56bfc062723c751e8b465ee728b)
Start importing Assets/External/Sci-Fi Sounds/Weapons/Light Saber 3_2.wav using Guid(5503e37807024c14db79856ce624665f) Importer(815301076,1909f56bfc062723c751e8b465ee728b)  -> (artifact id: 'b3de16606d31eb6baf7bac04fc313a7a') in 0.021235 seconds 
========================================================================
Received Import Request.
  Time since last request: 0.000048 seconds.
  path: Assets/External/Sci-Fi Sounds/Weapons/Sci Fi Explosion 08.wav
  artifactKey: Guid(2c41567fdd308db43afb218f6bb007cf) Importer(815301076,1909f56bfc062723c751e8b465ee728b)
Start importing Assets/External/Sci-Fi Sounds/Weapons/Sci Fi Explosion 08.wav using Guid(2c41567fdd308db43afb218f6bb007cf) Importer(815301076,1909f56bfc062723c751e8b465ee728b)  -> (artifact id: 'dbb2efd7ba88c00acc1c0ffaca88fccc') in 0.021420 seconds 
========================================================================
Received Import Request.
  Time since last request: 0.000026 seconds.
  path: Assets/External/Sci-Fi Sounds/Weapons/Sci Fi Explosion 02.wav
  artifactKey: Guid(7c8f31f42c12e314da3b441e84fddf6f) Importer(815301076,1909f56bfc062723c751e8b465ee728b)
Start importing Assets/External/Sci-Fi Sounds/Weapons/Sci Fi Explosion 02.wav using Guid(7c8f31f42c12e314da3b441e84fddf6f) Importer(815301076,1909f56bfc062723c751e8b465ee728b)  -> (artifact id: 'f409e8fed3fb1419e92a1ed42ca63b10') in 0.022429 seconds 
========================================================================
Received Import Request.
  Time since last request: 0.000026 seconds.
  path: Assets/External/Sci-Fi Sounds/Weapons/Sci Fi Explosion 03.wav
  artifactKey: Guid(84c66436348e8164fb4d0d694ca38fc7) Importer(815301076,1909f56bfc062723c751e8b465ee728b)
Start importing Assets/External/Sci-Fi Sounds/Weapons/Sci Fi Explosion 03.wav using Guid(84c66436348e8164fb4d0d694ca38fc7) Importer(815301076,1909f56bfc062723c751e8b465ee728b)  -> (artifact id: '351493ffe8e1a6947025274bbf8c11ce') in 0.023610 seconds 
========================================================================
Received Import Request.
  Time since last request: 0.000019 seconds.
  path: Assets/External/Sci-Fi Sounds/Weapons/Sci Fi Explosion 10.wav
  artifactKey: Guid(99f1a3e8b1800f541976adf9be9002c3) Importer(815301076,1909f56bfc062723c751e8b465ee728b)
Start importing Assets/External/Sci-Fi Sounds/Weapons/Sci Fi Explosion 10.wav using Guid(99f1a3e8b1800f541976adf9be9002c3) Importer(815301076,1909f56bfc062723c751e8b465ee728b)  -> (artifact id: 'ef6b7e5fa69e17a3863a5115e2e4ccb6') in 0.020062 seconds 
========================================================================
Received Import Request.
  Time since last request: 0.000031 seconds.
  path: Assets/External/Sci-Fi Sounds/Weapons/Additional Weapon Sounds 4_2.wav
  artifactKey: Guid(f2f9d26c95cbcee479720b78207a707d) Importer(815301076,1909f56bfc062723c751e8b465ee728b)
Start importing Assets/External/Sci-Fi Sounds/Weapons/Additional Weapon Sounds 4_2.wav using Guid(f2f9d26c95cbcee479720b78207a707d) Importer(815301076,1909f56bfc062723c751e8b465ee728b)  -> (artifact id: '31ca381334e4a9a80af706201fe548ab') in 0.019834 seconds 
========================================================================
Received Import Request.
  Time since last request: 0.000023 seconds.
  path: Assets/External/Sci-Fi Sounds/Weapons/Sci Fi Explosion 22.wav
  artifactKey: Guid(110ae537c06503b44a9ad0359605c5bb) Importer(815301076,1909f56bfc062723c751e8b465ee728b)
Start importing Assets/External/Sci-Fi Sounds/Weapons/Sci Fi Explosion 22.wav using Guid(110ae537c06503b44a9ad0359605c5bb) Importer(815301076,1909f56bfc062723c751e8b465ee728b)  -> (artifact id: 'c4c0dbbba93125ffad567c8e373a8e04') in 0.021190 seconds 
========================================================================
Received Import Request.
  Time since last request: 0.000024 seconds.
  path: Assets/External/Sci-Fi Sounds/Weapons/Sci Fi Explosion 19.wav
  artifactKey: Guid(8256927e847115e4b925a3a142474333) Importer(815301076,1909f56bfc062723c751e8b465ee728b)
Start importing Assets/External/Sci-Fi Sounds/Weapons/Sci Fi Explosion 19.wav using Guid(8256927e847115e4b925a3a142474333) Importer(815301076,1909f56bfc062723c751e8b465ee728b)  -> (artifact id: 'c4cd18a6e2389c21ce07bb6a2e46fe37') in 0.019737 seconds 
========================================================================
Received Import Request.
  Time since last request: 0.000032 seconds.
  path: Assets/External/Sci-Fi Sounds/Weapons/Sci Fi Explosion 06.wav
  artifactKey: Guid(cea7778d7f7afee419947ac7968bd740) Importer(815301076,1909f56bfc062723c751e8b465ee728b)
Start importing Assets/External/Sci-Fi Sounds/Weapons/Sci Fi Explosion 06.wav using Guid(cea7778d7f7afee419947ac7968bd740) Importer(815301076,1909f56bfc062723c751e8b465ee728b)  -> (artifact id: '6e35c97e66cc314f22eec318dc3ce235') in 0.020039 seconds 
========================================================================
Received Import Request.
  Time since last request: 0.000021 seconds.
  path: Assets/External/Sci-Fi Sounds/Weapons/Laser Saber 1_3.wav
  artifactKey: Guid(0573374470c77fa458f9fac4e54f0059) Importer(815301076,1909f56bfc062723c751e8b465ee728b)
Start importing Assets/External/Sci-Fi Sounds/Weapons/Laser Saber 1_3.wav using Guid(0573374470c77fa458f9fac4e54f0059) Importer(815301076,1909f56bfc062723c751e8b465ee728b)  -> (artifact id: 'f28243bcab4462ba581184fbacb698c9') in 0.020516 seconds 
========================================================================
Received Import Request.
  Time since last request: 0.000032 seconds.
  path: Assets/External/Sci-Fi Sounds/Weapons/Sci Fi Explosion 01.wav
  artifactKey: Guid(d286fd60f7bc9fb4cb621531fd660f84) Importer(815301076,1909f56bfc062723c751e8b465ee728b)
Start importing Assets/External/Sci-Fi Sounds/Weapons/Sci Fi Explosion 01.wav using Guid(d286fd60f7bc9fb4cb621531fd660f84) Importer(815301076,1909f56bfc062723c751e8b465ee728b)  -> (artifact id: '4e9ee4f4584a8a155179a544dc29269a') in 0.019908 seconds 
========================================================================
Received Import Request.
  Time since last request: 0.000039 seconds.
  path: Assets/External/Sci-Fi Sounds/Weapons/Laser Saber 1_1.wav
  artifactKey: Guid(4b3f4376d77a3354f9c16d1ee84da53b) Importer(815301076,1909f56bfc062723c751e8b465ee728b)
Start importing Assets/External/Sci-Fi Sounds/Weapons/Laser Saber 1_1.wav using Guid(4b3f4376d77a3354f9c16d1ee84da53b) Importer(815301076,1909f56bfc062723c751e8b465ee728b)  -> (artifact id: '7893963cd213e355d13f02ef0c549b2b') in 0.017325 seconds 
========================================================================
Received Import Request.
  Time since last request: 0.000024 seconds.
  path: Assets/External/Sci-Fi Sounds/Weapons/Additional Weapon Sounds 3_3.wav
  artifactKey: Guid(cdc6d3ea980686045951afe7a50777a1) Importer(815301076,1909f56bfc062723c751e8b465ee728b)
Start importing Assets/External/Sci-Fi Sounds/Weapons/Additional Weapon Sounds 3_3.wav using Guid(cdc6d3ea980686045951afe7a50777a1) Importer(815301076,1909f56bfc062723c751e8b465ee728b)  -> (artifact id: 'f509e1d093b0db90317f6280a64415d1') in 0.020075 seconds 
========================================================================
Received Import Request.
  Time since last request: 0.000021 seconds.
  path: Assets/External/Sci-Fi Sounds/Weapons/Additional Weapon Sounds 5_5.wav
  artifactKey: Guid(683f9ecb1b36b6a4c88426a36886357c) Importer(815301076,1909f56bfc062723c751e8b465ee728b)
Start importing Assets/External/Sci-Fi Sounds/Weapons/Additional Weapon Sounds 5_5.wav using Guid(683f9ecb1b36b6a4c88426a36886357c) Importer(815301076,1909f56bfc062723c751e8b465ee728b)  -> (artifact id: '0f9645283d4e81007f6fb3a8f9f634de') in 0.019141 seconds 
========================================================================
Received Import Request.
  Time since last request: 0.000022 seconds.
  path: Assets/External/Sci-Fi Sounds/Weapons/Additional Weapon Sounds 1_3.wav
  artifactKey: Guid(8269ea8e8d906fc47841201334da233c) Importer(815301076,1909f56bfc062723c751e8b465ee728b)
Start importing Assets/External/Sci-Fi Sounds/Weapons/Additional Weapon Sounds 1_3.wav using Guid(8269ea8e8d906fc47841201334da233c) Importer(815301076,1909f56bfc062723c751e8b465ee728b)  -> (artifact id: 'c6c7056130ef89ec569f1cee54d545cb') in 0.019233 seconds 
========================================================================
Received Import Request.
  Time since last request: 0.000024 seconds.
  path: Assets/External/Sci-Fi Sounds/Weapons/Additional Weapon Sounds 1_5.wav
  artifactKey: Guid(f48faf5058cb491449b56993c93349a0) Importer(815301076,1909f56bfc062723c751e8b465ee728b)
Start importing Assets/External/Sci-Fi Sounds/Weapons/Additional Weapon Sounds 1_5.wav using Guid(f48faf5058cb491449b56993c93349a0) Importer(815301076,1909f56bfc062723c751e8b465ee728b)  -> (artifact id: '6e3f556c1a546306c7924302031b2849') in 0.019598 seconds 
========================================================================
Received Import Request.
  Time since last request: 0.000033 seconds.
  path: Assets/External/Sci-Fi Sounds/Weapons/Sci Fi Explosion 24.wav
  artifactKey: Guid(8524a9572d34a82439b1c13692390f66) Importer(815301076,1909f56bfc062723c751e8b465ee728b)
Start importing Assets/External/Sci-Fi Sounds/Weapons/Sci Fi Explosion 24.wav using Guid(8524a9572d34a82439b1c13692390f66) Importer(815301076,1909f56bfc062723c751e8b465ee728b)  -> (artifact id: '4925332e29609f1e5b31a8cfaac34a81') in 0.022267 seconds 
========================================================================
Received Import Request.
  Time since last request: 0.000025 seconds.
  path: Assets/External/Sci-Fi Sounds/Weapons/Light Saber 3_1.wav
  artifactKey: Guid(9f3300ec5a0aeeb418cdee0ed03445ee) Importer(815301076,1909f56bfc062723c751e8b465ee728b)
Start importing Assets/External/Sci-Fi Sounds/Weapons/Light Saber 3_1.wav using Guid(9f3300ec5a0aeeb418cdee0ed03445ee) Importer(815301076,1909f56bfc062723c751e8b465ee728b)  -> (artifact id: 'c2c970b12d8536dcefef8fa8dcd0ebec') in 0.021023 seconds 
========================================================================
Received Import Request.
  Time since last request: 0.000021 seconds.
  path: Assets/External/Sci-Fi Sounds/Weapons/Sci Fi Explosion 12.wav
  artifactKey: Guid(6828387ba10cfb744a410caaff04f8e0) Importer(815301076,1909f56bfc062723c751e8b465ee728b)
Start importing Assets/External/Sci-Fi Sounds/Weapons/Sci Fi Explosion 12.wav using Guid(6828387ba10cfb744a410caaff04f8e0) Importer(815301076,1909f56bfc062723c751e8b465ee728b)  -> (artifact id: 'd3d68ccf76e629d98e8195bfe84269dd') in 0.022066 seconds 
========================================================================
Received Import Request.
  Time since last request: 0.000052 seconds.
  path: Assets/External/Sci-Fi Sounds/Weapons/Light Saber 3_3.wav
  artifactKey: Guid(c637d6241144a0b43a20fa7945345aed) Importer(815301076,1909f56bfc062723c751e8b465ee728b)
Start importing Assets/External/Sci-Fi Sounds/Weapons/Light Saber 3_3.wav using Guid(c637d6241144a0b43a20fa7945345aed) Importer(815301076,1909f56bfc062723c751e8b465ee728b)  -> (artifact id: 'eb8ad2a16fd5232acf258f968635d3f8') in 0.019798 seconds 
========================================================================
Received Import Request.
  Time since last request: 0.000018 seconds.
  path: Assets/External/Sci-Fi Sounds/Weapons/Sci Fi Explosion 11.wav
  artifactKey: Guid(681c5041c7e6a624381afd6ca11b881c) Importer(815301076,1909f56bfc062723c751e8b465ee728b)
Start importing Assets/External/Sci-Fi Sounds/Weapons/Sci Fi Explosion 11.wav using Guid(681c5041c7e6a624381afd6ca11b881c) Importer(815301076,1909f56bfc062723c751e8b465ee728b)  -> (artifact id: 'b0c5508cecae1d970a461232d359dc88') in 0.020377 seconds 
========================================================================
Received Import Request.
  Time since last request: 0.000031 seconds.
  path: Assets/External/Sci-Fi Sounds/Weapons/Additional Weapon Sounds 5_2.wav
  artifactKey: Guid(293b70b937f634746900dbcb13b3d0bf) Importer(815301076,1909f56bfc062723c751e8b465ee728b)
Start importing Assets/External/Sci-Fi Sounds/Weapons/Additional Weapon Sounds 5_2.wav using Guid(293b70b937f634746900dbcb13b3d0bf) Importer(815301076,1909f56bfc062723c751e8b465ee728b)  -> (artifact id: '6b344a802cf540925480446e4d167043') in 0.020725 seconds 
========================================================================
Received Import Request.
  Time since last request: 0.000020 seconds.
  path: Assets/External/Sci-Fi Sounds/Weapons/Additional Weapon Sounds 1_4.wav
  artifactKey: Guid(65cc82b105178854ca944fc28369a180) Importer(815301076,1909f56bfc062723c751e8b465ee728b)
Start importing Assets/External/Sci-Fi Sounds/Weapons/Additional Weapon Sounds 1_4.wav using Guid(65cc82b105178854ca944fc28369a180) Importer(815301076,1909f56bfc062723c751e8b465ee728b)  -> (artifact id: 'a158f2146ad8b8a28ba7eb87f117aa06') in 0.019805 seconds 
========================================================================
Received Import Request.
  Time since last request: 0.000023 seconds.
  path: Assets/External/Sci-Fi Sounds/Weapons/Sci Fi Explosion 17.wav
  artifactKey: Guid(41dca9093f4ca104dadd7ae9ebf02291) Importer(815301076,1909f56bfc062723c751e8b465ee728b)
Start importing Assets/External/Sci-Fi Sounds/Weapons/Sci Fi Explosion 17.wav using Guid(41dca9093f4ca104dadd7ae9ebf02291) Importer(815301076,1909f56bfc062723c751e8b465ee728b)  -> (artifact id: '96c1aeda2749cdfe0710f920d4df99e9') in 0.020841 seconds 
========================================================================
Received Import Request.
  Time since last request: 0.000036 seconds.
  path: Assets/External/Sci-Fi Sounds/Weapons/Laser Saber 2_1.wav
  artifactKey: Guid(d3be1a5d091764e4c8b79d34c673dec8) Importer(815301076,1909f56bfc062723c751e8b465ee728b)
Start importing Assets/External/Sci-Fi Sounds/Weapons/Laser Saber 2_1.wav using Guid(d3be1a5d091764e4c8b79d34c673dec8) Importer(815301076,1909f56bfc062723c751e8b465ee728b)  -> (artifact id: '26419b32a466d53c3143974e5bbb8eba') in 0.023877 seconds 
========================================================================
Received Import Request.
  Time since last request: 0.000030 seconds.
  path: Assets/External/Sci-Fi Sounds/Weapons/Weapon 01 Foley 3.wav
  artifactKey: Guid(ea4cc4693f34d0848b826108d95c59d2) Importer(815301076,1909f56bfc062723c751e8b465ee728b)
Start importing Assets/External/Sci-Fi Sounds/Weapons/Weapon 01 Foley 3.wav using Guid(ea4cc4693f34d0848b826108d95c59d2) Importer(815301076,1909f56bfc062723c751e8b465ee728b)  -> (artifact id: '1e0f832acefdad907399b6468f6d329a') in 0.019332 seconds 
========================================================================
Received Import Request.
  Time since last request: 0.000037 seconds.
  path: Assets/External/Sci-Fi Sounds/Weapons/Additional Weapon Sounds 2_2.wav
  artifactKey: Guid(ca1645f4e2b4e3e4c8e3a6cdc6cf8042) Importer(815301076,1909f56bfc062723c751e8b465ee728b)
Start importing Assets/External/Sci-Fi Sounds/Weapons/Additional Weapon Sounds 2_2.wav using Guid(ca1645f4e2b4e3e4c8e3a6cdc6cf8042) Importer(815301076,1909f56bfc062723c751e8b465ee728b)  -> (artifact id: 'd899369fad758fa729ed39581e936375') in 0.021682 seconds 
========================================================================
Received Import Request.
  Time since last request: 0.000020 seconds.
  path: Assets/External/Sci-Fi Sounds/Weapons/Additional Weapon Sounds 2_1.wav
  artifactKey: Guid(ba04257769f9a814a8e2d246acf874a3) Importer(815301076,1909f56bfc062723c751e8b465ee728b)
Start importing Assets/External/Sci-Fi Sounds/Weapons/Additional Weapon Sounds 2_1.wav using Guid(ba04257769f9a814a8e2d246acf874a3) Importer(815301076,1909f56bfc062723c751e8b465ee728b)  -> (artifact id: '8d81df026dc01772177137649ee6bdc3') in 0.017784 seconds 
========================================================================
Received Import Request.
  Time since last request: 0.000025 seconds.
  path: Assets/External/Sci-Fi Sounds/Weapons/Additional Weapon Sounds 3_4.wav
  artifactKey: Guid(b3e99bb23f7e82546bd08804c51dea2e) Importer(815301076,1909f56bfc062723c751e8b465ee728b)
Start importing Assets/External/Sci-Fi Sounds/Weapons/Additional Weapon Sounds 3_4.wav using Guid(b3e99bb23f7e82546bd08804c51dea2e) Importer(815301076,1909f56bfc062723c751e8b465ee728b)  -> (artifact id: '4410d0a25d59a8fce9491664e4b150b1') in 0.018169 seconds 
========================================================================
Received Import Request.
  Time since last request: 0.672022 seconds.
  path: Assets/External/Sci-Fi Sounds/Weapons/Weapon 01 Reload 2.wav
  artifactKey: Guid(55b6096dee38d64419fb18a231782a83) Importer(815301076,1909f56bfc062723c751e8b465ee728b)
Start importing Assets/External/Sci-Fi Sounds/Weapons/Weapon 01 Reload 2.wav using Guid(55b6096dee38d64419fb18a231782a83) Importer(815301076,1909f56bfc062723c751e8b465ee728b)  -> (artifact id: '6df2e6a19e1a8b720da1cb24c14a8f33') in 0.025693 seconds 
========================================================================
Received Import Request.
  Time since last request: 0.000018 seconds.
  path: Assets/External/Sci-Fi Sounds/Weapons/Weapon 03 Reload 2.wav
  artifactKey: Guid(2591e4e20368d194c83498721d315e17) Importer(815301076,1909f56bfc062723c751e8b465ee728b)
Start importing Assets/External/Sci-Fi Sounds/Weapons/Weapon 03 Reload 2.wav using Guid(2591e4e20368d194c83498721d315e17) Importer(815301076,1909f56bfc062723c751e8b465ee728b)  -> (artifact id: '296347fefd778af1bed2c1518ed8e554') in 0.018183 seconds 
========================================================================
Received Import Request.
  Time since last request: 0.000037 seconds.
  path: Assets/External/Sci-Fi Sounds/Weapons/Weapon 08 Reload 3 (Laser).wav
  artifactKey: Guid(c26fe2adf6f1c7d4cad0c81fbfd7dcb1) Importer(815301076,1909f56bfc062723c751e8b465ee728b)
Start importing Assets/External/Sci-Fi Sounds/Weapons/Weapon 08 Reload 3 (Laser).wav using Guid(c26fe2adf6f1c7d4cad0c81fbfd7dcb1) Importer(815301076,1909f56bfc062723c751e8b465ee728b)  -> (artifact id: '1fd70e63941f6e193d7189865a408a9d') in 0.019890 seconds 
========================================================================
Received Import Request.
  Time since last request: 0.000024 seconds.
  path: Assets/External/Sci-Fi Sounds/Weapons/Weapon 02 Foley 3.wav
  artifactKey: Guid(cf12fa327694d7044b6dc7ec167af6a6) Importer(815301076,1909f56bfc062723c751e8b465ee728b)
Start importing Assets/External/Sci-Fi Sounds/Weapons/Weapon 02 Foley 3.wav using Guid(cf12fa327694d7044b6dc7ec167af6a6) Importer(815301076,1909f56bfc062723c751e8b465ee728b)  -> (artifact id: 'e68457c859e07e3a203580cbcf6d219e') in 0.020968 seconds 
========================================================================
Received Import Request.
  Time since last request: 0.000032 seconds.
  path: Assets/External/Sci-Fi Sounds/Weapons/Weapon 03 Foley 2.wav
  artifactKey: Guid(5ab172c18cf5e1c4aafa500e503e23e5) Importer(815301076,1909f56bfc062723c751e8b465ee728b)
Start importing Assets/External/Sci-Fi Sounds/Weapons/Weapon 03 Foley 2.wav using Guid(5ab172c18cf5e1c4aafa500e503e23e5) Importer(815301076,1909f56bfc062723c751e8b465ee728b)  -> (artifact id: 'f2968d6cd8bbf967354416f926c1807a') in 0.024484 seconds 
========================================================================
Received Import Request.
  Time since last request: 0.000023 seconds.
  path: Assets/External/Sci-Fi Sounds/Weapons/Weapon 03 Reload 3.wav
  artifactKey: Guid(64815f6d80948e74da77100205ca3150) Importer(815301076,1909f56bfc062723c751e8b465ee728b)
Start importing Assets/External/Sci-Fi Sounds/Weapons/Weapon 03 Reload 3.wav using Guid(64815f6d80948e74da77100205ca3150) Importer(815301076,1909f56bfc062723c751e8b465ee728b)  -> (artifact id: 'de9a7caecb13b0eb820dc283b84a3eda') in 0.021292 seconds 
========================================================================
Received Import Request.
  Time since last request: 0.000019 seconds.
  path: Assets/External/Sci-Fi Sounds/Weapons/Weapon 05 Foley 3 (Laser).wav
  artifactKey: Guid(724d31c03e301cd499d405bf3cf37502) Importer(815301076,1909f56bfc062723c751e8b465ee728b)
Start importing Assets/External/Sci-Fi Sounds/Weapons/Weapon 05 Foley 3 (Laser).wav using Guid(724d31c03e301cd499d405bf3cf37502) Importer(815301076,1909f56bfc062723c751e8b465ee728b)  -> (artifact id: '91a7e3b0fe6946996810bbe4dbd869e6') in 0.020947 seconds 
========================================================================
Received Import Request.
  Time since last request: 0.000021 seconds.
  path: Assets/External/Sci-Fi Sounds/Weapons/Weapon 05 Loop (Laser).wav
  artifactKey: Guid(f4200ac16fe007b45834d704e4658365) Importer(815301076,1909f56bfc062723c751e8b465ee728b)
Start importing Assets/External/Sci-Fi Sounds/Weapons/Weapon 05 Loop (Laser).wav using Guid(f4200ac16fe007b45834d704e4658365) Importer(815301076,1909f56bfc062723c751e8b465ee728b)  -> (artifact id: 'd78b801315db34f41b90ca43fb3bef43') in 0.021084 seconds 
========================================================================
Received Import Request.
  Time since last request: 0.000019 seconds.
  path: Assets/External/Sci-Fi Sounds/Weapons/Weapon 06 Reload 3.wav
  artifactKey: Guid(1d77b78469b2ba141a093ea79f965bac) Importer(815301076,1909f56bfc062723c751e8b465ee728b)
Start importing Assets/External/Sci-Fi Sounds/Weapons/Weapon 06 Reload 3.wav using Guid(1d77b78469b2ba141a093ea79f965bac) Importer(815301076,1909f56bfc062723c751e8b465ee728b)  -> (artifact id: '49be5980af09c71814d5c5cc50fc33a5') in 0.021335 seconds 
========================================================================
Received Import Request.
  Time since last request: 0.000018 seconds.
  path: Assets/External/Sci-Fi Sounds/Weapons/Weapon 02 Reload 1.wav
  artifactKey: Guid(1e4d571273addec43b36f424282c4089) Importer(815301076,1909f56bfc062723c751e8b465ee728b)
Start importing Assets/External/Sci-Fi Sounds/Weapons/Weapon 02 Reload 1.wav using Guid(1e4d571273addec43b36f424282c4089) Importer(815301076,1909f56bfc062723c751e8b465ee728b)  -> (artifact id: 'fdd1bebd917c6f9552781bf17c32637e') in 0.018600 seconds 
========================================================================
Received Import Request.
  Time since last request: 0.000017 seconds.
  path: Assets/External/Sci-Fi Sounds/Weapons/Weapon 09 Foley 2.wav
  artifactKey: Guid(59c0aed9e4cd8064cb60fd69d5528ad0) Importer(815301076,1909f56bfc062723c751e8b465ee728b)
Start importing Assets/External/Sci-Fi Sounds/Weapons/Weapon 09 Foley 2.wav using Guid(59c0aed9e4cd8064cb60fd69d5528ad0) Importer(815301076,1909f56bfc062723c751e8b465ee728b)  -> (artifact id: 'cda0f4e1a55c8ac59cbcef8ed80d0627') in 0.019171 seconds 
========================================================================
Received Import Request.
  Time since last request: 0.000017 seconds.
  path: Assets/External/Sci-Fi Sounds/Weapons/Weapon 07 Reload 3.wav
  artifactKey: Guid(1e1da196f4ae03447b9945491bac27f6) Importer(815301076,1909f56bfc062723c751e8b465ee728b)
Start importing Assets/External/Sci-Fi Sounds/Weapons/Weapon 07 Reload 3.wav using Guid(1e1da196f4ae03447b9945491bac27f6) Importer(815301076,1909f56bfc062723c751e8b465ee728b)  -> (artifact id: 'fb53a3fa238d49d7ea2189021b52eb5f') in 0.020599 seconds 
========================================================================
Received Import Request.
  Time since last request: 0.000022 seconds.
  path: Assets/External/Sci-Fi Sounds/Weapons/Weapon 09 Reload 3.wav
  artifactKey: Guid(233bbe295c73edd4395cc781632dbd6b) Importer(815301076,1909f56bfc062723c751e8b465ee728b)
Start importing Assets/External/Sci-Fi Sounds/Weapons/Weapon 09 Reload 3.wav using Guid(233bbe295c73edd4395cc781632dbd6b) Importer(815301076,1909f56bfc062723c751e8b465ee728b)  -> (artifact id: 'e6a69c9d534a0c33aa859f5b2db74531') in 0.020148 seconds 
========================================================================
Received Import Request.
  Time since last request: 0.000051 seconds.
  path: Assets/External/Sci-Fi Sounds/Weapons/Weapon 10 Reload 3.wav
  artifactKey: Guid(62f69e793506c864bae99c6f350e49e3) Importer(815301076,1909f56bfc062723c751e8b465ee728b)
Start importing Assets/External/Sci-Fi Sounds/Weapons/Weapon 10 Reload 3.wav using Guid(62f69e793506c864bae99c6f350e49e3) Importer(815301076,1909f56bfc062723c751e8b465ee728b)  -> (artifact id: 'a25169ca2e794f0d3e7cadd03b2008f7') in 0.018509 seconds 
========================================================================
Received Import Request.
  Time since last request: 0.000024 seconds.
  path: Assets/External/Sci-Fi Sounds/Weapons/Weapon 02 Foley 1.wav
  artifactKey: Guid(4e553261f5b859d4baf8fcb0cb811a82) Importer(815301076,1909f56bfc062723c751e8b465ee728b)
Start importing Assets/External/Sci-Fi Sounds/Weapons/Weapon 02 Foley 1.wav using Guid(4e553261f5b859d4baf8fcb0cb811a82) Importer(815301076,1909f56bfc062723c751e8b465ee728b)  -> (artifact id: '2c11a3af94007ae95690595028a98678') in 0.020070 seconds 
========================================================================
Received Import Request.
  Time since last request: 0.000023 seconds.
  path: Assets/External/Sci-Fi Sounds/Weapons/Weapon 07 Foley 1.wav
  artifactKey: Guid(788c5694575ae3a45b00596c71a890f1) Importer(815301076,1909f56bfc062723c751e8b465ee728b)
Start importing Assets/External/Sci-Fi Sounds/Weapons/Weapon 07 Foley 1.wav using Guid(788c5694575ae3a45b00596c71a890f1) Importer(815301076,1909f56bfc062723c751e8b465ee728b)  -> (artifact id: '03530010a780ffc73f9b13190f6535ee') in 0.020558 seconds 
========================================================================
Received Import Request.
  Time since last request: 0.000045 seconds.
  path: Assets/External/Sci-Fi Sounds/Weapons/Weapon 10 Shoot 2.wav
  artifactKey: Guid(bdf227356ae1e3949841b532c878e7c3) Importer(815301076,1909f56bfc062723c751e8b465ee728b)
Start importing Assets/External/Sci-Fi Sounds/Weapons/Weapon 10 Shoot 2.wav using Guid(bdf227356ae1e3949841b532c878e7c3) Importer(815301076,1909f56bfc062723c751e8b465ee728b)  -> (artifact id: 'a6c839befe74d81406a145ef388b755a') in 0.020200 seconds 
========================================================================
Received Import Request.
  Time since last request: 0.000050 seconds.
  path: Assets/External/Sci-Fi Sounds/Weapons/Weapon 04 Reload 1.wav
  artifactKey: Guid(a17fe95285b9ee54a8325794b3b1686e) Importer(815301076,1909f56bfc062723c751e8b465ee728b)
Start importing Assets/External/Sci-Fi Sounds/Weapons/Weapon 04 Reload 1.wav using Guid(a17fe95285b9ee54a8325794b3b1686e) Importer(815301076,1909f56bfc062723c751e8b465ee728b)  -> (artifact id: '8559719efe8d5708f2cbbe1d0e47ab7a') in 0.021817 seconds 
========================================================================
Received Import Request.
  Time since last request: 0.000018 seconds.
  path: Assets/External/Sci-Fi Sounds/Weapons/Weapon 09 Shoot 3.wav
  artifactKey: Guid(c347445e6f337a54dbf51f093b673fee) Importer(815301076,1909f56bfc062723c751e8b465ee728b)
Start importing Assets/External/Sci-Fi Sounds/Weapons/Weapon 09 Shoot 3.wav using Guid(c347445e6f337a54dbf51f093b673fee) Importer(815301076,1909f56bfc062723c751e8b465ee728b)  -> (artifact id: '65f4e7af87d081eb0000ed4f5b34a32f') in 0.019990 seconds 
========================================================================
Received Import Request.
  Time since last request: 0.000022 seconds.
  path: Assets/External/Sci-Fi Sounds/Weapons/Weapon 06 Foley 2.wav
  artifactKey: Guid(a418dac99da99ec4088705d55f334832) Importer(815301076,1909f56bfc062723c751e8b465ee728b)
Start importing Assets/External/Sci-Fi Sounds/Weapons/Weapon 06 Foley 2.wav using Guid(a418dac99da99ec4088705d55f334832) Importer(815301076,1909f56bfc062723c751e8b465ee728b)  -> (artifact id: '4f68d62678455bdc97822cc4ed9b98ba') in 0.020754 seconds 
========================================================================
Received Import Request.
  Time since last request: 0.000034 seconds.
  path: Assets/External/Sci-Fi Sounds/Weapons/Weapon 02 Reload 3.wav
  artifactKey: Guid(dda2661451784624089741e89619d32f) Importer(815301076,1909f56bfc062723c751e8b465ee728b)
Start importing Assets/External/Sci-Fi Sounds/Weapons/Weapon 02 Reload 3.wav using Guid(dda2661451784624089741e89619d32f) Importer(815301076,1909f56bfc062723c751e8b465ee728b)  -> (artifact id: 'bdb70ce9f032a0bd34aee68d618898b7') in 0.018822 seconds 
========================================================================
Received Import Request.
  Time since last request: 0.000024 seconds.
  path: Assets/External/Sci-Fi Sounds/Weapons/Weapon 10 Shoot 1.wav
  artifactKey: Guid(9ef3ead07b94fba4bbe9e1692af5f4ce) Importer(815301076,1909f56bfc062723c751e8b465ee728b)
Start importing Assets/External/Sci-Fi Sounds/Weapons/Weapon 10 Shoot 1.wav using Guid(9ef3ead07b94fba4bbe9e1692af5f4ce) Importer(815301076,1909f56bfc062723c751e8b465ee728b)  -> (artifact id: '4dbfc8f8109af49ac564b3687be7afac') in 0.019222 seconds 
========================================================================
Received Import Request.
  Time since last request: 0.000031 seconds.
  path: Assets/External/Sci-Fi Sounds/Weapons/Weapon 05 Reload 3 (Laser).wav
  artifactKey: Guid(099fcf00581ddd94893d35a46f7ccc64) Importer(815301076,1909f56bfc062723c751e8b465ee728b)
Start importing Assets/External/Sci-Fi Sounds/Weapons/Weapon 05 Reload 3 (Laser).wav using Guid(099fcf00581ddd94893d35a46f7ccc64) Importer(815301076,1909f56bfc062723c751e8b465ee728b)  -> (artifact id: '7c23d541c0770c716acfd544f7daade3') in 0.021725 seconds 
========================================================================
Received Import Request.
  Time since last request: 0.000023 seconds.
  path: Assets/External/Sci-Fi Sounds/Weapons/Weapon 04 Shoot 2.wav
  artifactKey: Guid(3bc27ee5c2255c042adf39566f6f4576) Importer(815301076,1909f56bfc062723c751e8b465ee728b)
Start importing Assets/External/Sci-Fi Sounds/Weapons/Weapon 04 Shoot 2.wav using Guid(3bc27ee5c2255c042adf39566f6f4576) Importer(815301076,1909f56bfc062723c751e8b465ee728b)  -> (artifact id: '991a0fb4d9fb43f336cc86cc69f0c466') in 0.018834 seconds 
========================================================================
Received Import Request.
  Time since last request: 0.000029 seconds.
  path: Assets/External/Sci-Fi Sounds/Weapons/Weapon 03 Shoot 3.wav
  artifactKey: Guid(a4a2f0260a8abce4e8692e51291da79b) Importer(815301076,1909f56bfc062723c751e8b465ee728b)
Start importing Assets/External/Sci-Fi Sounds/Weapons/Weapon 03 Shoot 3.wav using Guid(a4a2f0260a8abce4e8692e51291da79b) Importer(815301076,1909f56bfc062723c751e8b465ee728b)  -> (artifact id: '2b64bb69f50fa732da947278268ba785') in 0.019351 seconds 
========================================================================
Received Import Request.
  Time since last request: 0.000020 seconds.
  path: Assets/External/Sci-Fi Sounds/Weapons/Weapon 08 Loop (Laser).wav
  artifactKey: Guid(90426c00668063d4e86c1f68c584baa4) Importer(815301076,1909f56bfc062723c751e8b465ee728b)
Start importing Assets/External/Sci-Fi Sounds/Weapons/Weapon 08 Loop (Laser).wav using Guid(90426c00668063d4e86c1f68c584baa4) Importer(815301076,1909f56bfc062723c751e8b465ee728b)  -> (artifact id: '13c1911e35e965eec061229414566d75') in 0.020261 seconds 
========================================================================
Received Import Request.
  Time since last request: 0.000021 seconds.
  path: Assets/External/Sci-Fi Sounds/Weapons/Weapon 09 Reload 2.wav
  artifactKey: Guid(f6340ece6c5b30349aefd61cb63bab1e) Importer(815301076,1909f56bfc062723c751e8b465ee728b)
Start importing Assets/External/Sci-Fi Sounds/Weapons/Weapon 09 Reload 2.wav using Guid(f6340ece6c5b30349aefd61cb63bab1e) Importer(815301076,1909f56bfc062723c751e8b465ee728b)  -> (artifact id: 'b2e413e3bfabe0e2abf5be43133cabd7') in 0.018597 seconds 
========================================================================
Received Import Request.
  Time since last request: 0.000068 seconds.
  path: Assets/External/Sci-Fi Sounds/Weapons/Weapon 03 Shoot 1.wav
  artifactKey: Guid(8736330e7541c7c45aa4856d7248c106) Importer(815301076,1909f56bfc062723c751e8b465ee728b)
Start importing Assets/External/Sci-Fi Sounds/Weapons/Weapon 03 Shoot 1.wav using Guid(8736330e7541c7c45aa4856d7248c106) Importer(815301076,1909f56bfc062723c751e8b465ee728b)  -> (artifact id: 'c8fb15c71753272cf4c7c36ec500aed6') in 0.020234 seconds 
========================================================================
Received Import Request.
  Time since last request: 0.000038 seconds.
  path: Assets/External/Sci-Fi Sounds/Weapons/Weapon 07 Shoot 2.wav
  artifactKey: Guid(bd835df9e0f04294eb0dabe5c4db3d2b) Importer(815301076,1909f56bfc062723c751e8b465ee728b)
Start importing Assets/External/Sci-Fi Sounds/Weapons/Weapon 07 Shoot 2.wav using Guid(bd835df9e0f04294eb0dabe5c4db3d2b) Importer(815301076,1909f56bfc062723c751e8b465ee728b)  -> (artifact id: '32cf5df56bc618d3b0f431c059aedf38') in 0.019191 seconds 
========================================================================
Received Import Request.
  Time since last request: 0.000021 seconds.
  path: Assets/External/Sci-Fi Sounds/Weapons/Weapon 06 Shoot 2.wav
  artifactKey: Guid(a2249ba4d06f3df4e9bb9bd279014dcb) Importer(815301076,1909f56bfc062723c751e8b465ee728b)
Start importing Assets/External/Sci-Fi Sounds/Weapons/Weapon 06 Shoot 2.wav using Guid(a2249ba4d06f3df4e9bb9bd279014dcb) Importer(815301076,1909f56bfc062723c751e8b465ee728b)  -> (artifact id: '3ad11c9b29d2e0978b0c3552e9a10359') in 0.020547 seconds 
========================================================================
Received Import Request.
  Time since last request: 0.000023 seconds.
  path: Assets/External/Sci-Fi Sounds/Weapons/Weapon 09 Shoot 2.wav
  artifactKey: Guid(39bbfeb7b8f3fc44281af4b520c4a46a) Importer(815301076,1909f56bfc062723c751e8b465ee728b)
Start importing Assets/External/Sci-Fi Sounds/Weapons/Weapon 09 Shoot 2.wav using Guid(39bbfeb7b8f3fc44281af4b520c4a46a) Importer(815301076,1909f56bfc062723c751e8b465ee728b)  -> (artifact id: '0edadb70ebc5efab0145c098edaed4f2') in 0.019984 seconds 
========================================================================
Received Import Request.
  Time since last request: 0.000031 seconds.
  path: Assets/External/Sci-Fi Sounds/Weapons/Weapon 06 Reload 1.wav
  artifactKey: Guid(b46e72379fa69774f93e041c529d26bb) Importer(815301076,1909f56bfc062723c751e8b465ee728b)
Start importing Assets/External/Sci-Fi Sounds/Weapons/Weapon 06 Reload 1.wav using Guid(b46e72379fa69774f93e041c529d26bb) Importer(815301076,1909f56bfc062723c751e8b465ee728b)  -> (artifact id: 'de83aa1b70f2fa3ce901da05f48e59b4') in 0.022396 seconds 
========================================================================
Received Import Request.
  Time since last request: 0.000044 seconds.
  path: Assets/External/Sci-Fi Sounds/Weapons/Weapon 10 Reload 1.wav
  artifactKey: Guid(02b7c898c33e2ed41a5d8c92fa6b8ebd) Importer(815301076,1909f56bfc062723c751e8b465ee728b)
Start importing Assets/External/Sci-Fi Sounds/Weapons/Weapon 10 Reload 1.wav using Guid(02b7c898c33e2ed41a5d8c92fa6b8ebd) Importer(815301076,1909f56bfc062723c751e8b465ee728b)  -> (artifact id: 'd49a464c58847e01063cd4e7a8f36d15') in 0.019925 seconds 
========================================================================
Received Import Request.
  Time since last request: 0.000025 seconds.
  path: Assets/External/Sci-Fi Sounds/Weapons/Weapon 10 Foley 1.wav
  artifactKey: Guid(ab5e162feef1571458377863a7eebc84) Importer(815301076,1909f56bfc062723c751e8b465ee728b)
Start importing Assets/External/Sci-Fi Sounds/Weapons/Weapon 10 Foley 1.wav using Guid(ab5e162feef1571458377863a7eebc84) Importer(815301076,1909f56bfc062723c751e8b465ee728b)  -> (artifact id: '86ab48415602da2d0491f99134d3e669') in 0.021540 seconds 
========================================================================
Received Import Request.
  Time since last request: 0.000024 seconds.
  path: Assets/External/Sci-Fi Sounds/Weapons/Weapon 05 Foley 2 (Laser).wav
  artifactKey: Guid(bb7f56a00916a514185fc8ee536d5d47) Importer(815301076,1909f56bfc062723c751e8b465ee728b)
Start importing Assets/External/Sci-Fi Sounds/Weapons/Weapon 05 Foley 2 (Laser).wav using Guid(bb7f56a00916a514185fc8ee536d5d47) Importer(815301076,1909f56bfc062723c751e8b465ee728b)  -> (artifact id: '29548304dde2606e97cb95e6ddcd457d') in 0.019772 seconds 
========================================================================
Received Import Request.
  Time since last request: 0.000024 seconds.
  path: Assets/External/Sci-Fi Sounds/Weapons/Weapon 09 Foley 3.wav
  artifactKey: Guid(3d308cf256841154693948570beecff3) Importer(815301076,1909f56bfc062723c751e8b465ee728b)
Start importing Assets/External/Sci-Fi Sounds/Weapons/Weapon 09 Foley 3.wav using Guid(3d308cf256841154693948570beecff3) Importer(815301076,1909f56bfc062723c751e8b465ee728b)  -> (artifact id: '5ceb5d195955b6777a93917b93cdd306') in 0.021997 seconds 
========================================================================
Received Import Request.
  Time since last request: 0.000038 seconds.
  path: Assets/External/Sci-Fi Sounds/Weapons/Weapon 08 Foley 1 (Laser).wav
  artifactKey: Guid(2bd2bfb2af43d4844b03d4486776de6c) Importer(815301076,1909f56bfc062723c751e8b465ee728b)
Start importing Assets/External/Sci-Fi Sounds/Weapons/Weapon 08 Foley 1 (Laser).wav using Guid(2bd2bfb2af43d4844b03d4486776de6c) Importer(815301076,1909f56bfc062723c751e8b465ee728b)  -> (artifact id: 'bae617475dbf8b056dcee378a9f9fbf7') in 0.021036 seconds 
========================================================================
Received Import Request.
  Time since last request: 0.000023 seconds.
  path: Assets/External/Sci-Fi Sounds/Weapons/Weapon 05 Stop (Laser).wav
  artifactKey: Guid(5bfbebf5467b01941be481cee04bf4fb) Importer(815301076,1909f56bfc062723c751e8b465ee728b)
Start importing Assets/External/Sci-Fi Sounds/Weapons/Weapon 05 Stop (Laser).wav using Guid(5bfbebf5467b01941be481cee04bf4fb) Importer(815301076,1909f56bfc062723c751e8b465ee728b)  -> (artifact id: '1d78e9dda69ef3bae62710e9a6aa88b6') in 0.021327 seconds 
========================================================================
Received Import Request.
  Time since last request: 0.000029 seconds.
  path: Assets/External/Sci-Fi Sounds/Weapons/Weapon 06 Shoot 1.wav
  artifactKey: Guid(e06537bc03bdee5499e8b1a179cd71d3) Importer(815301076,1909f56bfc062723c751e8b465ee728b)
Start importing Assets/External/Sci-Fi Sounds/Weapons/Weapon 06 Shoot 1.wav using Guid(e06537bc03bdee5499e8b1a179cd71d3) Importer(815301076,1909f56bfc062723c751e8b465ee728b)  -> (artifact id: '55a819ad3094a639454d394f97f558e4') in 0.026105 seconds 
========================================================================
Received Import Request.
  Time since last request: 0.000036 seconds.
  path: Assets/External/Sci-Fi Sounds/Weapons/Weapon 08 Reload 2 (Laser).wav
  artifactKey: Guid(6b7273b672671384b8fe37d098a8c4a2) Importer(815301076,1909f56bfc062723c751e8b465ee728b)
Start importing Assets/External/Sci-Fi Sounds/Weapons/Weapon 08 Reload 2 (Laser).wav using Guid(6b7273b672671384b8fe37d098a8c4a2) Importer(815301076,1909f56bfc062723c751e8b465ee728b)  -> (artifact id: '98f89e9fbbaa41d75238cea985b01ff0') in 0.020386 seconds 
========================================================================
Received Import Request.
  Time since last request: 0.000024 seconds.
  path: Assets/External/Sci-Fi Sounds/Weapons/Weapon 02 Shoot 1.wav
  artifactKey: Guid(a7351cda8bafc164892d389cfcf9d99d) Importer(815301076,1909f56bfc062723c751e8b465ee728b)
Start importing Assets/External/Sci-Fi Sounds/Weapons/Weapon 02 Shoot 1.wav using Guid(a7351cda8bafc164892d389cfcf9d99d) Importer(815301076,1909f56bfc062723c751e8b465ee728b)  -> (artifact id: '218bfefb483a445b3d1d0af2aadd3dbc') in 0.021777 seconds 
========================================================================
Received Import Request.
  Time since last request: 0.000031 seconds.
  path: Assets/External/Sci-Fi Sounds/Weapons/Weapon 02 Shoot 2.wav
  artifactKey: Guid(97bd1c75d85c0a24dbb9dcbf2c930c55) Importer(815301076,1909f56bfc062723c751e8b465ee728b)
Start importing Assets/External/Sci-Fi Sounds/Weapons/Weapon 02 Shoot 2.wav using Guid(97bd1c75d85c0a24dbb9dcbf2c930c55) Importer(815301076,1909f56bfc062723c751e8b465ee728b)  -> (artifact id: 'ef27c3797b5c5234be2412d3ab56a926') in 0.022156 seconds 
========================================================================
Received Import Request.
  Time since last request: 0.000023 seconds.
  path: Assets/External/Sci-Fi Sounds/Weapons/Weapon 10 Shoot 4.wav
  artifactKey: Guid(123f010a5470a824fbb77991828a83f5) Importer(815301076,1909f56bfc062723c751e8b465ee728b)
Start importing Assets/External/Sci-Fi Sounds/Weapons/Weapon 10 Shoot 4.wav using Guid(123f010a5470a824fbb77991828a83f5) Importer(815301076,1909f56bfc062723c751e8b465ee728b)  -> (artifact id: '851e97bd3b215405a4ee4e708524a7d8') in 0.020280 seconds 
========================================================================
Received Import Request.
  Time since last request: 0.000023 seconds.
  path: Assets/External/Sci-Fi Sounds/Weapons/Weapon 05 Reload 2 (Laser).wav
  artifactKey: Guid(5f633cfbe000d4a499cab8cc10feac2e) Importer(815301076,1909f56bfc062723c751e8b465ee728b)
Start importing Assets/External/Sci-Fi Sounds/Weapons/Weapon 05 Reload 2 (Laser).wav using Guid(5f633cfbe000d4a499cab8cc10feac2e) Importer(815301076,1909f56bfc062723c751e8b465ee728b)  -> (artifact id: '32ffa9892e8346e4aca8d3a21c46bb47') in 0.022735 seconds 
========================================================================
Received Import Request.
  Time since last request: 0.000053 seconds.
  path: Assets/External/Sci-Fi Sounds/Weapons/Weapon 09 Foley 1.wav
  artifactKey: Guid(8dd7dee94a2a0a14abd8334c8c5eb36d) Importer(815301076,1909f56bfc062723c751e8b465ee728b)
Start importing Assets/External/Sci-Fi Sounds/Weapons/Weapon 09 Foley 1.wav using Guid(8dd7dee94a2a0a14abd8334c8c5eb36d) Importer(815301076,1909f56bfc062723c751e8b465ee728b)  -> (artifact id: 'c9f6a830aa3642ff827c3edfe6d63000') in 0.023023 seconds 
Editor requested this worker to shutdown with reason: Scaling down because of idle timeout
AssetImportWorker is now disconnected from the server
Process exiting
Exiting without the bug reporter. Application will terminate with return code 0