Using pre-set license
Built from '2021.2/staging' branch; Version is '2021.2.6f1 (8c4e826ba445) revision 9195138'; Using compiler version '192829333'; Build Type 'Release'
OS: 'Windows 10  (10.0.19042) 64bit Core' Language: 'en' Physical Memory: 16282 MB
BatchMode: 1, IsHumanControllingUs: 0, StartBugReporterOnCrash: 0, Is64bit: 1, IsPro: 0

COMMAND LINE ARGUMENTS:
C:\Program Files\Unity\Hub\Editor\2021.2.6f1\Editor\Unity.exe
-adb2
-batchMode
-noUpm
-name
AssetImportWorker4
-projectPath
C:/Users/grant/UnityProjects/3D Metroidvania
-logFile
Logs/AssetImportWorker4.log
-srvPort
52074
Successfully changed project path to: C:/Users/grant/UnityProjects/3D Metroidvania
C:/Users/grant/UnityProjects/3D Metroidvania
[UnityMemory] Configuration Parameters - Can be set up in boot.config
    "memorysetup-bucket-allocator-granularity=16"
    "memorysetup-bucket-allocator-bucket-count=8"
    "memorysetup-bucket-allocator-block-size=33554432"
    "memorysetup-bucket-allocator-block-count=8"
    "memorysetup-main-allocator-block-size=16777216"
    "memorysetup-thread-allocator-block-size=16777216"
    "memorysetup-gfx-main-allocator-block-size=16777216"
    "memorysetup-gfx-thread-allocator-block-size=16777216"
    "memorysetup-cache-allocator-block-size=4194304"
    "memorysetup-typetree-allocator-block-size=2097152"
    "memorysetup-profiler-bucket-allocator-granularity=16"
    "memorysetup-profiler-bucket-allocator-bucket-count=8"
    "memorysetup-profiler-bucket-allocator-block-size=33554432"
    "memorysetup-profiler-bucket-allocator-block-count=8"
    "memorysetup-profiler-allocator-block-size=16777216"
    "memorysetup-profiler-editor-allocator-block-size=1048576"
    "memorysetup-temp-allocator-size-main=16777216"
    "memorysetup-job-temp-allocator-block-size=2097152"
    "memorysetup-job-temp-allocator-block-size-background=1048576"
    "memorysetup-job-temp-allocator-reduction-small-platforms=262144"
    "memorysetup-temp-allocator-size-background-worker=32768"
    "memorysetup-temp-allocator-size-job-worker=262144"
    "memorysetup-temp-allocator-size-preload-manager=33554432"
    "memorysetup-temp-allocator-size-nav-mesh-worker=65536"
    "memorysetup-temp-allocator-size-audio-worker=65536"
    "memorysetup-temp-allocator-size-cloud-worker=32768"
    "memorysetup-temp-allocator-size-gi-baking-worker=262144"
    "memorysetup-temp-allocator-size-gfx=262144"
Refreshing native plugins compatible for Editor in 89.37 ms, found 2 plugins.
Preloading 0 native plugins for Editor in 0.00 ms.
Initialize engine version: 2021.2.6f1 (8c4e826ba445)
[Subsystems] Discovering subsystems at path C:/Program Files/Unity/Hub/Editor/2021.2.6f1/Editor/Data/Resources/UnitySubsystems
[Subsystems] Discovering subsystems at path C:/Users/grant/UnityProjects/3D Metroidvania/Assets
GfxDevice: creating device client; threaded=0; jobified=0
Direct3D:
    Version:  Direct3D 11.0 [level 11.1]
    Renderer: NVIDIA GeForce RTX 2070 with Max-Q Design (ID=0x1f10)
    Vendor:   NVIDIA
    VRAM:     8031 MB
    Driver:   30.0.14.7196
Initialize mono
Mono path[0] = 'C:/Program Files/Unity/Hub/Editor/2021.2.6f1/Editor/Data/Managed'
Mono path[1] = 'C:/Program Files/Unity/Hub/Editor/2021.2.6f1/Editor/Data/MonoBleedingEdge/lib/mono/unityjit-win32'
Mono config path = 'C:/Program Files/Unity/Hub/Editor/2021.2.6f1/Editor/Data/MonoBleedingEdge/etc'
Using monoOptions --debugger-agent=transport=dt_socket,embedding=1,server=y,suspend=n,address=127.0.0.1:56328
Begin MonoManager ReloadAssembly
Registering precompiled unity dll's ...
Register platform support module: C:/Program Files/Unity/Hub/Editor/2021.2.6f1/Editor/Data/PlaybackEngines/WindowsStandaloneSupport/UnityEditor.WindowsStandalone.Extensions.dll
Registered in 0.007425 seconds.
Native extension for WindowsStandalone target not found
Refreshing native plugins compatible for Editor in 87.41 ms, found 2 plugins.
Preloading 0 native plugins for Editor in 0.00 ms.
Mono: successfully reloaded assembly
- Completed reload, in  0.664 seconds
Domain Reload Profiling:
	ReloadAssembly (665ms)
		BeginReloadAssembly (78ms)
			ExecutionOrderSort (0ms)
			DisableScriptedObjects (0ms)
			BackupInstance (0ms)
			ReleaseScriptingObjects (0ms)
			CreateAndSetChildDomain (1ms)
		EndReloadAssembly (503ms)
			LoadAssemblies (76ms)
			RebuildTransferFunctionScriptingTraits (0ms)
			SetupTypeCache (117ms)
			ReleaseScriptCaches (0ms)
			RebuildScriptCaches (29ms)
			SetupLoadedEditorAssemblies (300ms)
				LogAssemblyErrors (0ms)
				InitializePlatformSupportModulesInManaged (15ms)
				SetLoadedEditorAssemblies (0ms)
				RefreshPlugins (87ms)
				BeforeProcessingInitializeOnLoad (1ms)
				ProcessInitializeOnLoadAttributes (147ms)
				ProcessInitializeOnLoadMethodAttributes (48ms)
				AfterProcessingInitializeOnLoad (0ms)
				EditorAssembliesLoaded (0ms)
			ExecutionOrderSort2 (0ms)
			AwakeInstancesAfterBackupRestoration (0ms)
Platform modules already initialized, skipping
Registering precompiled user dll's ...
Registered in 0.006268 seconds.
Begin MonoManager ReloadAssembly
Native extension for WindowsStandalone target not found
Refreshing native plugins compatible for Editor in 96.25 ms, found 2 plugins.
Preloading 0 native plugins for Editor in 0.00 ms.
Mono: successfully reloaded assembly
- Completed reload, in  1.874 seconds
Domain Reload Profiling:
	ReloadAssembly (1874ms)
		BeginReloadAssembly (113ms)
			ExecutionOrderSort (0ms)
			DisableScriptedObjects (6ms)
			BackupInstance (0ms)
			ReleaseScriptingObjects (0ms)
			CreateAndSetChildDomain (21ms)
		EndReloadAssembly (1661ms)
			LoadAssemblies (84ms)
			RebuildTransferFunctionScriptingTraits (0ms)
			SetupTypeCache (245ms)
			ReleaseScriptCaches (1ms)
			RebuildScriptCaches (59ms)
			SetupLoadedEditorAssemblies (1224ms)
				LogAssemblyErrors (0ms)
				InitializePlatformSupportModulesInManaged (13ms)
				SetLoadedEditorAssemblies (0ms)
				RefreshPlugins (96ms)
				BeforeProcessingInitializeOnLoad (102ms)
				ProcessInitializeOnLoadAttributes (920ms)
				ProcessInitializeOnLoadMethodAttributes (82ms)
				AfterProcessingInitializeOnLoad (12ms)
				EditorAssembliesLoaded (0ms)
			ExecutionOrderSort2 (0ms)
			AwakeInstancesAfterBackupRestoration (8ms)
Platform modules already initialized, skipping
========================================================================
Worker process is ready to serve import requests
Launched and connected shader compiler UnityShaderCompiler.exe after 0.08 seconds
Refreshing native plugins compatible for Editor in 1.30 ms, found 2 plugins.
Preloading 0 native plugins for Editor in 0.00 ms.
Unloading 3852 Unused Serialized files (Serialized files now loaded: 0)
Unloading 127 unused Assets / (0.8 MB). Loaded Objects now: 4316.
Memory consumption went from 262.8 MB to 262.1 MB.
Total: 5.127900 ms (FindLiveObjects: 0.314800 ms CreateObjectMapping: 0.260100 ms MarkObjects: 3.932300 ms  DeleteObjects: 0.619000 ms)

AssetImportParameters requested are different than current active one (requested -> active):
  custom:video-decoder-ogg-theora: a1e56fd34408186e4bbccfd4996cb3dc -> 
  custom:container-muxer-webm: aa71ff27fc2769a1b78a27578f13a17b -> 
  custom:container-demuxer-webm: 4f35f7cbe854078d1ac9338744f61a02 -> 
  custom:video-encoder-webm-vp8: eb34c28f22e8b96e1ab97ce403110664 -> 
  custom:audio-encoder-webm-vorbis: bf7c407c2cedff20999df2af8eb42d56 -> 
  custom:framework-win-MediaFoundation: 216162199b28c13a410421893ffa2e32 -> 
  custom:container-demuxer-ogg: 62fdf1f143b41e24485cea50d1cbac27 -> 
  custom:video-decoder-webm-vp8: 9c59270c3fd7afecdb556c50c9e8de78 -> 
  custom:audio-decoder-ogg-vorbis: bf7c407c2cedff20999df2af8eb42d56 -> 
========================================================================
Received Import Request.
  Time since last request: 1178563.912307 seconds.
  path: Packages/com.unity.probuilder/Content/Resources/Materials/Collider.mat
  artifactKey: Guid(bbb235fff4f48426b863b36058ab66d2) Importer(815301076,1909f56bfc062723c751e8b465ee728b)
Start importing Packages/com.unity.probuilder/Content/Resources/Materials/Collider.mat using Guid(bbb235fff4f48426b863b36058ab66d2) Importer(815301076,1909f56bfc062723c751e8b465ee728b)  -> (artifact id: '18d391a3a318833001264e84a7a7ec5a') in 0.330800 seconds 
========================================================================
Received Import Request.
  Time since last request: 11.625045 seconds.
  path: Assets/External/Bit Gun/Model/Materials/black_gun.mat
  artifactKey: Guid(3a52ee6ca3f23de4db2fe46eb4282e67) Importer(815301076,1909f56bfc062723c751e8b465ee728b)
Start importing Assets/External/Bit Gun/Model/Materials/black_gun.mat using Guid(3a52ee6ca3f23de4db2fe46eb4282e67) Importer(815301076,1909f56bfc062723c751e8b465ee728b)  -> (artifact id: 'c81720df056566f4519ef727da48b9b2') in 0.043882 seconds 
========================================================================
Received Import Request.
  Time since last request: 3.944396 seconds.
  path: Assets/External/SciFiFacilitySector43/Materials/Caps_02.mat
  artifactKey: Guid(db538d740f13f744887cd738d332bfd5) Importer(815301076,1909f56bfc062723c751e8b465ee728b)
Start importing Assets/External/SciFiFacilitySector43/Materials/Caps_02.mat using Guid(db538d740f13f744887cd738d332bfd5) Importer(815301076,1909f56bfc062723c751e8b465ee728b)  -> (artifact id: 'c65a2a1faf1e0c1c3a732ef323f072a0') in 0.234496 seconds 
========================================================================
Received Import Request.
  Time since last request: 0.000055 seconds.
  path: Assets/External/SciFiFacilitySector43/Materials/Floor_02.mat
  artifactKey: Guid(f059b498d05fbb344ac948c6769fcea0) Importer(815301076,1909f56bfc062723c751e8b465ee728b)
Start importing Assets/External/SciFiFacilitySector43/Materials/Floor_02.mat using Guid(f059b498d05fbb344ac948c6769fcea0) Importer(815301076,1909f56bfc062723c751e8b465ee728b)  -> (artifact id: 'c3278d93e2abf71e376a089bbbd41665') in 0.173444 seconds 
========================================================================
Received Import Request.
  Time since last request: 0.000037 seconds.
  path: Assets/External/SciFiFacilitySector43/Materials/MainColor_5_Creme_WS.mat
  artifactKey: Guid(24f9ae4c83685d54388f3033d043a548) Importer(815301076,1909f56bfc062723c751e8b465ee728b)
Start importing Assets/External/SciFiFacilitySector43/Materials/MainColor_5_Creme_WS.mat using Guid(24f9ae4c83685d54388f3033d043a548) Importer(815301076,1909f56bfc062723c751e8b465ee728b)  -> (artifact id: '1782d5a2247f56509d94a26c905914f9') in 0.150230 seconds 
========================================================================
Received Import Request.
  Time since last request: 0.000029 seconds.
  path: Assets/External/SciFiFacilitySector43/Materials/MainColor_4_DarkBlue_WS.mat
  artifactKey: Guid(c8d4a238a21559c428aaf935c114f3f0) Importer(815301076,1909f56bfc062723c751e8b465ee728b)
Start importing Assets/External/SciFiFacilitySector43/Materials/MainColor_4_DarkBlue_WS.mat using Guid(c8d4a238a21559c428aaf935c114f3f0) Importer(815301076,1909f56bfc062723c751e8b465ee728b)  -> (artifact id: '8abcdc166f3ec9636eea2d167ee0dca7') in 0.128591 seconds 
========================================================================
Received Import Request.
  Time since last request: 0.000034 seconds.
  path: Assets/External/SciFiFacilitySector43/Materials/Floor_04.mat
  artifactKey: Guid(bf30a708f930bc34caef552b3fa254ca) Importer(815301076,1909f56bfc062723c751e8b465ee728b)
Start importing Assets/External/SciFiFacilitySector43/Materials/Floor_04.mat using Guid(bf30a708f930bc34caef552b3fa254ca) Importer(815301076,1909f56bfc062723c751e8b465ee728b)  -> (artifact id: '7b24b40b8cf330ef80520dba94ad2ec5') in 0.148135 seconds 
========================================================================
Received Import Request.
  Time since last request: 0.000032 seconds.
  path: Assets/External/SciFiFacilitySector43/Materials/Signs_3.mat
  artifactKey: Guid(c702f1ddad82bfe41a0420ac5daa63db) Importer(815301076,1909f56bfc062723c751e8b465ee728b)
Start importing Assets/External/SciFiFacilitySector43/Materials/Signs_3.mat using Guid(c702f1ddad82bfe41a0420ac5daa63db) Importer(815301076,1909f56bfc062723c751e8b465ee728b)  -> (artifact id: '4f85f1b75c74b91144691cbc18865da5') in 0.053159 seconds 
========================================================================
Received Import Request.
  Time since last request: 0.000027 seconds.
  path: Assets/External/SciFiFacilitySector43/Materials/MainColor_8_Red_WS.mat
  artifactKey: Guid(3f6cd3378f4e59c4fb28c5329e697f33) Importer(815301076,1909f56bfc062723c751e8b465ee728b)
Start importing Assets/External/SciFiFacilitySector43/Materials/MainColor_8_Red_WS.mat using Guid(3f6cd3378f4e59c4fb28c5329e697f33) Importer(815301076,1909f56bfc062723c751e8b465ee728b)  -> (artifact id: 'd355826db34302d2ef5aa4a9b8d0a867') in 0.130058 seconds 
========================================================================
Received Import Request.
  Time since last request: 0.000028 seconds.
  path: Assets/External/SciFiFacilitySector43/Materials/Floor_03.mat
  artifactKey: Guid(68c4fdd616305a9408f0d4e11fcdccf2) Importer(815301076,1909f56bfc062723c751e8b465ee728b)
Start importing Assets/External/SciFiFacilitySector43/Materials/Floor_03.mat using Guid(68c4fdd616305a9408f0d4e11fcdccf2) Importer(815301076,1909f56bfc062723c751e8b465ee728b)  -> (artifact id: 'c25256b88360c9a6cdf6b8cec368fc70') in 0.164616 seconds 
Editor requested this worker to shutdown with reason: Scaling down because of idle timeout
AssetImportWorker is now disconnected from the server
Process exiting
Exiting without the bug reporter. Application will terminate with return code 0